2022-11-25 15:33:30.136 | INFO     | modules.Project:EcopropSheraProPdf:167 - ----->>>创建 ecoprop_shera_pro_pdf
2022-11-25 15:33:33.411 | INFO     | modules.Project:EcopropSheraProPdf:172 - PDF创建成功=======>E:/新联国际/地产项目-C端/python/mixgo_py_pro/broke/25-11-2022 153330.pdf
2022-11-25 15:41:40.242 | INFO     | modules.Project:EcopropSheraProPdf:167 - ----->>>创建 ecoprop_shera_pro_pdf
2022-11-25 15:41:42.510 | INFO     | modules.Project:EcopropSheraProPdf:172 - PDF创建成功=======>E:/新联国际/地产项目-C端/python/mixgo_py_pro/broke/25-11-2022 154140.pdf
2022-11-25 15:42:50.140 | INFO     | modules.Project:EcopropSheraProPdf:167 - ----->>>创建 ecoprop_shera_pro_pdf
2022-11-25 15:42:51.982 | INFO     | modules.Project:EcopropSheraProPdf:172 - PDF创建成功=======>E:/新联国际/地产项目-C端/python/mixgo_py_pro/broke/25-11-2022 154250.pdf
2022-11-25 15:45:18.264 | INFO     | modules.Project:EcopropSheraProPdf:167 - ----->>>创建 ecoprop_shera_pro_pdf
2022-11-25 15:45:20.043 | INFO     | modules.Project:EcopropSheraProPdf:172 - PDF创建成功=======>E:/新联国际/地产项目-C端/python/mixgo_py_pro/broke/25-11-2022 154518.pdf
2022-11-25 15:45:45.289 | INFO     | modules.Project:EcopropSheraProPdf:167 - ----->>>创建 ecoprop_shera_pro_pdf
2022-11-25 15:45:47.095 | INFO     | modules.Project:EcopropSheraProPdf:172 - PDF创建成功=======>E:/新联国际/地产项目-C端/python/mixgo_py_pro/broke/25-11-2022 154545.pdf
2022-11-25 15:46:18.939 | INFO     | modules.Project:EcopropSheraProPdf:167 - ----->>>创建 ecoprop_shera_pro_pdf
2022-11-25 15:46:20.615 | INFO     | modules.Project:EcopropSheraProPdf:172 - PDF创建成功=======>E:/新联国际/地产项目-C端/python/mixgo_py_pro/broke/25-11-2022 154618.pdf
2022-11-25 15:46:42.341 | INFO     | modules.Project:EcopropSheraProPdf:167 - ----->>>创建 ecoprop_shera_pro_pdf
2022-11-25 15:46:44.186 | INFO     | modules.Project:EcopropSheraProPdf:172 - PDF创建成功=======>E:/新联国际/地产项目-C端/python/mixgo_py_pro/broke/25-11-2022 154642.pdf
2022-11-25 15:46:56.971 | INFO     | modules.Project:EcopropSheraProPdf:167 - ----->>>创建 ecoprop_shera_pro_pdf
2022-11-25 15:46:58.708 | INFO     | modules.Project:EcopropSheraProPdf:172 - PDF创建成功=======>E:/新联国际/地产项目-C端/python/mixgo_py_pro/broke/25-11-2022 154656.pdf
2022-11-25 15:47:36.334 | INFO     | modules.Project:EcopropSheraProPdf:167 - ----->>>创建 ecoprop_shera_pro_pdf
2022-11-25 15:47:38.118 | INFO     | modules.Project:EcopropSheraProPdf:172 - PDF创建成功=======>E:/新联国际/地产项目-C端/python/mixgo_py_pro/broke/25-11-2022 154736.pdf
2022-11-25 15:48:04.988 | INFO     | modules.Project:EcopropSheraProPdf:167 - ----->>>创建 ecoprop_shera_pro_pdf
2022-11-25 15:48:06.847 | INFO     | modules.Project:EcopropSheraProPdf:172 - PDF创建成功=======>E:/新联国际/地产项目-C端/python/mixgo_py_pro/broke/25-11-2022 154804.pdf
2022-11-25 15:48:46.475 | INFO     | modules.Project:EcopropSheraProPdf:167 - ----->>>创建 ecoprop_shera_pro_pdf
2022-11-25 15:48:48.337 | INFO     | modules.Project:EcopropSheraProPdf:172 - PDF创建成功=======>E:/新联国际/地产项目-C端/python/mixgo_py_pro/broke/25-11-2022 154846.pdf
2022-11-25 15:49:01.199 | INFO     | modules.Project:EcopropSheraProPdf:167 - ----->>>创建 ecoprop_shera_pro_pdf
2022-11-25 15:49:03.241 | INFO     | modules.Project:EcopropSheraProPdf:172 - PDF创建成功=======>E:/新联国际/地产项目-C端/python/mixgo_py_pro/broke/25-11-2022 154901.pdf
2022-11-25 15:49:42.127 | INFO     | modules.Project:EcopropSheraProPdf:167 - ----->>>创建 ecoprop_shera_pro_pdf
2022-11-25 15:49:45.156 | INFO     | modules.Project:EcopropSheraProPdf:172 - PDF创建成功=======>E:/新联国际/地产项目-C端/python/mixgo_py_pro/broke/25-11-2022 154942.pdf
2022-11-25 15:50:21.099 | INFO     | modules.Project:EcopropSheraProPdf:167 - ----->>>创建 ecoprop_shera_pro_pdf
2022-11-25 15:50:22.957 | INFO     | modules.Project:EcopropSheraProPdf:172 - PDF创建成功=======>E:/新联国际/地产项目-C端/python/mixgo_py_pro/broke/25-11-2022 155021.pdf
2022-11-25 15:50:42.690 | INFO     | modules.Project:EcopropSheraProPdf:167 - ----->>>创建 ecoprop_shera_pro_pdf
2022-11-25 15:50:44.622 | INFO     | modules.Project:EcopropSheraProPdf:172 - PDF创建成功=======>E:/新联国际/地产项目-C端/python/mixgo_py_pro/broke/25-11-2022 155042.pdf
2022-11-25 15:51:28.041 | INFO     | modules.Project:EcopropSheraProPdf:167 - ----->>>创建 ecoprop_shera_pro_pdf
2022-11-25 15:51:29.874 | INFO     | modules.Project:EcopropSheraProPdf:172 - PDF创建成功=======>E:/新联国际/地产项目-C端/python/mixgo_py_pro/broke/25-11-2022 155128.pdf
2022-11-25 15:51:48.350 | INFO     | modules.Project:EcopropSheraProPdf:167 - ----->>>创建 ecoprop_shera_pro_pdf
2022-11-25 15:51:50.110 | INFO     | modules.Project:EcopropSheraProPdf:172 - PDF创建成功=======>E:/新联国际/地产项目-C端/python/mixgo_py_pro/broke/25-11-2022 155148.pdf
2022-11-25 15:52:24.343 | INFO     | modules.Project:EcopropSheraProPdf:167 - ----->>>创建 ecoprop_shera_pro_pdf
2022-11-25 15:52:26.351 | INFO     | modules.Project:EcopropSheraProPdf:172 - PDF创建成功=======>E:/新联国际/地产项目-C端/python/mixgo_py_pro/broke/25-11-2022 155224.pdf
2022-11-25 15:54:23.499 | INFO     | modules.Project:EcopropSheraProPdf:167 - ----->>>创建 ecoprop_shera_pro_pdf
2022-11-25 15:54:25.730 | INFO     | modules.Project:EcopropSheraProPdf:172 - PDF创建成功=======>E:/新联国际/地产项目-C端/python/mixgo_py_pro/broke/25-11-2022 155423.pdf
2022-11-25 15:57:09.716 | INFO     | modules.Project:EcopropSheraProPdf:167 - ----->>>创建 ecoprop_shera_pro_pdf
2022-11-25 15:57:11.582 | INFO     | modules.Project:EcopropSheraProPdf:172 - PDF创建成功=======>E:/新联国际/地产项目-C端/python/mixgo_py_pro/broke/25-11-2022 155709.pdf
2022-11-25 17:03:05.004 | INFO     | modules.Project:EcopropSheraProPdf:167 - ----->>>创建 ecoprop_shera_pro_pdf
2022-11-25 17:03:08.532 | INFO     | modules.Project:EcopropSheraProPdf:172 - PDF创建成功=======>E:/新联国际/地产项目-C端/python/mixgo_py_pro/broke/25-11-2022 170305.pdf
2022-11-25 17:10:10.544 | INFO     | modules.Project:EcopropSheraProPdf:167 - ----->>>创建 ecoprop_shera_pro_pdf
2022-11-25 17:10:18.004 | INFO     | modules.Project:EcopropSheraProPdf:172 - PDF创建成功=======>E:/新联国际/地产项目-C端/python/mixgo_py_pro/broke/25-11-2022 171010.pdf
2022-11-25 17:11:45.374 | INFO     | modules.Project:EcopropSheraProPdf:167 - ----->>>创建 ecoprop_shera_pro_pdf
2022-11-25 17:11:47.461 | INFO     | modules.Project:EcopropSheraProPdf:172 - PDF创建成功=======>E:/新联国际/地产项目-C端/python/mixgo_py_pro/broke/25-11-2022 171145.pdf
2022-11-25 17:12:14.414 | INFO     | modules.Project:EcopropSheraProPdf:167 - ----->>>创建 ecoprop_shera_pro_pdf
2022-11-25 17:12:16.439 | INFO     | modules.Project:EcopropSheraProPdf:172 - PDF创建成功=======>E:/新联国际/地产项目-C端/python/mixgo_py_pro/broke/25-11-2022 171214.pdf
2022-11-25 17:13:07.598 | INFO     | modules.Project:EcopropSheraProPdf:167 - ----->>>创建 ecoprop_shera_pro_pdf
2022-11-25 17:13:09.807 | INFO     | modules.Project:EcopropSheraProPdf:172 - PDF创建成功=======>E:/新联国际/地产项目-C端/python/mixgo_py_pro/broke/25-11-2022 171307.pdf
2022-11-25 17:15:13.917 | INFO     | modules.Project:EcopropSheraProPdf:167 - ----->>>创建 ecoprop_shera_pro_pdf
2022-11-25 17:15:15.794 | INFO     | modules.Project:EcopropSheraProPdf:172 - PDF创建成功=======>E:/新联国际/地产项目-C端/python/mixgo_py_pro/broke/25-11-2022 171513.pdf
2022-11-25 17:17:21.991 | INFO     | modules.Project:EcopropSheraProPdf:167 - ----->>>创建 ecoprop_shera_pro_pdf
2022-11-25 17:17:23.928 | INFO     | modules.Project:EcopropSheraProPdf:172 - PDF创建成功=======>E:/新联国际/地产项目-C端/python/mixgo_py_pro/broke/25-11-2022 171721.pdf
2022-11-25 17:17:55.741 | INFO     | modules.Project:EcopropSheraProPdf:167 - ----->>>创建 ecoprop_shera_pro_pdf
2022-11-25 17:17:58.372 | INFO     | modules.Project:EcopropSheraProPdf:172 - PDF创建成功=======>E:/新联国际/地产项目-C端/python/mixgo_py_pro/broke/25-11-2022 171755.pdf
2022-11-25 17:18:38.340 | INFO     | modules.Project:EcopropSheraProPdf:167 - ----->>>创建 ecoprop_shera_pro_pdf
2022-11-25 17:18:40.859 | INFO     | modules.Project:EcopropSheraProPdf:172 - PDF创建成功=======>E:/新联国际/地产项目-C端/python/mixgo_py_pro/broke/25-11-2022 171838.pdf
2022-11-25 17:19:22.240 | INFO     | modules.Project:EcopropSheraProPdf:167 - ----->>>创建 ecoprop_shera_pro_pdf
2022-11-25 17:19:24.248 | INFO     | modules.Project:EcopropSheraProPdf:172 - PDF创建成功=======>E:/新联国际/地产项目-C端/python/mixgo_py_pro/broke/25-11-2022 171922.pdf
2022-11-25 17:20:52.417 | INFO     | modules.Project:EcopropSheraProPdf:167 - ----->>>创建 ecoprop_shera_pro_pdf
2022-11-25 17:20:54.422 | INFO     | modules.Project:EcopropSheraProPdf:172 - PDF创建成功=======>E:/新联国际/地产项目-C端/python/mixgo_py_pro/broke/25-11-2022 172052.pdf
2022-11-25 17:21:22.952 | INFO     | modules.Project:EcopropSheraProPdf:167 - ----->>>创建 ecoprop_shera_pro_pdf
2022-11-25 17:21:25.500 | INFO     | modules.Project:EcopropSheraProPdf:172 - PDF创建成功=======>E:/新联国际/地产项目-C端/python/mixgo_py_pro/broke/25-11-2022 172122.pdf
2022-11-25 17:48:55.423 | INFO     | modules.Project:EcopropSheraProPdf:167 - ----->>>创建 ecoprop_shera_pro_pdf
2022-11-25 17:48:58.839 | INFO     | modules.Project:EcopropSheraProPdf:172 - PDF创建成功=======>E:/新联国际/地产项目-C端/python/mixgo_py_pro/broke/25-11-2022 174855.pdf
2022-11-25 18:58:21.154 | INFO     | modules.Project:EcopropSheraProPdf:167 - ----->>>创建 ecoprop_shera_pro_pdf
2022-11-25 18:58:21.176 | INFO     | modules.Project:Shera_to_Pdf:1296 - /home/mixgo_py_pro/temp/ecoprop_pro_shera_temp.html/home/mixgo_py_pro/broke/home/mixgo_py_pro/broke/25-11-2022 185821.pdf
2022-11-25 18:58:56.450 | INFO     | modules.Project:EcopropSheraProPdf:167 - ----->>>创建 ecoprop_shera_pro_pdf
2022-11-25 18:58:56.453 | INFO     | modules.Project:Shera_to_Pdf:1296 - /home/mixgo_py_pro/temp/home/mixgo_py_pro/broke/home/mixgo_py_pro/broke/25-11-2022 185856.pdf
2022-11-25 18:58:56.454 | INFO     | modules.Project:Shera_to_Pdf:1299 - 1111111
2022-11-25 18:58:56.456 | INFO     | modules.Project:Shera_to_Pdf:1301 - 2222222
2022-11-25 18:59:26.169 | INFO     | modules.Project:EcopropSheraProPdf:167 - ----->>>创建 ecoprop_shera_pro_pdf
2022-11-25 18:59:26.172 | INFO     | modules.Project:Shera_to_Pdf:1296 - /home/mixgo_py_pro/temp/home/mixgo_py_pro/broke/home/mixgo_py_pro/broke/25-11-2022 185926.pdf
2022-11-25 18:59:26.174 | INFO     | modules.Project:Shera_to_Pdf:1299 - 1111111
2022-11-25 18:59:26.175 | INFO     | modules.Project:Shera_to_Pdf:1301 - 2222222
