2022-04-02 10:24:57.971 | INFO     | modules.Project:GetPndPdfPro:66 - 创建PDF,a77f72903ab244dc9d8f0daa6988efad
2022-04-02 10:24:59.396 | INFO     | modules.Project:MakePDF:138 - 项目信息查询成功--->>>projectId:a77f72903ab244dc9d8f0daa6988efad,agentId:02f84b66f27e4f899eb40e3abbfb007d,projectInfo:{'sold': 663, 'available': 394, 'currencySymbol': '$', 'unitsNum': '1057', 'url': None, 'brokeName': 'Oxley', 'mainImage': '/upload/broke/56d272c6dfbb421da06664083d0607d1/a77f72903ab244dc9d8f0daa6988efad/imgs/a77f72903ab244dc9d8f0daa6988efad.png', 'projectArea': 'OCR', 'district': 'D19', 'snapshotLogo': '/upload/broke/56d272c6dfbb421da06664083d0607d1/imgs/185ce7d06e4a4879bee03cd417702ad8.png', 'completionDate': '2024-12-31 00:00:00', 'projectName': 'Affinity at Serangoon', 'tenure': '99 Years', 'released': 0},unitInfo:[],agentInfo:{'agentId': '02f84b66f27e4f899eb40e3abbfb007d', 'regNum': 'ecoprop', 'mobile': '+65 96352958', 'logo': '/upload/broke/d379d488126c4abf9505367876588b57/mailPhoto/02f84b66f27e4f899eb40e3abbfb007d.png', 'agentName': 'Ken Chen', 'email': 'ken.chenh@audax.com.sg'}
2022-04-02 10:24:59.917 | INFO     | modules.Project:MakePDF:169 - 项目区域销售图查询成功--->>>[]
2022-04-02 10:25:00.138 | INFO     | modules.Project:MakePDF:178 - PDF文件页面图片查询成功--->>>[]
2022-04-02 10:25:00.804 | INFO     | modules.Project:MakePDF:186 - RCR查询成功--->>>{'region': 'RCR', 'signature': 'e9e46fafc05ac3c52b49f064ab38613c'}
2022-04-02 10:25:01.328 | INFO     | modules.Project:MakePDF:192 - CCR查询成功--->>>[{'sold': 66, 'projectArea': 'CCR', 'available': 321, 'projectName': '10 Evelyn', 'projectId': 'b4323957827046808662cfed12d9b211'}, {'sold': 0, 'projectArea': 'CCR', 'available': 0, 'projectName': '111 Emerald Hill 翡翠山', 'projectId': '0deb2829de6b4cb19977afdc7a8aed58'}, {'sold': 33, 'projectArea': 'CCR', 'available': 39, 'projectName': '120 Grange', 'projectId': '1dfacf929ad04a0ba9df03ac1d5ce3cc'}, {'sold': 95, 'projectArea': 'CCR', 'available': 97, 'projectName': '15 Holland Hill', 'projectId': 'f16ea0d153ec4a28ae85812cb1e81c17'}, {'sold': 12, 'projectArea': 'CCR', 'available': 112, 'projectName': '19 Nassim', 'projectId': '9aad9396786644839a97c36653a23285'}, {'sold': 126, 'projectArea': 'CCR', 'available': 133, 'projectName': '26 Newton', 'projectId': '3a4782498bdd46bfaf5a31d2a6c02776'}, {'sold': 125, 'projectArea': 'CCR', 'available': 140, 'projectName': '3 Cuscaden', 'projectId': '0d458a24bc644ed78b33755c1cb52823'}, {'sold': 291, 'projectArea': 'CCR', 'available': 484, 'projectName': '3 Orchard By-The-Park 乌节三翠林', 'projectId': '5bf7a4b2cb7a49959afc1422c13894c9'}, {'sold': 124, 'projectArea': 'CCR', 'available': 169, 'projectName': '35 Gilstead', 'projectId': 'ce4122dbf4bc4537bdde038f5164d542'}, {'sold': 0, 'projectArea': 'CCR', 'available': 0, 'projectName': '38 Jervois', 'projectId': '12da202e89ba46bf8fd77d16d8d04807'}]
2022-04-02 10:25:02.043 | INFO     | modules.Project:MakePDF:198 - OCR查询成功--->>>[{'sold': 65, 'projectArea': 'OCR', 'available': 106, 'projectName': '77 @ East Coast', 'projectId': 'cbcf3b56a26649d9ad2a0835eed7f880'}, {'sold': 2272, 'projectArea': 'OCR', 'available': 2429, 'projectName': 'Affinity at Serangoon', 'projectId': 'a77f72903ab244dc9d8f0daa6988efad'}, {'sold': 85, 'projectArea': 'OCR', 'available': 119, 'projectName': 'Belgravia Ace', 'projectId': '6527d3d2d1724fdc965f655766848e9e'}, {'sold': 2, 'projectArea': 'OCR', 'available': 2, 'projectName': 'Belgravia Green', 'projectId': '28aabcfe559e4df8a7260c58601a61dc'}, {'sold': 0, 'projectArea': 'OCR', 'available': 0, 'projectName': 'BluWaters 2', 'projectId': '4cc1f56d01094d22b50bf36cdab70703'}, {'sold': 0, 'projectArea': 'OCR', 'available': 0, 'projectName': 'Bukit 828', 'projectId': 'a06cad84ba784de1aaf77f7b29e88027'}, {'sold': 4, 'projectArea': 'OCR', 'available': 5, 'projectName': 'Burghley Drive', 'projectId': 'bae103696d324d8aaf621e6992ddd5f2'}, {'sold': 165, 'projectArea': 'OCR', 'available': 199, 'projectName': 'Casa Al Mare', 'projectId': 'ea0834f8f9894212897fee6bed3c98d9'}, {'sold': 8, 'projectArea': 'OCR', 'available': 13, 'projectName': 'Citrine Foodland', 'projectId': '57c40296d6474c88806a1fef94655fa4'}, {'sold': 3198, 'projectArea': 'OCR', 'available': 5908, 'projectName': 'Clavon 悦文荟', 'projectId': 'f405d432d7744e7faed81f0040f3c268'}]
2022-04-02 10:25:02.618 | INFO     | modules.Project:MakePDF:216 - ---------->>>文档创建
2022-04-02 10:25:03.765 | INFO     | modules.Project:MakePDF:243 - ============>> 1 page
2022-04-02 10:25:03.801 | INFO     | modules.Project:MakePDF:248 - ============>> 2 page
2022-04-02 10:25:04.671 | INFO     | modules.Project:MakePDF:324 - ============>> PROJECT SUMMARY
2022-04-02 10:25:05.038 | INFO     | modules.Project:MakePDF:338 - ============>> LOCATION HIGHLIGHT
2022-04-02 10:25:05.778 | INFO     | modules.Project:MakePDF:404 - ============>>Guide to Financial Wellness
2022-04-02 10:25:06.323 | INFO     | modules.Project:MakePDF:549 - ============>>PROGRESSIVE PAYMENT
2022-04-02 10:25:06.839 | INFO     | modules.Project:MakePDF:584 - ============>>10 page
2022-04-02 10:25:06.854 | INFO     | modules.Project:MakePDF:628 - ============>>transactionDate
2022-04-02 10:25:06.897 | INFO     | modules.Project:MakePDF:642 - ============>>Core Central Region (CCR)
2022-04-02 10:25:06.929 | INFO     | modules.Project:MakePDF:653 - ============>>Core Central Region (RCR)
2022-04-02 10:25:06.976 | INFO     | modules.Project:MakePDF:665 - ============>>Core Central Region (OCR)
2022-04-02 10:25:07.473 | INFO     | modules.Project:MakePDF:700 - ============>>add 17 page
2022-04-02 10:25:07.551 | INFO     | modules.Project:GetPndPdfPro:75 - PDF创建成功=======>E:\新联国际\地产项目-C端\python\mixgo_py_pro\02f84b66f27e4f899eb40e3abbfb007d\a77f72903ab244dc9d8f0daa6988efad.pdf
2022-04-02 10:35:05.069 | INFO     | modules.Project:GetPndPdfPro:66 - 创建PDF,227b5a5863fa4631875adcfb07b38cae
2022-04-02 10:35:05.369 | INFO     | modules.Project:MakePDF:138 - 项目信息查询成功--->>>projectId:227b5a5863fa4631875adcfb07b38cae,agentId:02f84b66f27e4f899eb40e3abbfb007d,projectInfo:{'sold': 0, 'available': 696, 'currencySymbol': '$', 'unitsNum': '696', 'url': None, 'brokeName': 'CDL', 'mainImage': '/upload/broke/2029c11d79004b5e915809fbd6e19f7b/227b5a5863fa4631875adcfb07b38cae/imgs/280898b9a6324cafb927c7317ba81e44.jpeg', 'projectArea': 'RCR', 'district': 'D06', 'snapshotLogo': '/upload/broke/2029c11d79004b5e915809fbd6e19f7b/imgs/06f64c6dc1834b53954fc84670899d57.png', 'completionDate': '2025-12-31 00:00:00', 'projectName': 'Canninghill Piers 康宁河湾', 'tenure': '99 Years', 'released': 0},unitInfo:[{'bedrooms': None, 'number': 4, 'price': 12800000.0}, {'bedrooms': 1, 'number': 11, 'price': 1485000.0}, {'bedrooms': 2, 'number': 23, 'price': 2226000.0}, {'bedrooms': 3, 'number': 19, 'price': 3136000.0}, {'bedrooms': 4, 'number': 24, 'price': 5309000.0}, {'bedrooms': 5, 'number': 14, 'price': 8326000.0}],agentInfo:{'agentId': '02f84b66f27e4f899eb40e3abbfb007d', 'regNum': 'ecoprop', 'mobile': '+65 96352958', 'logo': '/upload/broke/d379d488126c4abf9505367876588b57/mailPhoto/02f84b66f27e4f899eb40e3abbfb007d.png', 'agentName': 'Ken Chen', 'email': 'ken.chenh@audax.com.sg'}
2022-04-02 10:35:05.842 | INFO     | modules.Project:MakePDF:169 - 项目区域销售图查询成功--->>>[]
2022-04-02 10:35:06.080 | INFO     | modules.Project:MakePDF:178 - PDF文件页面图片查询成功--->>>[]
2022-04-02 10:35:06.746 | INFO     | modules.Project:MakePDF:186 - RCR查询成功--->>>{'region': 'RCR', 'signature': 'e9e46fafc05ac3c52b49f064ab38613c'}
2022-04-02 10:35:07.314 | INFO     | modules.Project:MakePDF:192 - CCR查询成功--->>>[{'sold': 66, 'projectArea': 'CCR', 'available': 321, 'projectName': '10 Evelyn', 'projectId': 'b4323957827046808662cfed12d9b211'}, {'sold': 0, 'projectArea': 'CCR', 'available': 0, 'projectName': '111 Emerald Hill 翡翠山', 'projectId': '0deb2829de6b4cb19977afdc7a8aed58'}, {'sold': 33, 'projectArea': 'CCR', 'available': 39, 'projectName': '120 Grange', 'projectId': '1dfacf929ad04a0ba9df03ac1d5ce3cc'}, {'sold': 95, 'projectArea': 'CCR', 'available': 97, 'projectName': '15 Holland Hill', 'projectId': 'f16ea0d153ec4a28ae85812cb1e81c17'}, {'sold': 12, 'projectArea': 'CCR', 'available': 112, 'projectName': '19 Nassim', 'projectId': '9aad9396786644839a97c36653a23285'}, {'sold': 126, 'projectArea': 'CCR', 'available': 133, 'projectName': '26 Newton', 'projectId': '3a4782498bdd46bfaf5a31d2a6c02776'}, {'sold': 125, 'projectArea': 'CCR', 'available': 140, 'projectName': '3 Cuscaden', 'projectId': '0d458a24bc644ed78b33755c1cb52823'}, {'sold': 291, 'projectArea': 'CCR', 'available': 484, 'projectName': '3 Orchard By-The-Park 乌节三翠林', 'projectId': '5bf7a4b2cb7a49959afc1422c13894c9'}, {'sold': 124, 'projectArea': 'CCR', 'available': 169, 'projectName': '35 Gilstead', 'projectId': 'ce4122dbf4bc4537bdde038f5164d542'}, {'sold': 0, 'projectArea': 'CCR', 'available': 0, 'projectName': '38 Jervois', 'projectId': '12da202e89ba46bf8fd77d16d8d04807'}]
2022-04-02 10:35:08.020 | INFO     | modules.Project:MakePDF:198 - OCR查询成功--->>>[{'sold': 65, 'projectArea': 'OCR', 'available': 106, 'projectName': '77 @ East Coast', 'projectId': 'cbcf3b56a26649d9ad2a0835eed7f880'}, {'sold': 2272, 'projectArea': 'OCR', 'available': 2429, 'projectName': 'Affinity at Serangoon', 'projectId': 'a77f72903ab244dc9d8f0daa6988efad'}, {'sold': 85, 'projectArea': 'OCR', 'available': 119, 'projectName': 'Belgravia Ace', 'projectId': '6527d3d2d1724fdc965f655766848e9e'}, {'sold': 2, 'projectArea': 'OCR', 'available': 2, 'projectName': 'Belgravia Green', 'projectId': '28aabcfe559e4df8a7260c58601a61dc'}, {'sold': 0, 'projectArea': 'OCR', 'available': 0, 'projectName': 'BluWaters 2', 'projectId': '4cc1f56d01094d22b50bf36cdab70703'}, {'sold': 0, 'projectArea': 'OCR', 'available': 0, 'projectName': 'Bukit 828', 'projectId': 'a06cad84ba784de1aaf77f7b29e88027'}, {'sold': 4, 'projectArea': 'OCR', 'available': 5, 'projectName': 'Burghley Drive', 'projectId': 'bae103696d324d8aaf621e6992ddd5f2'}, {'sold': 165, 'projectArea': 'OCR', 'available': 199, 'projectName': 'Casa Al Mare', 'projectId': 'ea0834f8f9894212897fee6bed3c98d9'}, {'sold': 8, 'projectArea': 'OCR', 'available': 13, 'projectName': 'Citrine Foodland', 'projectId': '57c40296d6474c88806a1fef94655fa4'}, {'sold': 3198, 'projectArea': 'OCR', 'available': 5908, 'projectName': 'Clavon 悦文荟', 'projectId': 'f405d432d7744e7faed81f0040f3c268'}]
2022-04-02 10:35:08.291 | INFO     | modules.Project:MakePDF:216 - ---------->>>文档创建
2022-04-02 10:35:09.665 | INFO     | modules.Project:MakePDF:243 - ============>> 1 page
2022-04-02 10:35:09.669 | INFO     | modules.Project:MakePDF:248 - ============>> 2 page
2022-04-02 10:35:10.332 | INFO     | modules.Project:MakePDF:324 - ============>> PROJECT SUMMARY
2022-04-02 10:35:10.686 | INFO     | modules.Project:MakePDF:338 - ============>> LOCATION HIGHLIGHT
2022-04-02 10:35:11.299 | INFO     | modules.Project:MakePDF:404 - ============>>Guide to Financial Wellness
2022-04-02 10:35:12.553 | INFO     | modules.Project:MakePDF:549 - ============>>PROGRESSIVE PAYMENT
2022-04-02 10:35:13.080 | INFO     | modules.Project:MakePDF:584 - ============>>10 page
2022-04-02 10:35:13.086 | INFO     | modules.Project:MakePDF:628 - ============>>transactionDate
2022-04-02 10:35:13.119 | INFO     | modules.Project:MakePDF:642 - ============>>Core Central Region (CCR)
2022-04-02 10:35:13.148 | INFO     | modules.Project:MakePDF:653 - ============>>Core Central Region (RCR)
2022-04-02 10:35:13.194 | INFO     | modules.Project:MakePDF:665 - ============>>Core Central Region (OCR)
2022-04-02 10:35:13.714 | INFO     | modules.Project:MakePDF:700 - ============>>add 17 page
2022-04-02 10:35:13.781 | INFO     | modules.Project:GetPndPdfPro:75 - PDF创建成功=======>E:\新联国际\地产项目-C端\python\mixgo_py_pro\02f84b66f27e4f899eb40e3abbfb007d\227b5a5863fa4631875adcfb07b38cae.pdf
2022-04-02 10:35:58.110 | INFO     | modules.Project:GetPndPdfPro:66 - 创建PDF,227b5a5863fa4631875adcfb07b38cae
2022-04-02 10:35:58.408 | INFO     | modules.Project:MakePDF:138 - 项目信息查询成功--->>>projectId:227b5a5863fa4631875adcfb07b38cae,agentId:02f84b66f27e4f899eb40e3abbfb007d,projectInfo:{'sold': 0, 'available': 696, 'currencySymbol': '$', 'unitsNum': '696', 'url': None, 'brokeName': 'CDL', 'mainImage': '/upload/broke/2029c11d79004b5e915809fbd6e19f7b/227b5a5863fa4631875adcfb07b38cae/imgs/280898b9a6324cafb927c7317ba81e44.jpeg', 'projectArea': 'RCR', 'district': 'D06', 'snapshotLogo': '/upload/broke/2029c11d79004b5e915809fbd6e19f7b/imgs/06f64c6dc1834b53954fc84670899d57.png', 'completionDate': '2025-12-31 00:00:00', 'projectName': 'Canninghill Piers 康宁河湾', 'tenure': '99 Years', 'released': 0},unitInfo:[{'bedrooms': None, 'number': 4, 'price': 12800000.0}, {'bedrooms': 1, 'number': 11, 'price': 1485000.0}, {'bedrooms': 2, 'number': 23, 'price': 2226000.0}, {'bedrooms': 3, 'number': 19, 'price': 3136000.0}, {'bedrooms': 4, 'number': 24, 'price': 5309000.0}, {'bedrooms': 5, 'number': 14, 'price': 8326000.0}],agentInfo:{'agentId': '02f84b66f27e4f899eb40e3abbfb007d', 'regNum': 'ecoprop', 'mobile': '+65 96352958', 'logo': '/upload/broke/d379d488126c4abf9505367876588b57/mailPhoto/02f84b66f27e4f899eb40e3abbfb007d.png', 'agentName': 'Ken Chen', 'email': 'ken.chenh@audax.com.sg'}
2022-04-02 10:35:58.938 | INFO     | modules.Project:MakePDF:169 - 项目区域销售图查询成功--->>>[]
2022-04-02 10:35:59.168 | INFO     | modules.Project:MakePDF:178 - PDF文件页面图片查询成功--->>>[]
2022-04-02 10:35:59.828 | INFO     | modules.Project:MakePDF:186 - RCR查询成功--->>>{'region': 'RCR', 'signature': 'e9e46fafc05ac3c52b49f064ab38613c'}
2022-04-02 10:36:00.338 | INFO     | modules.Project:MakePDF:192 - CCR查询成功--->>>[{'sold': 66, 'projectArea': 'CCR', 'available': 321, 'projectName': '10 Evelyn', 'projectId': 'b4323957827046808662cfed12d9b211'}, {'sold': 0, 'projectArea': 'CCR', 'available': 0, 'projectName': '111 Emerald Hill 翡翠山', 'projectId': '0deb2829de6b4cb19977afdc7a8aed58'}, {'sold': 33, 'projectArea': 'CCR', 'available': 39, 'projectName': '120 Grange', 'projectId': '1dfacf929ad04a0ba9df03ac1d5ce3cc'}, {'sold': 95, 'projectArea': 'CCR', 'available': 97, 'projectName': '15 Holland Hill', 'projectId': 'f16ea0d153ec4a28ae85812cb1e81c17'}, {'sold': 12, 'projectArea': 'CCR', 'available': 112, 'projectName': '19 Nassim', 'projectId': '9aad9396786644839a97c36653a23285'}, {'sold': 126, 'projectArea': 'CCR', 'available': 133, 'projectName': '26 Newton', 'projectId': '3a4782498bdd46bfaf5a31d2a6c02776'}, {'sold': 125, 'projectArea': 'CCR', 'available': 140, 'projectName': '3 Cuscaden', 'projectId': '0d458a24bc644ed78b33755c1cb52823'}, {'sold': 291, 'projectArea': 'CCR', 'available': 484, 'projectName': '3 Orchard By-The-Park 乌节三翠林', 'projectId': '5bf7a4b2cb7a49959afc1422c13894c9'}, {'sold': 124, 'projectArea': 'CCR', 'available': 169, 'projectName': '35 Gilstead', 'projectId': 'ce4122dbf4bc4537bdde038f5164d542'}, {'sold': 0, 'projectArea': 'CCR', 'available': 0, 'projectName': '38 Jervois', 'projectId': '12da202e89ba46bf8fd77d16d8d04807'}]
2022-04-02 10:36:01.050 | INFO     | modules.Project:MakePDF:198 - OCR查询成功--->>>[{'sold': 65, 'projectArea': 'OCR', 'available': 106, 'projectName': '77 @ East Coast', 'projectId': 'cbcf3b56a26649d9ad2a0835eed7f880'}, {'sold': 2272, 'projectArea': 'OCR', 'available': 2429, 'projectName': 'Affinity at Serangoon', 'projectId': 'a77f72903ab244dc9d8f0daa6988efad'}, {'sold': 85, 'projectArea': 'OCR', 'available': 119, 'projectName': 'Belgravia Ace', 'projectId': '6527d3d2d1724fdc965f655766848e9e'}, {'sold': 2, 'projectArea': 'OCR', 'available': 2, 'projectName': 'Belgravia Green', 'projectId': '28aabcfe559e4df8a7260c58601a61dc'}, {'sold': 0, 'projectArea': 'OCR', 'available': 0, 'projectName': 'BluWaters 2', 'projectId': '4cc1f56d01094d22b50bf36cdab70703'}, {'sold': 0, 'projectArea': 'OCR', 'available': 0, 'projectName': 'Bukit 828', 'projectId': 'a06cad84ba784de1aaf77f7b29e88027'}, {'sold': 4, 'projectArea': 'OCR', 'available': 5, 'projectName': 'Burghley Drive', 'projectId': 'bae103696d324d8aaf621e6992ddd5f2'}, {'sold': 165, 'projectArea': 'OCR', 'available': 199, 'projectName': 'Casa Al Mare', 'projectId': 'ea0834f8f9894212897fee6bed3c98d9'}, {'sold': 8, 'projectArea': 'OCR', 'available': 13, 'projectName': 'Citrine Foodland', 'projectId': '57c40296d6474c88806a1fef94655fa4'}, {'sold': 3198, 'projectArea': 'OCR', 'available': 5908, 'projectName': 'Clavon 悦文荟', 'projectId': 'f405d432d7744e7faed81f0040f3c268'}]
2022-04-02 10:36:01.431 | INFO     | modules.Project:MakePDF:216 - ---------->>>文档创建
2022-04-02 10:36:02.157 | INFO     | modules.Project:MakePDF:243 - ============>> 1 page
2022-04-02 10:36:02.159 | INFO     | modules.Project:MakePDF:248 - ============>> 2 page
2022-04-02 10:36:02.821 | INFO     | modules.Project:MakePDF:324 - ============>> PROJECT SUMMARY
2022-04-02 10:36:03.245 | INFO     | modules.Project:MakePDF:338 - ============>> LOCATION HIGHLIGHT
2022-04-02 10:36:03.895 | INFO     | modules.Project:MakePDF:404 - ============>>Guide to Financial Wellness
2022-04-02 10:36:04.386 | INFO     | modules.Project:MakePDF:549 - ============>>PROGRESSIVE PAYMENT
2022-04-02 10:36:04.893 | INFO     | modules.Project:MakePDF:584 - ============>>10 page
2022-04-02 10:36:04.899 | INFO     | modules.Project:MakePDF:628 - ============>>transactionDate
2022-04-02 10:36:04.926 | INFO     | modules.Project:MakePDF:642 - ============>>Core Central Region (CCR)
2022-04-02 10:36:04.971 | INFO     | modules.Project:MakePDF:653 - ============>>Core Central Region (RCR)
2022-04-02 10:36:05.022 | INFO     | modules.Project:MakePDF:665 - ============>>Core Central Region (OCR)
2022-04-02 10:36:05.549 | INFO     | modules.Project:MakePDF:700 - ============>>add 17 page
2022-04-02 10:36:05.628 | INFO     | modules.Project:GetPndPdfPro:75 - PDF创建成功=======>E:\新联国际\地产项目-C端\python\mixgo_py_pro\02f84b66f27e4f899eb40e3abbfb007d\227b5a5863fa4631875adcfb07b38cae.pdf
2022-04-02 10:37:00.039 | INFO     | modules.Project:GetPndPdfPro:66 - 创建PDF,227b5a5863fa4631875adcfb07b38cae
2022-04-02 10:37:00.339 | INFO     | modules.Project:MakePDF:138 - 项目信息查询成功--->>>projectId:227b5a5863fa4631875adcfb07b38cae,agentId:02f84b66f27e4f899eb40e3abbfb007d,projectInfo:{'sold': 0, 'available': 696, 'currencySymbol': '$', 'unitsNum': '696', 'url': None, 'brokeName': 'CDL', 'mainImage': '/upload/broke/2029c11d79004b5e915809fbd6e19f7b/227b5a5863fa4631875adcfb07b38cae/imgs/280898b9a6324cafb927c7317ba81e44.jpeg', 'projectArea': 'RCR', 'district': 'D06', 'snapshotLogo': '/upload/broke/2029c11d79004b5e915809fbd6e19f7b/imgs/06f64c6dc1834b53954fc84670899d57.png', 'completionDate': '2025-12-31 00:00:00', 'projectName': 'Canninghill Piers 康宁河湾', 'tenure': '99 Years', 'released': 0},unitInfo:[{'bedrooms': None, 'number': 4, 'price': 12800000.0}, {'bedrooms': 1, 'number': 11, 'price': 1485000.0}, {'bedrooms': 2, 'number': 23, 'price': 2226000.0}, {'bedrooms': 3, 'number': 19, 'price': 3136000.0}, {'bedrooms': 4, 'number': 24, 'price': 5309000.0}, {'bedrooms': 5, 'number': 14, 'price': 8326000.0}],agentInfo:{'agentId': '02f84b66f27e4f899eb40e3abbfb007d', 'regNum': 'ecoprop', 'mobile': '+65 96352958', 'logo': '/upload/broke/d379d488126c4abf9505367876588b57/mailPhoto/02f84b66f27e4f899eb40e3abbfb007d.png', 'agentName': 'Ken Chen', 'email': 'ken.chenh@audax.com.sg'}
2022-04-02 10:37:00.796 | INFO     | modules.Project:MakePDF:169 - 项目区域销售图查询成功--->>>[]
2022-04-02 10:37:01.034 | INFO     | modules.Project:MakePDF:178 - PDF文件页面图片查询成功--->>>[]
2022-04-02 10:37:01.705 | INFO     | modules.Project:MakePDF:186 - RCR查询成功--->>>{'region': 'RCR', 'signature': 'e9e46fafc05ac3c52b49f064ab38613c'}
2022-04-02 10:37:02.269 | INFO     | modules.Project:MakePDF:192 - CCR查询成功--->>>[{'sold': 66, 'projectArea': 'CCR', 'available': 321, 'projectName': '10 Evelyn', 'projectId': 'b4323957827046808662cfed12d9b211'}, {'sold': 0, 'projectArea': 'CCR', 'available': 0, 'projectName': '111 Emerald Hill 翡翠山', 'projectId': '0deb2829de6b4cb19977afdc7a8aed58'}, {'sold': 33, 'projectArea': 'CCR', 'available': 39, 'projectName': '120 Grange', 'projectId': '1dfacf929ad04a0ba9df03ac1d5ce3cc'}, {'sold': 95, 'projectArea': 'CCR', 'available': 97, 'projectName': '15 Holland Hill', 'projectId': 'f16ea0d153ec4a28ae85812cb1e81c17'}, {'sold': 12, 'projectArea': 'CCR', 'available': 112, 'projectName': '19 Nassim', 'projectId': '9aad9396786644839a97c36653a23285'}, {'sold': 126, 'projectArea': 'CCR', 'available': 133, 'projectName': '26 Newton', 'projectId': '3a4782498bdd46bfaf5a31d2a6c02776'}, {'sold': 125, 'projectArea': 'CCR', 'available': 140, 'projectName': '3 Cuscaden', 'projectId': '0d458a24bc644ed78b33755c1cb52823'}, {'sold': 291, 'projectArea': 'CCR', 'available': 484, 'projectName': '3 Orchard By-The-Park 乌节三翠林', 'projectId': '5bf7a4b2cb7a49959afc1422c13894c9'}, {'sold': 124, 'projectArea': 'CCR', 'available': 169, 'projectName': '35 Gilstead', 'projectId': 'ce4122dbf4bc4537bdde038f5164d542'}, {'sold': 0, 'projectArea': 'CCR', 'available': 0, 'projectName': '38 Jervois', 'projectId': '12da202e89ba46bf8fd77d16d8d04807'}]
2022-04-02 10:37:02.978 | INFO     | modules.Project:MakePDF:198 - OCR查询成功--->>>[{'sold': 65, 'projectArea': 'OCR', 'available': 106, 'projectName': '77 @ East Coast', 'projectId': 'cbcf3b56a26649d9ad2a0835eed7f880'}, {'sold': 2272, 'projectArea': 'OCR', 'available': 2429, 'projectName': 'Affinity at Serangoon', 'projectId': 'a77f72903ab244dc9d8f0daa6988efad'}, {'sold': 85, 'projectArea': 'OCR', 'available': 119, 'projectName': 'Belgravia Ace', 'projectId': '6527d3d2d1724fdc965f655766848e9e'}, {'sold': 2, 'projectArea': 'OCR', 'available': 2, 'projectName': 'Belgravia Green', 'projectId': '28aabcfe559e4df8a7260c58601a61dc'}, {'sold': 0, 'projectArea': 'OCR', 'available': 0, 'projectName': 'BluWaters 2', 'projectId': '4cc1f56d01094d22b50bf36cdab70703'}, {'sold': 0, 'projectArea': 'OCR', 'available': 0, 'projectName': 'Bukit 828', 'projectId': 'a06cad84ba784de1aaf77f7b29e88027'}, {'sold': 4, 'projectArea': 'OCR', 'available': 5, 'projectName': 'Burghley Drive', 'projectId': 'bae103696d324d8aaf621e6992ddd5f2'}, {'sold': 165, 'projectArea': 'OCR', 'available': 199, 'projectName': 'Casa Al Mare', 'projectId': 'ea0834f8f9894212897fee6bed3c98d9'}, {'sold': 8, 'projectArea': 'OCR', 'available': 13, 'projectName': 'Citrine Foodland', 'projectId': '57c40296d6474c88806a1fef94655fa4'}, {'sold': 3198, 'projectArea': 'OCR', 'available': 5908, 'projectName': 'Clavon 悦文荟', 'projectId': 'f405d432d7744e7faed81f0040f3c268'}]
2022-04-02 10:37:03.231 | INFO     | modules.Project:MakePDF:216 - ---------->>>文档创建
2022-04-02 10:37:03.843 | INFO     | modules.Project:MakePDF:243 - ============>> 1 page
2022-04-02 10:37:03.847 | INFO     | modules.Project:MakePDF:248 - ============>> 2 page
2022-04-02 10:37:04.583 | INFO     | modules.Project:MakePDF:324 - ============>> PROJECT SUMMARY
2022-04-02 10:37:05.002 | INFO     | modules.Project:MakePDF:338 - ============>> LOCATION HIGHLIGHT
2022-04-02 10:37:05.656 | INFO     | modules.Project:MakePDF:404 - ============>>Guide to Financial Wellness
2022-04-02 10:37:06.803 | INFO     | modules.Project:MakePDF:549 - ============>>PROGRESSIVE PAYMENT
2022-04-02 10:37:08.014 | INFO     | modules.Project:MakePDF:584 - ============>>10 page
2022-04-02 10:37:08.019 | INFO     | modules.Project:MakePDF:628 - ============>>transactionDate
2022-04-02 10:37:08.047 | INFO     | modules.Project:MakePDF:642 - ============>>Core Central Region (CCR)
2022-04-02 10:37:08.083 | INFO     | modules.Project:MakePDF:653 - ============>>Core Central Region (RCR)
2022-04-02 10:37:08.136 | INFO     | modules.Project:MakePDF:665 - ============>>Core Central Region (OCR)
2022-04-02 10:37:09.275 | INFO     | modules.Project:MakePDF:700 - ============>>add 17 page
2022-04-02 10:37:09.334 | INFO     | modules.Project:GetPndPdfPro:75 - PDF创建成功=======>E:\新联国际\地产项目-C端\python\mixgo_py_pro\02f84b66f27e4f899eb40e3abbfb007d\227b5a5863fa4631875adcfb07b38cae.pdf
2022-04-02 10:37:28.827 | INFO     | modules.Project:GetPndPdfPro:66 - 创建PDF,227b5a5863fa4631875adcfb07b38cae
2022-04-02 10:37:29.118 | INFO     | modules.Project:MakePDF:138 - 项目信息查询成功--->>>projectId:227b5a5863fa4631875adcfb07b38cae,agentId:02f84b66f27e4f899eb40e3abbfb007d,projectInfo:{'sold': 0, 'available': 696, 'currencySymbol': '$', 'unitsNum': '696', 'url': None, 'brokeName': 'CDL', 'mainImage': '/upload/broke/2029c11d79004b5e915809fbd6e19f7b/227b5a5863fa4631875adcfb07b38cae/imgs/280898b9a6324cafb927c7317ba81e44.jpeg', 'projectArea': 'RCR', 'district': 'D06', 'snapshotLogo': '/upload/broke/2029c11d79004b5e915809fbd6e19f7b/imgs/06f64c6dc1834b53954fc84670899d57.png', 'completionDate': '2025-12-31 00:00:00', 'projectName': 'Canninghill Piers 康宁河湾', 'tenure': '99 Years', 'released': 0},unitInfo:[{'bedrooms': None, 'number': 4, 'price': 12800000.0}, {'bedrooms': 1, 'number': 11, 'price': 1485000.0}, {'bedrooms': 2, 'number': 23, 'price': 2226000.0}, {'bedrooms': 3, 'number': 19, 'price': 3136000.0}, {'bedrooms': 4, 'number': 24, 'price': 5309000.0}, {'bedrooms': 5, 'number': 14, 'price': 8326000.0}],agentInfo:{'agentId': '02f84b66f27e4f899eb40e3abbfb007d', 'regNum': 'ecoprop', 'mobile': '+65 96352958', 'logo': '/upload/broke/d379d488126c4abf9505367876588b57/mailPhoto/02f84b66f27e4f899eb40e3abbfb007d.png', 'agentName': 'Ken Chen', 'email': 'ken.chenh@audax.com.sg'}
2022-04-02 10:37:29.591 | INFO     | modules.Project:MakePDF:169 - 项目区域销售图查询成功--->>>[]
2022-04-02 10:37:29.832 | INFO     | modules.Project:MakePDF:178 - PDF文件页面图片查询成功--->>>[]
2022-04-02 10:37:30.496 | INFO     | modules.Project:MakePDF:186 - RCR查询成功--->>>{'region': 'RCR', 'signature': 'e9e46fafc05ac3c52b49f064ab38613c'}
2022-04-02 10:37:31.015 | INFO     | modules.Project:MakePDF:192 - CCR查询成功--->>>[{'sold': 66, 'projectArea': 'CCR', 'available': 321, 'projectName': '10 Evelyn', 'projectId': 'b4323957827046808662cfed12d9b211'}, {'sold': 0, 'projectArea': 'CCR', 'available': 0, 'projectName': '111 Emerald Hill 翡翠山', 'projectId': '0deb2829de6b4cb19977afdc7a8aed58'}, {'sold': 33, 'projectArea': 'CCR', 'available': 39, 'projectName': '120 Grange', 'projectId': '1dfacf929ad04a0ba9df03ac1d5ce3cc'}, {'sold': 95, 'projectArea': 'CCR', 'available': 97, 'projectName': '15 Holland Hill', 'projectId': 'f16ea0d153ec4a28ae85812cb1e81c17'}, {'sold': 12, 'projectArea': 'CCR', 'available': 112, 'projectName': '19 Nassim', 'projectId': '9aad9396786644839a97c36653a23285'}, {'sold': 126, 'projectArea': 'CCR', 'available': 133, 'projectName': '26 Newton', 'projectId': '3a4782498bdd46bfaf5a31d2a6c02776'}, {'sold': 125, 'projectArea': 'CCR', 'available': 140, 'projectName': '3 Cuscaden', 'projectId': '0d458a24bc644ed78b33755c1cb52823'}, {'sold': 291, 'projectArea': 'CCR', 'available': 484, 'projectName': '3 Orchard By-The-Park 乌节三翠林', 'projectId': '5bf7a4b2cb7a49959afc1422c13894c9'}, {'sold': 124, 'projectArea': 'CCR', 'available': 169, 'projectName': '35 Gilstead', 'projectId': 'ce4122dbf4bc4537bdde038f5164d542'}, {'sold': 0, 'projectArea': 'CCR', 'available': 0, 'projectName': '38 Jervois', 'projectId': '12da202e89ba46bf8fd77d16d8d04807'}]
2022-04-02 10:37:31.677 | INFO     | modules.Project:MakePDF:198 - OCR查询成功--->>>[{'sold': 65, 'projectArea': 'OCR', 'available': 106, 'projectName': '77 @ East Coast', 'projectId': 'cbcf3b56a26649d9ad2a0835eed7f880'}, {'sold': 2272, 'projectArea': 'OCR', 'available': 2429, 'projectName': 'Affinity at Serangoon', 'projectId': 'a77f72903ab244dc9d8f0daa6988efad'}, {'sold': 85, 'projectArea': 'OCR', 'available': 119, 'projectName': 'Belgravia Ace', 'projectId': '6527d3d2d1724fdc965f655766848e9e'}, {'sold': 2, 'projectArea': 'OCR', 'available': 2, 'projectName': 'Belgravia Green', 'projectId': '28aabcfe559e4df8a7260c58601a61dc'}, {'sold': 0, 'projectArea': 'OCR', 'available': 0, 'projectName': 'BluWaters 2', 'projectId': '4cc1f56d01094d22b50bf36cdab70703'}, {'sold': 0, 'projectArea': 'OCR', 'available': 0, 'projectName': 'Bukit 828', 'projectId': 'a06cad84ba784de1aaf77f7b29e88027'}, {'sold': 4, 'projectArea': 'OCR', 'available': 5, 'projectName': 'Burghley Drive', 'projectId': 'bae103696d324d8aaf621e6992ddd5f2'}, {'sold': 165, 'projectArea': 'OCR', 'available': 199, 'projectName': 'Casa Al Mare', 'projectId': 'ea0834f8f9894212897fee6bed3c98d9'}, {'sold': 8, 'projectArea': 'OCR', 'available': 13, 'projectName': 'Citrine Foodland', 'projectId': '57c40296d6474c88806a1fef94655fa4'}, {'sold': 3198, 'projectArea': 'OCR', 'available': 5908, 'projectName': 'Clavon 悦文荟', 'projectId': 'f405d432d7744e7faed81f0040f3c268'}]
2022-04-02 10:37:31.962 | INFO     | modules.Project:MakePDF:216 - ---------->>>文档创建
2022-04-02 10:37:32.625 | INFO     | modules.Project:MakePDF:243 - ============>> 1 page
2022-04-02 10:37:32.629 | INFO     | modules.Project:MakePDF:248 - ============>> 2 page
2022-04-02 10:37:33.355 | INFO     | modules.Project:MakePDF:324 - ============>> PROJECT SUMMARY
2022-04-02 10:37:33.752 | INFO     | modules.Project:MakePDF:338 - ============>> LOCATION HIGHLIGHT
2022-04-02 10:37:34.635 | INFO     | modules.Project:MakePDF:404 - ============>>Guide to Financial Wellness
2022-04-02 10:37:35.114 | INFO     | modules.Project:MakePDF:549 - ============>>PROGRESSIVE PAYMENT
2022-04-02 10:37:35.621 | INFO     | modules.Project:MakePDF:584 - ============>>10 page
2022-04-02 10:37:35.626 | INFO     | modules.Project:MakePDF:628 - ============>>transactionDate
2022-04-02 10:37:35.659 | INFO     | modules.Project:MakePDF:642 - ============>>Core Central Region (CCR)
2022-04-02 10:37:35.694 | INFO     | modules.Project:MakePDF:653 - ============>>Core Central Region (RCR)
2022-04-02 10:37:35.749 | INFO     | modules.Project:MakePDF:665 - ============>>Core Central Region (OCR)
2022-04-02 10:37:37.082 | INFO     | modules.Project:MakePDF:700 - ============>>add 17 page
2022-04-02 10:37:37.171 | INFO     | modules.Project:GetPndPdfPro:75 - PDF创建成功=======>E:\新联国际\地产项目-C端\python\mixgo_py_pro\02f84b66f27e4f899eb40e3abbfb007d\227b5a5863fa4631875adcfb07b38cae.pdf
2022-04-02 10:37:49.850 | INFO     | modules.Project:GetPndPdfPro:66 - 创建PDF,227b5a5863fa4631875adcfb07b38cae
2022-04-02 10:37:50.163 | INFO     | modules.Project:MakePDF:138 - 项目信息查询成功--->>>projectId:227b5a5863fa4631875adcfb07b38cae,agentId:02f84b66f27e4f899eb40e3abbfb007d,projectInfo:{'sold': 0, 'available': 696, 'currencySymbol': '$', 'unitsNum': '696', 'url': None, 'brokeName': 'CDL', 'mainImage': '/upload/broke/2029c11d79004b5e915809fbd6e19f7b/227b5a5863fa4631875adcfb07b38cae/imgs/280898b9a6324cafb927c7317ba81e44.jpeg', 'projectArea': 'RCR', 'district': 'D06', 'snapshotLogo': '/upload/broke/2029c11d79004b5e915809fbd6e19f7b/imgs/06f64c6dc1834b53954fc84670899d57.png', 'completionDate': '2025-12-31 00:00:00', 'projectName': 'Canninghill Piers 康宁河湾', 'tenure': '99 Years', 'released': 0},unitInfo:[{'bedrooms': None, 'number': 4, 'price': 12800000.0}, {'bedrooms': 1, 'number': 11, 'price': 1485000.0}, {'bedrooms': 2, 'number': 23, 'price': 2226000.0}, {'bedrooms': 3, 'number': 19, 'price': 3136000.0}, {'bedrooms': 4, 'number': 24, 'price': 5309000.0}, {'bedrooms': 5, 'number': 14, 'price': 8326000.0}],agentInfo:{'agentId': '02f84b66f27e4f899eb40e3abbfb007d', 'regNum': 'ecoprop', 'mobile': '+65 96352958', 'logo': '/upload/broke/d379d488126c4abf9505367876588b57/mailPhoto/02f84b66f27e4f899eb40e3abbfb007d.png', 'agentName': 'Ken Chen', 'email': 'ken.chenh@audax.com.sg'}
2022-04-02 10:37:50.651 | INFO     | modules.Project:MakePDF:169 - 项目区域销售图查询成功--->>>[]
2022-04-02 10:37:50.901 | INFO     | modules.Project:MakePDF:178 - PDF文件页面图片查询成功--->>>[]
2022-04-02 10:37:51.564 | INFO     | modules.Project:MakePDF:186 - RCR查询成功--->>>{'region': 'RCR', 'signature': 'e9e46fafc05ac3c52b49f064ab38613c'}
2022-04-02 10:37:52.105 | INFO     | modules.Project:MakePDF:192 - CCR查询成功--->>>[{'sold': 66, 'projectArea': 'CCR', 'available': 321, 'projectName': '10 Evelyn', 'projectId': 'b4323957827046808662cfed12d9b211'}, {'sold': 0, 'projectArea': 'CCR', 'available': 0, 'projectName': '111 Emerald Hill 翡翠山', 'projectId': '0deb2829de6b4cb19977afdc7a8aed58'}, {'sold': 33, 'projectArea': 'CCR', 'available': 39, 'projectName': '120 Grange', 'projectId': '1dfacf929ad04a0ba9df03ac1d5ce3cc'}, {'sold': 95, 'projectArea': 'CCR', 'available': 97, 'projectName': '15 Holland Hill', 'projectId': 'f16ea0d153ec4a28ae85812cb1e81c17'}, {'sold': 12, 'projectArea': 'CCR', 'available': 112, 'projectName': '19 Nassim', 'projectId': '9aad9396786644839a97c36653a23285'}, {'sold': 126, 'projectArea': 'CCR', 'available': 133, 'projectName': '26 Newton', 'projectId': '3a4782498bdd46bfaf5a31d2a6c02776'}, {'sold': 125, 'projectArea': 'CCR', 'available': 140, 'projectName': '3 Cuscaden', 'projectId': '0d458a24bc644ed78b33755c1cb52823'}, {'sold': 291, 'projectArea': 'CCR', 'available': 484, 'projectName': '3 Orchard By-The-Park 乌节三翠林', 'projectId': '5bf7a4b2cb7a49959afc1422c13894c9'}, {'sold': 124, 'projectArea': 'CCR', 'available': 169, 'projectName': '35 Gilstead', 'projectId': 'ce4122dbf4bc4537bdde038f5164d542'}, {'sold': 0, 'projectArea': 'CCR', 'available': 0, 'projectName': '38 Jervois', 'projectId': '12da202e89ba46bf8fd77d16d8d04807'}]
2022-04-02 10:37:52.807 | INFO     | modules.Project:MakePDF:198 - OCR查询成功--->>>[{'sold': 65, 'projectArea': 'OCR', 'available': 106, 'projectName': '77 @ East Coast', 'projectId': 'cbcf3b56a26649d9ad2a0835eed7f880'}, {'sold': 2272, 'projectArea': 'OCR', 'available': 2429, 'projectName': 'Affinity at Serangoon', 'projectId': 'a77f72903ab244dc9d8f0daa6988efad'}, {'sold': 85, 'projectArea': 'OCR', 'available': 119, 'projectName': 'Belgravia Ace', 'projectId': '6527d3d2d1724fdc965f655766848e9e'}, {'sold': 2, 'projectArea': 'OCR', 'available': 2, 'projectName': 'Belgravia Green', 'projectId': '28aabcfe559e4df8a7260c58601a61dc'}, {'sold': 0, 'projectArea': 'OCR', 'available': 0, 'projectName': 'BluWaters 2', 'projectId': '4cc1f56d01094d22b50bf36cdab70703'}, {'sold': 0, 'projectArea': 'OCR', 'available': 0, 'projectName': 'Bukit 828', 'projectId': 'a06cad84ba784de1aaf77f7b29e88027'}, {'sold': 4, 'projectArea': 'OCR', 'available': 5, 'projectName': 'Burghley Drive', 'projectId': 'bae103696d324d8aaf621e6992ddd5f2'}, {'sold': 165, 'projectArea': 'OCR', 'available': 199, 'projectName': 'Casa Al Mare', 'projectId': 'ea0834f8f9894212897fee6bed3c98d9'}, {'sold': 8, 'projectArea': 'OCR', 'available': 13, 'projectName': 'Citrine Foodland', 'projectId': '57c40296d6474c88806a1fef94655fa4'}, {'sold': 3198, 'projectArea': 'OCR', 'available': 5908, 'projectName': 'Clavon 悦文荟', 'projectId': 'f405d432d7744e7faed81f0040f3c268'}]
2022-04-02 10:37:53.094 | INFO     | modules.Project:MakePDF:216 - ---------->>>文档创建
2022-04-02 10:37:53.654 | INFO     | modules.Project:MakePDF:243 - ============>> 1 page
2022-04-02 10:37:53.657 | INFO     | modules.Project:MakePDF:248 - ============>> 2 page
2022-04-02 10:37:54.485 | INFO     | modules.Project:MakePDF:324 - ============>> PROJECT SUMMARY
2022-04-02 10:37:54.855 | INFO     | modules.Project:MakePDF:338 - ============>> LOCATION HIGHLIGHT
2022-04-02 10:37:55.597 | INFO     | modules.Project:MakePDF:404 - ============>>Guide to Financial Wellness
2022-04-02 10:37:56.964 | INFO     | modules.Project:MakePDF:549 - ============>>PROGRESSIVE PAYMENT
2022-04-02 10:37:57.396 | INFO     | modules.Project:MakePDF:584 - ============>>10 page
2022-04-02 10:37:57.402 | INFO     | modules.Project:MakePDF:628 - ============>>transactionDate
2022-04-02 10:37:57.426 | INFO     | modules.Project:MakePDF:642 - ============>>Core Central Region (CCR)
2022-04-02 10:37:57.463 | INFO     | modules.Project:MakePDF:653 - ============>>Core Central Region (RCR)
2022-04-02 10:37:57.522 | INFO     | modules.Project:MakePDF:665 - ============>>Core Central Region (OCR)
2022-04-02 10:37:58.206 | INFO     | modules.Project:MakePDF:700 - ============>>add 17 page
2022-04-02 10:37:58.264 | INFO     | modules.Project:GetPndPdfPro:75 - PDF创建成功=======>E:\新联国际\地产项目-C端\python\mixgo_py_pro\02f84b66f27e4f899eb40e3abbfb007d\227b5a5863fa4631875adcfb07b38cae.pdf
2022-04-02 11:20:34.894 | INFO     | modules.Project:GetPndPdfPro:66 - 创建PDF,227b5a5863fa4631875adcfb07b38cae
2022-04-02 11:20:35.536 | INFO     | modules.Project:MakePDF:140 - 项目信息查询失败--->>>projectId:227b5a5863fa4631875adcfb07b38cae,agentId:02f84b66f27e4f899eb40e3abbfb007d
2022-04-02 11:21:07.524 | INFO     | modules.Project:GetPndPdfPro:66 - 创建PDF,c1b7ee87189c45c983c53449231c5942
2022-04-02 11:21:07.788 | INFO     | modules.Project:MakePDF:138 - 项目信息查询成功--->>>projectId:c1b7ee87189c45c983c53449231c5942,agentId:02f84b66f27e4f899eb40e3abbfb007d,projectInfo:{'sold': 44, 'available': 1, 'currencySymbol': '￥', 'unitsNum': '51', 'brokeId': '5cb3b4b34ffc47d8915a2daa367dbc70', 'url': '/upload/broke/5cb3b4b34ffc47d8915a2daa367dbc70/c1b7ee87189c45c983c53449231c5942/pdf/Bartley_Vue_PDI_Test_20210826.pdf', 'brokeName': 'Macly Group', 'mainImage': '/upload/broke/5cb3b4b34ffc47d8915a2daa367dbc70/c1b7ee87189c45c983c53449231c5942/imgs/20220311/1e8a2827-9239-4f98-9326-f2a2c1bd2b43.jpg', 'projectArea': 'OTHERS', 'district': 'D09', 'snapshotLogo': '/upload/broke/5cb3b4b34ffc47d8915a2daa367dbc70/imgs/3c3957e8902046b3bb7e5278b239e06d.png', 'completionDate': '2023-01-15 00:00:00', 'projectName': 'The Iveria (D09)', 'tenure': '30 Years', 'released': 1},unitInfo:[{'bedrooms': 3, 'number': 1, 'price': 1111110.0}],agentInfo:{'agentId': '02f84b66f27e4f899eb40e3abbfb007d', 'regNum': 'huttons01', 'mobile': '87654321', 'logo': '/upload/broke/d379d488126c4abf9505367876588b57/mailPhoto/02f84b66f27e4f899eb40e3abbfb007d.png', 'agentName': 'Ken', 'email': 'ken.chenhuttons@audax.com.sg'}
2022-04-02 11:21:07.863 | INFO     | modules.Project:MakePDF:169 - 项目区域销售图查询成功--->>>[{'districtName': 'D09', 'logo': '/upload/broke/pnd/logo/20220311/205f1e8488794dae8b8165f797ca1494.png', 'pdfType': 1}]
2022-04-02 11:21:07.879 | INFO     | modules.Project:MakePDF:178 - PDF文件页面图片查询成功--->>>[]
2022-04-02 11:21:08.002 | INFO     | modules.Project:MakePDF:186 - RCR查询成功--->>>{'region': 'RCR', 'signature': 'e9e46fafc05ac3c52b49f064ab38613c'}
2022-04-02 11:21:08.182 | INFO     | modules.Project:MakePDF:192 - CCR查询成功--->>>[{'sold': 0, 'projectArea': 'CCR', 'available': 0, 'projectName': ' Havelock II', 'projectId': '26a28624c2b64818baf3d410599c16bd'}, {'sold': 22, 'projectArea': 'CCR', 'available': 145, 'projectName': '10 Evelyn', 'projectId': '42db0a54ebc74e25b3f661346288d2bc'}, {'sold': 13, 'projectArea': 'CCR', 'available': 22, 'projectName': '1953', 'projectId': '74ee016c85d246aba1b7ca2835c4beb8'}, {'sold': 9, 'projectArea': 'CCR', 'available': 18, 'projectName': '1953 (D08)', 'projectId': '6969189889a546ea89f3fcd1cd87e79a'}, {'sold': 0, 'projectArea': 'CCR', 'available': 0, 'projectName': '3 Cuscaden (D10)', 'projectId': '0d458a24bc644ed78b33755c1cb52823'}, {'sold': 0, 'projectArea': 'CCR', 'available': 0, 'projectName': '8 Hullet', 'projectId': '591308bde6f24c67a191a89863fd8378'}, {'sold': 0, 'projectArea': 'CCR', 'available': 0, 'projectName': '8 St Thomas (D09)', 'projectId': '1cc667d3be05418693d02ff0eb352ee2'}, {'sold': 0, 'projectArea': 'CCR', 'available': 0, 'projectName': 'Bodaiju Residences', 'projectId': '193ed100357b4c2fbbf308c96e3ef03f'}, {'sold': 0, 'projectArea': 'CCR', 'available': 0, 'projectName': 'Coco Palms (D18)', 'projectId': '12520fbf6dcc4662b359d3c42758ed93'}, {'sold': 4, 'projectArea': 'CCR', 'available': 5, 'projectName': 'CT FoodChain', 'projectId': 'ddbec1c413614c6b8f3fedfbd2ca28b5'}]
2022-04-02 11:21:08.255 | INFO     | modules.Project:MakePDF:198 - OCR查询成功--->>>[{'sold': 0, 'projectArea': 'OCR', 'available': 0, 'projectName': '26 Newton (D11)', 'projectId': '3a4782498bdd46bfaf5a31d2a6c02776'}, {'sold': 0, 'projectArea': 'OCR', 'available': 0, 'projectName': 'Amber 45 (D15)', 'projectId': '2c5dfea30cfe410dbb2495b07a43f151'}, {'sold': 0, 'projectArea': 'OCR', 'available': 0, 'projectName': 'Amber Park', 'projectId': '3d6835636d994508a27523d702a3e532'}, {'sold': 0, 'projectArea': 'OCR', 'available': 0, 'projectName': 'Arena Residences (D14)', 'projectId': '2ca1500d01484ae98491be4c815ddfb8'}, {'sold': 0, 'projectArea': 'OCR', 'available': 0, 'projectName': 'Artra', 'projectId': '4fe2eff2cab94d509a2fd2fa7882d052'}, {'sold': 3, 'projectArea': 'OCR', 'available': 3, 'projectName': 'Belgravia Green (D28)', 'projectId': '28aabcfe559e4df8a7260c58601a61dc'}, {'sold': 0, 'projectArea': 'OCR', 'available': 0, 'projectName': 'City Gate', 'projectId': '34a40b02b1b74cac959cb5422db336b9'}, {'sold': 0, 'projectArea': 'OCR', 'available': 0, 'projectName': 'Daintree Residence', 'projectId': '3170144db070470583f9386412becaa2'}, {'sold': 0, 'projectArea': 'OCR', 'available': 0, 'projectName': 'Espada\xa0', 'projectId': '50ed0c1631e04ce4b6926986c2a1b162'}, {'sold': 0, 'projectArea': 'OCR', 'available': 0, 'projectName': 'Gem Residences', 'projectId': '5700cfabbdc444a5b607195f73ba44ea'}]
2022-04-02 11:21:08.576 | INFO     | modules.Project:MakePDF:216 - ---------->>>文档创建
2022-04-02 11:21:08.596 | INFO     | modules.Project:MakePDF:243 - ============>> 1 page
2022-04-02 11:21:08.599 | INFO     | modules.Project:MakePDF:248 - ============>> 2 page
2022-04-02 11:21:08.770 | INFO     | modules.Project:MakePDF:324 - ============>> PROJECT SUMMARY
2022-04-02 11:21:08.838 | INFO     | modules.Project:MakePDF:338 - ============>> LOCATION HIGHLIGHT
2022-04-02 11:21:08.933 | INFO     | modules.Project:MakePDF:345 - ============>> District Pricing (Rental)
2022-04-02 11:21:09.089 | INFO     | modules.Project:MakePDF:404 - ============>>Guide to Financial Wellness
2022-04-02 11:21:09.123 | INFO     | modules.Project:MakePDF:549 - ============>>PROGRESSIVE PAYMENT
2022-04-02 11:21:09.164 | INFO     | modules.Project:MakePDF:584 - ============>>10 page
2022-04-02 11:21:09.187 | INFO     | modules.Project:MakePDF:628 - ============>>transactionDate
2022-04-02 11:21:09.221 | INFO     | modules.Project:MakePDF:642 - ============>>Core Central Region (CCR)
2022-04-02 11:21:09.244 | INFO     | modules.Project:MakePDF:653 - ============>>Core Central Region (RCR)
2022-04-02 11:21:09.289 | INFO     | modules.Project:MakePDF:665 - ============>>Core Central Region (OCR)
2022-04-02 11:21:09.323 | INFO     | modules.Project:MakePDF:700 - ============>>add 17 page
2022-04-02 11:21:09.409 | INFO     | modules.Project:GetPndPdfPro:75 - PDF创建成功=======>E:\新联国际\地产项目-C端\python\mixgo_py_pro\02f84b66f27e4f899eb40e3abbfb007d\c1b7ee87189c45c983c53449231c5942.pdf
2022-04-02 11:45:01.639 | INFO     | modules.Project:GetPndPdfPro:66 - 创建PDF,c1b7ee87189c45c983c53449231c5942
2022-04-02 11:45:01.790 | INFO     | modules.Project:MakePDF:138 - 项目信息查询成功--->>>projectId:c1b7ee87189c45c983c53449231c5942,agentId:02f84b66f27e4f899eb40e3abbfb007d,projectInfo:{'sold': 44, 'available': 1, 'currencySymbol': '￥', 'unitsNum': '51', 'brokeId': '5cb3b4b34ffc47d8915a2daa367dbc70', 'url': '/upload/broke/5cb3b4b34ffc47d8915a2daa367dbc70/c1b7ee87189c45c983c53449231c5942/pdf/Bartley_Vue_PDI_Test_20210826.pdf', 'brokeName': 'Macly Group', 'mainImage': '/upload/broke/5cb3b4b34ffc47d8915a2daa367dbc70/c1b7ee87189c45c983c53449231c5942/imgs/20220311/1e8a2827-9239-4f98-9326-f2a2c1bd2b43.jpg', 'projectArea': 'OTHERS', 'district': 'D09', 'snapshotLogo': '/upload/broke/5cb3b4b34ffc47d8915a2daa367dbc70/imgs/3c3957e8902046b3bb7e5278b239e06d.png', 'completionDate': '2023-01-15 00:00:00', 'projectName': 'The Iveria (D09)', 'tenure': '30 Years', 'released': 1},unitInfo:[{'bedrooms': 3, 'number': 1, 'price': 1111110.0}],agentInfo:{'agentId': '02f84b66f27e4f899eb40e3abbfb007d', 'regNum': 'huttons01', 'mobile': '87654321', 'logo': '/upload/broke/d379d488126c4abf9505367876588b57/mailPhoto/02f84b66f27e4f899eb40e3abbfb007d.png', 'agentName': 'Ken', 'email': 'ken.chenhuttons@audax.com.sg'}
2022-04-02 11:45:01.853 | INFO     | modules.Project:MakePDF:169 - 项目区域销售图查询成功--->>>[{'districtName': 'D09', 'logo': '/upload/broke/pnd/logo/20220311/205f1e8488794dae8b8165f797ca1494.png', 'pdfType': 1}]
2022-04-02 11:45:01.882 | INFO     | modules.Project:MakePDF:178 - PDF文件页面图片查询成功--->>>[]
2022-04-02 11:45:01.988 | INFO     | modules.Project:MakePDF:186 - RCR查询成功--->>>{'region': 'RCR', 'signature': 'e9e46fafc05ac3c52b49f064ab38613c'}
2022-04-02 11:45:02.126 | INFO     | modules.Project:MakePDF:192 - CCR查询成功--->>>[{'sold': 0, 'projectArea': 'CCR', 'available': 0, 'projectName': ' Havelock II', 'projectId': '26a28624c2b64818baf3d410599c16bd'}, {'sold': 22, 'projectArea': 'CCR', 'available': 145, 'projectName': '10 Evelyn', 'projectId': '42db0a54ebc74e25b3f661346288d2bc'}, {'sold': 13, 'projectArea': 'CCR', 'available': 22, 'projectName': '1953', 'projectId': '74ee016c85d246aba1b7ca2835c4beb8'}, {'sold': 9, 'projectArea': 'CCR', 'available': 18, 'projectName': '1953 (D08)', 'projectId': '6969189889a546ea89f3fcd1cd87e79a'}, {'sold': 0, 'projectArea': 'CCR', 'available': 0, 'projectName': '3 Cuscaden (D10)', 'projectId': '0d458a24bc644ed78b33755c1cb52823'}, {'sold': 0, 'projectArea': 'CCR', 'available': 0, 'projectName': '8 Hullet', 'projectId': '591308bde6f24c67a191a89863fd8378'}, {'sold': 0, 'projectArea': 'CCR', 'available': 0, 'projectName': '8 St Thomas (D09)', 'projectId': '1cc667d3be05418693d02ff0eb352ee2'}, {'sold': 0, 'projectArea': 'CCR', 'available': 0, 'projectName': 'Bodaiju Residences', 'projectId': '193ed100357b4c2fbbf308c96e3ef03f'}, {'sold': 0, 'projectArea': 'CCR', 'available': 0, 'projectName': 'Coco Palms (D18)', 'projectId': '12520fbf6dcc4662b359d3c42758ed93'}, {'sold': 4, 'projectArea': 'CCR', 'available': 5, 'projectName': 'CT FoodChain', 'projectId': 'ddbec1c413614c6b8f3fedfbd2ca28b5'}]
2022-04-02 11:45:02.200 | INFO     | modules.Project:MakePDF:198 - OCR查询成功--->>>[{'sold': 0, 'projectArea': 'OCR', 'available': 0, 'projectName': '26 Newton (D11)', 'projectId': '3a4782498bdd46bfaf5a31d2a6c02776'}, {'sold': 0, 'projectArea': 'OCR', 'available': 0, 'projectName': 'Amber 45 (D15)', 'projectId': '2c5dfea30cfe410dbb2495b07a43f151'}, {'sold': 0, 'projectArea': 'OCR', 'available': 0, 'projectName': 'Amber Park', 'projectId': '3d6835636d994508a27523d702a3e532'}, {'sold': 0, 'projectArea': 'OCR', 'available': 0, 'projectName': 'Arena Residences (D14)', 'projectId': '2ca1500d01484ae98491be4c815ddfb8'}, {'sold': 0, 'projectArea': 'OCR', 'available': 0, 'projectName': 'Artra', 'projectId': '4fe2eff2cab94d509a2fd2fa7882d052'}, {'sold': 3, 'projectArea': 'OCR', 'available': 3, 'projectName': 'Belgravia Green (D28)', 'projectId': '28aabcfe559e4df8a7260c58601a61dc'}, {'sold': 0, 'projectArea': 'OCR', 'available': 0, 'projectName': 'City Gate', 'projectId': '34a40b02b1b74cac959cb5422db336b9'}, {'sold': 0, 'projectArea': 'OCR', 'available': 0, 'projectName': 'Daintree Residence', 'projectId': '3170144db070470583f9386412becaa2'}, {'sold': 0, 'projectArea': 'OCR', 'available': 0, 'projectName': 'Espada\xa0', 'projectId': '50ed0c1631e04ce4b6926986c2a1b162'}, {'sold': 0, 'projectArea': 'OCR', 'available': 0, 'projectName': 'Gem Residences', 'projectId': '5700cfabbdc444a5b607195f73ba44ea'}]
2022-04-02 11:46:10.835 | INFO     | modules.Project:GetPndPdfPro:66 - 创建PDF,c1b7ee87189c45c983c53449231c5942
2022-04-02 11:46:10.963 | INFO     | modules.Project:MakePDF:138 - 项目信息查询成功--->>>projectId:c1b7ee87189c45c983c53449231c5942,agentId:02f84b66f27e4f899eb40e3abbfb007d,projectInfo:{'sold': 44, 'available': 1, 'currencySymbol': '￥', 'unitsNum': '51', 'brokeId': '5cb3b4b34ffc47d8915a2daa367dbc70', 'url': '/upload/broke/5cb3b4b34ffc47d8915a2daa367dbc70/c1b7ee87189c45c983c53449231c5942/pdf/Bartley_Vue_PDI_Test_20210826.pdf', 'brokeName': 'Macly Group', 'mainImage': '/upload/broke/5cb3b4b34ffc47d8915a2daa367dbc70/c1b7ee87189c45c983c53449231c5942/imgs/20220311/1e8a2827-9239-4f98-9326-f2a2c1bd2b43.jpg', 'projectArea': 'OTHERS', 'district': 'D09', 'snapshotLogo': '/upload/broke/5cb3b4b34ffc47d8915a2daa367dbc70/imgs/3c3957e8902046b3bb7e5278b239e06d.png', 'completionDate': '2023-01-15 00:00:00', 'projectName': 'The Iveria (D09)', 'tenure': '30 Years', 'released': 1},unitInfo:[{'bedrooms': 3, 'number': 1, 'price': 1111110.0}],agentInfo:{'agentId': '02f84b66f27e4f899eb40e3abbfb007d', 'regNum': 'huttons01', 'mobile': '87654321', 'logo': '/upload/broke/d379d488126c4abf9505367876588b57/mailPhoto/02f84b66f27e4f899eb40e3abbfb007d.png', 'agentName': 'Ken', 'email': 'ken.chenhuttons@audax.com.sg'}
2022-04-02 11:46:10.991 | INFO     | modules.Project:MakePDF:169 - 项目区域销售图查询成功--->>>[{'districtName': 'D09', 'logo': '/upload/broke/pnd/logo/20220311/205f1e8488794dae8b8165f797ca1494.png', 'pdfType': 1}]
2022-04-02 11:46:11.004 | INFO     | modules.Project:MakePDF:178 - PDF文件页面图片查询成功--->>>[]
2022-04-02 11:46:11.096 | INFO     | modules.Project:MakePDF:186 - RCR查询成功--->>>{'region': 'RCR', 'signature': 'e9e46fafc05ac3c52b49f064ab38613c'}
2022-04-02 11:46:11.228 | INFO     | modules.Project:MakePDF:192 - CCR查询成功--->>>[{'sold': 0, 'projectArea': 'CCR', 'available': 0, 'projectName': ' Havelock II', 'projectId': '26a28624c2b64818baf3d410599c16bd'}, {'sold': 22, 'projectArea': 'CCR', 'available': 145, 'projectName': '10 Evelyn', 'projectId': '42db0a54ebc74e25b3f661346288d2bc'}, {'sold': 13, 'projectArea': 'CCR', 'available': 22, 'projectName': '1953', 'projectId': '74ee016c85d246aba1b7ca2835c4beb8'}, {'sold': 9, 'projectArea': 'CCR', 'available': 18, 'projectName': '1953 (D08)', 'projectId': '6969189889a546ea89f3fcd1cd87e79a'}, {'sold': 0, 'projectArea': 'CCR', 'available': 0, 'projectName': '3 Cuscaden (D10)', 'projectId': '0d458a24bc644ed78b33755c1cb52823'}, {'sold': 0, 'projectArea': 'CCR', 'available': 0, 'projectName': '8 Hullet', 'projectId': '591308bde6f24c67a191a89863fd8378'}, {'sold': 0, 'projectArea': 'CCR', 'available': 0, 'projectName': '8 St Thomas (D09)', 'projectId': '1cc667d3be05418693d02ff0eb352ee2'}, {'sold': 0, 'projectArea': 'CCR', 'available': 0, 'projectName': 'Bodaiju Residences', 'projectId': '193ed100357b4c2fbbf308c96e3ef03f'}, {'sold': 0, 'projectArea': 'CCR', 'available': 0, 'projectName': 'Coco Palms (D18)', 'projectId': '12520fbf6dcc4662b359d3c42758ed93'}, {'sold': 4, 'projectArea': 'CCR', 'available': 5, 'projectName': 'CT FoodChain', 'projectId': 'ddbec1c413614c6b8f3fedfbd2ca28b5'}]
2022-04-02 11:46:11.303 | INFO     | modules.Project:MakePDF:198 - OCR查询成功--->>>[{'sold': 0, 'projectArea': 'OCR', 'available': 0, 'projectName': '26 Newton (D11)', 'projectId': '3a4782498bdd46bfaf5a31d2a6c02776'}, {'sold': 0, 'projectArea': 'OCR', 'available': 0, 'projectName': 'Amber 45 (D15)', 'projectId': '2c5dfea30cfe410dbb2495b07a43f151'}, {'sold': 0, 'projectArea': 'OCR', 'available': 0, 'projectName': 'Amber Park', 'projectId': '3d6835636d994508a27523d702a3e532'}, {'sold': 0, 'projectArea': 'OCR', 'available': 0, 'projectName': 'Arena Residences (D14)', 'projectId': '2ca1500d01484ae98491be4c815ddfb8'}, {'sold': 0, 'projectArea': 'OCR', 'available': 0, 'projectName': 'Artra', 'projectId': '4fe2eff2cab94d509a2fd2fa7882d052'}, {'sold': 3, 'projectArea': 'OCR', 'available': 3, 'projectName': 'Belgravia Green (D28)', 'projectId': '28aabcfe559e4df8a7260c58601a61dc'}, {'sold': 0, 'projectArea': 'OCR', 'available': 0, 'projectName': 'City Gate', 'projectId': '34a40b02b1b74cac959cb5422db336b9'}, {'sold': 0, 'projectArea': 'OCR', 'available': 0, 'projectName': 'Daintree Residence', 'projectId': '3170144db070470583f9386412becaa2'}, {'sold': 0, 'projectArea': 'OCR', 'available': 0, 'projectName': 'Espada\xa0', 'projectId': '50ed0c1631e04ce4b6926986c2a1b162'}, {'sold': 0, 'projectArea': 'OCR', 'available': 0, 'projectName': 'Gem Residences', 'projectId': '5700cfabbdc444a5b607195f73ba44ea'}]
2022-04-02 11:46:24.933 | INFO     | modules.Project:GetPndPdfPro:66 - 创建PDF,c1b7ee87189c45c983c53449231c5942
2022-04-02 11:46:25.066 | INFO     | modules.Project:MakePDF:138 - 项目信息查询成功--->>>projectId:c1b7ee87189c45c983c53449231c5942,agentId:02f84b66f27e4f899eb40e3abbfb007d,projectInfo:{'sold': 44, 'available': 1, 'currencySymbol': '￥', 'unitsNum': '51', 'brokeId': '5cb3b4b34ffc47d8915a2daa367dbc70', 'url': '/upload/broke/5cb3b4b34ffc47d8915a2daa367dbc70/c1b7ee87189c45c983c53449231c5942/pdf/Bartley_Vue_PDI_Test_20210826.pdf', 'brokeName': 'Macly Group', 'mainImage': '/upload/broke/5cb3b4b34ffc47d8915a2daa367dbc70/c1b7ee87189c45c983c53449231c5942/imgs/20220311/1e8a2827-9239-4f98-9326-f2a2c1bd2b43.jpg', 'projectArea': 'OTHERS', 'district': 'D09', 'snapshotLogo': '/upload/broke/5cb3b4b34ffc47d8915a2daa367dbc70/imgs/3c3957e8902046b3bb7e5278b239e06d.png', 'completionDate': '2023-01-15 00:00:00', 'projectName': 'The Iveria (D09)', 'tenure': '30 Years', 'released': 1},unitInfo:[{'bedrooms': 3, 'number': 1, 'price': 1111110.0}],agentInfo:{'agentId': '02f84b66f27e4f899eb40e3abbfb007d', 'regNum': 'huttons01', 'mobile': '87654321', 'logo': '/upload/broke/d379d488126c4abf9505367876588b57/mailPhoto/02f84b66f27e4f899eb40e3abbfb007d.png', 'agentName': 'Ken', 'email': 'ken.chenhuttons@audax.com.sg'}
2022-04-02 11:46:25.093 | INFO     | modules.Project:MakePDF:169 - 项目区域销售图查询成功--->>>[{'districtName': 'D09', 'logo': '/upload/broke/pnd/logo/20220311/205f1e8488794dae8b8165f797ca1494.png', 'pdfType': 1}]
2022-04-02 11:46:25.108 | INFO     | modules.Project:MakePDF:178 - PDF文件页面图片查询成功--->>>[]
2022-04-02 11:46:25.208 | INFO     | modules.Project:MakePDF:186 - RCR查询成功--->>>{'region': 'RCR', 'signature': 'e9e46fafc05ac3c52b49f064ab38613c'}
2022-04-02 11:46:25.336 | INFO     | modules.Project:MakePDF:192 - CCR查询成功--->>>[{'sold': 0, 'projectArea': 'CCR', 'available': 0, 'projectName': ' Havelock II', 'projectId': '26a28624c2b64818baf3d410599c16bd'}, {'sold': 22, 'projectArea': 'CCR', 'available': 145, 'projectName': '10 Evelyn', 'projectId': '42db0a54ebc74e25b3f661346288d2bc'}, {'sold': 13, 'projectArea': 'CCR', 'available': 22, 'projectName': '1953', 'projectId': '74ee016c85d246aba1b7ca2835c4beb8'}, {'sold': 9, 'projectArea': 'CCR', 'available': 18, 'projectName': '1953 (D08)', 'projectId': '6969189889a546ea89f3fcd1cd87e79a'}, {'sold': 0, 'projectArea': 'CCR', 'available': 0, 'projectName': '3 Cuscaden (D10)', 'projectId': '0d458a24bc644ed78b33755c1cb52823'}, {'sold': 0, 'projectArea': 'CCR', 'available': 0, 'projectName': '8 Hullet', 'projectId': '591308bde6f24c67a191a89863fd8378'}, {'sold': 0, 'projectArea': 'CCR', 'available': 0, 'projectName': '8 St Thomas (D09)', 'projectId': '1cc667d3be05418693d02ff0eb352ee2'}, {'sold': 0, 'projectArea': 'CCR', 'available': 0, 'projectName': 'Bodaiju Residences', 'projectId': '193ed100357b4c2fbbf308c96e3ef03f'}, {'sold': 0, 'projectArea': 'CCR', 'available': 0, 'projectName': 'Coco Palms (D18)', 'projectId': '12520fbf6dcc4662b359d3c42758ed93'}, {'sold': 4, 'projectArea': 'CCR', 'available': 5, 'projectName': 'CT FoodChain', 'projectId': 'ddbec1c413614c6b8f3fedfbd2ca28b5'}]
2022-04-02 11:46:25.411 | INFO     | modules.Project:MakePDF:198 - OCR查询成功--->>>[{'sold': 0, 'projectArea': 'OCR', 'available': 0, 'projectName': '26 Newton (D11)', 'projectId': '3a4782498bdd46bfaf5a31d2a6c02776'}, {'sold': 0, 'projectArea': 'OCR', 'available': 0, 'projectName': 'Amber 45 (D15)', 'projectId': '2c5dfea30cfe410dbb2495b07a43f151'}, {'sold': 0, 'projectArea': 'OCR', 'available': 0, 'projectName': 'Amber Park', 'projectId': '3d6835636d994508a27523d702a3e532'}, {'sold': 0, 'projectArea': 'OCR', 'available': 0, 'projectName': 'Arena Residences (D14)', 'projectId': '2ca1500d01484ae98491be4c815ddfb8'}, {'sold': 0, 'projectArea': 'OCR', 'available': 0, 'projectName': 'Artra', 'projectId': '4fe2eff2cab94d509a2fd2fa7882d052'}, {'sold': 3, 'projectArea': 'OCR', 'available': 3, 'projectName': 'Belgravia Green (D28)', 'projectId': '28aabcfe559e4df8a7260c58601a61dc'}, {'sold': 0, 'projectArea': 'OCR', 'available': 0, 'projectName': 'City Gate', 'projectId': '34a40b02b1b74cac959cb5422db336b9'}, {'sold': 0, 'projectArea': 'OCR', 'available': 0, 'projectName': 'Daintree Residence', 'projectId': '3170144db070470583f9386412becaa2'}, {'sold': 0, 'projectArea': 'OCR', 'available': 0, 'projectName': 'Espada\xa0', 'projectId': '50ed0c1631e04ce4b6926986c2a1b162'}, {'sold': 0, 'projectArea': 'OCR', 'available': 0, 'projectName': 'Gem Residences', 'projectId': '5700cfabbdc444a5b607195f73ba44ea'}]
2022-04-02 11:46:32.595 | INFO     | modules.Project:GetPndPdfPro:66 - 创建PDF,c1b7ee87189c45c983c53449231c5942
2022-04-02 11:46:32.730 | INFO     | modules.Project:MakePDF:138 - 项目信息查询成功--->>>projectId:c1b7ee87189c45c983c53449231c5942,agentId:02f84b66f27e4f899eb40e3abbfb007d,projectInfo:{'sold': 44, 'available': 1, 'currencySymbol': '￥', 'unitsNum': '51', 'brokeId': '5cb3b4b34ffc47d8915a2daa367dbc70', 'url': '/upload/broke/5cb3b4b34ffc47d8915a2daa367dbc70/c1b7ee87189c45c983c53449231c5942/pdf/Bartley_Vue_PDI_Test_20210826.pdf', 'brokeName': 'Macly Group', 'mainImage': '/upload/broke/5cb3b4b34ffc47d8915a2daa367dbc70/c1b7ee87189c45c983c53449231c5942/imgs/20220311/1e8a2827-9239-4f98-9326-f2a2c1bd2b43.jpg', 'projectArea': 'OTHERS', 'district': 'D09', 'snapshotLogo': '/upload/broke/5cb3b4b34ffc47d8915a2daa367dbc70/imgs/3c3957e8902046b3bb7e5278b239e06d.png', 'completionDate': '2023-01-15 00:00:00', 'projectName': 'The Iveria (D09)', 'tenure': '30 Years', 'released': 1},unitInfo:[{'bedrooms': 3, 'number': 1, 'price': 1111110.0}],agentInfo:{'agentId': '02f84b66f27e4f899eb40e3abbfb007d', 'regNum': 'huttons01', 'mobile': '87654321', 'logo': '/upload/broke/d379d488126c4abf9505367876588b57/mailPhoto/02f84b66f27e4f899eb40e3abbfb007d.png', 'agentName': 'Ken', 'email': 'ken.chenhuttons@audax.com.sg'}
2022-04-02 11:46:32.783 | INFO     | modules.Project:MakePDF:169 - 项目区域销售图查询成功--->>>[{'districtName': 'D09', 'logo': '/upload/broke/pnd/logo/20220311/205f1e8488794dae8b8165f797ca1494.png', 'pdfType': 1}]
2022-04-02 11:46:32.816 | INFO     | modules.Project:MakePDF:178 - PDF文件页面图片查询成功--->>>[]
2022-04-02 11:46:32.921 | INFO     | modules.Project:MakePDF:186 - RCR查询成功--->>>{'region': 'RCR', 'signature': 'e9e46fafc05ac3c52b49f064ab38613c'}
2022-04-02 11:46:33.048 | INFO     | modules.Project:MakePDF:192 - CCR查询成功--->>>[{'sold': 0, 'projectArea': 'CCR', 'available': 0, 'projectName': ' Havelock II', 'projectId': '26a28624c2b64818baf3d410599c16bd'}, {'sold': 22, 'projectArea': 'CCR', 'available': 145, 'projectName': '10 Evelyn', 'projectId': '42db0a54ebc74e25b3f661346288d2bc'}, {'sold': 13, 'projectArea': 'CCR', 'available': 22, 'projectName': '1953', 'projectId': '74ee016c85d246aba1b7ca2835c4beb8'}, {'sold': 9, 'projectArea': 'CCR', 'available': 18, 'projectName': '1953 (D08)', 'projectId': '6969189889a546ea89f3fcd1cd87e79a'}, {'sold': 0, 'projectArea': 'CCR', 'available': 0, 'projectName': '3 Cuscaden (D10)', 'projectId': '0d458a24bc644ed78b33755c1cb52823'}, {'sold': 0, 'projectArea': 'CCR', 'available': 0, 'projectName': '8 Hullet', 'projectId': '591308bde6f24c67a191a89863fd8378'}, {'sold': 0, 'projectArea': 'CCR', 'available': 0, 'projectName': '8 St Thomas (D09)', 'projectId': '1cc667d3be05418693d02ff0eb352ee2'}, {'sold': 0, 'projectArea': 'CCR', 'available': 0, 'projectName': 'Bodaiju Residences', 'projectId': '193ed100357b4c2fbbf308c96e3ef03f'}, {'sold': 0, 'projectArea': 'CCR', 'available': 0, 'projectName': 'Coco Palms (D18)', 'projectId': '12520fbf6dcc4662b359d3c42758ed93'}, {'sold': 4, 'projectArea': 'CCR', 'available': 5, 'projectName': 'CT FoodChain', 'projectId': 'ddbec1c413614c6b8f3fedfbd2ca28b5'}]
2022-04-02 11:46:33.111 | INFO     | modules.Project:MakePDF:198 - OCR查询成功--->>>[{'sold': 0, 'projectArea': 'OCR', 'available': 0, 'projectName': '26 Newton (D11)', 'projectId': '3a4782498bdd46bfaf5a31d2a6c02776'}, {'sold': 0, 'projectArea': 'OCR', 'available': 0, 'projectName': 'Amber 45 (D15)', 'projectId': '2c5dfea30cfe410dbb2495b07a43f151'}, {'sold': 0, 'projectArea': 'OCR', 'available': 0, 'projectName': 'Amber Park', 'projectId': '3d6835636d994508a27523d702a3e532'}, {'sold': 0, 'projectArea': 'OCR', 'available': 0, 'projectName': 'Arena Residences (D14)', 'projectId': '2ca1500d01484ae98491be4c815ddfb8'}, {'sold': 0, 'projectArea': 'OCR', 'available': 0, 'projectName': 'Artra', 'projectId': '4fe2eff2cab94d509a2fd2fa7882d052'}, {'sold': 3, 'projectArea': 'OCR', 'available': 3, 'projectName': 'Belgravia Green (D28)', 'projectId': '28aabcfe559e4df8a7260c58601a61dc'}, {'sold': 0, 'projectArea': 'OCR', 'available': 0, 'projectName': 'City Gate', 'projectId': '34a40b02b1b74cac959cb5422db336b9'}, {'sold': 0, 'projectArea': 'OCR', 'available': 0, 'projectName': 'Daintree Residence', 'projectId': '3170144db070470583f9386412becaa2'}, {'sold': 0, 'projectArea': 'OCR', 'available': 0, 'projectName': 'Espada\xa0', 'projectId': '50ed0c1631e04ce4b6926986c2a1b162'}, {'sold': 0, 'projectArea': 'OCR', 'available': 0, 'projectName': 'Gem Residences', 'projectId': '5700cfabbdc444a5b607195f73ba44ea'}]
2022-04-02 11:46:33.368 | INFO     | modules.Project:MakePDF:218 - ---------->>>文档创建
2022-04-02 11:46:33.528 | INFO     | modules.Project:MakePDF:245 - ============>> 1 page
2022-04-02 11:46:33.551 | INFO     | modules.Project:MakePDF:250 - ============>> 2 page
2022-04-02 11:47:27.579 | INFO     | modules.Project:GetPndPdfPro:66 - 创建PDF,c1b7ee87189c45c983c53449231c5942
2022-04-02 11:47:27.715 | INFO     | modules.Project:MakePDF:138 - 项目信息查询成功--->>>projectId:c1b7ee87189c45c983c53449231c5942,agentId:02f84b66f27e4f899eb40e3abbfb007d,projectInfo:{'sold': 44, 'available': 1, 'currencySymbol': '￥', 'unitsNum': '51', 'brokeId': '5cb3b4b34ffc47d8915a2daa367dbc70', 'url': '/upload/broke/5cb3b4b34ffc47d8915a2daa367dbc70/c1b7ee87189c45c983c53449231c5942/pdf/Bartley_Vue_PDI_Test_20210826.pdf', 'brokeName': 'Macly Group', 'mainImage': '/upload/broke/5cb3b4b34ffc47d8915a2daa367dbc70/c1b7ee87189c45c983c53449231c5942/imgs/20220311/1e8a2827-9239-4f98-9326-f2a2c1bd2b43.jpg', 'projectArea': 'OTHERS', 'district': 'D09', 'snapshotLogo': '/upload/broke/5cb3b4b34ffc47d8915a2daa367dbc70/imgs/3c3957e8902046b3bb7e5278b239e06d.png', 'completionDate': '2023-01-15 00:00:00', 'projectName': 'The Iveria (D09)', 'tenure': '30 Years', 'released': 1},unitInfo:[{'bedrooms': 3, 'number': 1, 'price': 1111110.0}],agentInfo:{'agentId': '02f84b66f27e4f899eb40e3abbfb007d', 'regNum': 'huttons01', 'mobile': '87654321', 'logo': '/upload/broke/d379d488126c4abf9505367876588b57/mailPhoto/02f84b66f27e4f899eb40e3abbfb007d.png', 'agentName': 'Ken', 'email': 'ken.chenhuttons@audax.com.sg'}
2022-04-02 11:47:27.738 | INFO     | modules.Project:MakePDF:169 - 项目区域销售图查询成功--->>>[{'districtName': 'D09', 'logo': '/upload/broke/pnd/logo/20220311/205f1e8488794dae8b8165f797ca1494.png', 'pdfType': 1}]
2022-04-02 11:47:27.750 | INFO     | modules.Project:MakePDF:178 - PDF文件页面图片查询成功--->>>[]
2022-04-02 11:47:27.845 | INFO     | modules.Project:MakePDF:186 - RCR查询成功--->>>{'region': 'RCR', 'signature': 'e9e46fafc05ac3c52b49f064ab38613c'}
2022-04-02 11:47:27.983 | INFO     | modules.Project:MakePDF:192 - CCR查询成功--->>>[{'sold': 0, 'projectArea': 'CCR', 'available': 0, 'projectName': ' Havelock II', 'projectId': '26a28624c2b64818baf3d410599c16bd'}, {'sold': 22, 'projectArea': 'CCR', 'available': 145, 'projectName': '10 Evelyn', 'projectId': '42db0a54ebc74e25b3f661346288d2bc'}, {'sold': 13, 'projectArea': 'CCR', 'available': 22, 'projectName': '1953', 'projectId': '74ee016c85d246aba1b7ca2835c4beb8'}, {'sold': 9, 'projectArea': 'CCR', 'available': 18, 'projectName': '1953 (D08)', 'projectId': '6969189889a546ea89f3fcd1cd87e79a'}, {'sold': 0, 'projectArea': 'CCR', 'available': 0, 'projectName': '3 Cuscaden (D10)', 'projectId': '0d458a24bc644ed78b33755c1cb52823'}, {'sold': 0, 'projectArea': 'CCR', 'available': 0, 'projectName': '8 Hullet', 'projectId': '591308bde6f24c67a191a89863fd8378'}, {'sold': 0, 'projectArea': 'CCR', 'available': 0, 'projectName': '8 St Thomas (D09)', 'projectId': '1cc667d3be05418693d02ff0eb352ee2'}, {'sold': 0, 'projectArea': 'CCR', 'available': 0, 'projectName': 'Bodaiju Residences', 'projectId': '193ed100357b4c2fbbf308c96e3ef03f'}, {'sold': 0, 'projectArea': 'CCR', 'available': 0, 'projectName': 'Coco Palms (D18)', 'projectId': '12520fbf6dcc4662b359d3c42758ed93'}, {'sold': 4, 'projectArea': 'CCR', 'available': 5, 'projectName': 'CT FoodChain', 'projectId': 'ddbec1c413614c6b8f3fedfbd2ca28b5'}]
2022-04-02 11:47:28.057 | INFO     | modules.Project:MakePDF:198 - OCR查询成功--->>>[{'sold': 0, 'projectArea': 'OCR', 'available': 0, 'projectName': '26 Newton (D11)', 'projectId': '3a4782498bdd46bfaf5a31d2a6c02776'}, {'sold': 0, 'projectArea': 'OCR', 'available': 0, 'projectName': 'Amber 45 (D15)', 'projectId': '2c5dfea30cfe410dbb2495b07a43f151'}, {'sold': 0, 'projectArea': 'OCR', 'available': 0, 'projectName': 'Amber Park', 'projectId': '3d6835636d994508a27523d702a3e532'}, {'sold': 0, 'projectArea': 'OCR', 'available': 0, 'projectName': 'Arena Residences (D14)', 'projectId': '2ca1500d01484ae98491be4c815ddfb8'}, {'sold': 0, 'projectArea': 'OCR', 'available': 0, 'projectName': 'Artra', 'projectId': '4fe2eff2cab94d509a2fd2fa7882d052'}, {'sold': 3, 'projectArea': 'OCR', 'available': 3, 'projectName': 'Belgravia Green (D28)', 'projectId': '28aabcfe559e4df8a7260c58601a61dc'}, {'sold': 0, 'projectArea': 'OCR', 'available': 0, 'projectName': 'City Gate', 'projectId': '34a40b02b1b74cac959cb5422db336b9'}, {'sold': 0, 'projectArea': 'OCR', 'available': 0, 'projectName': 'Daintree Residence', 'projectId': '3170144db070470583f9386412becaa2'}, {'sold': 0, 'projectArea': 'OCR', 'available': 0, 'projectName': 'Espada\xa0', 'projectId': '50ed0c1631e04ce4b6926986c2a1b162'}, {'sold': 0, 'projectArea': 'OCR', 'available': 0, 'projectName': 'Gem Residences', 'projectId': '5700cfabbdc444a5b607195f73ba44ea'}]
2022-04-02 11:47:28.614 | INFO     | modules.Project:MakePDF:218 - ---------->>>文档创建
2022-04-02 11:47:28.635 | INFO     | modules.Project:MakePDF:245 - ============>> 1 page
2022-04-02 11:47:28.638 | INFO     | modules.Project:MakePDF:250 - ============>> 2 page
2022-04-02 11:47:28.840 | INFO     | modules.Project:MakePDF:326 - ============>> PROJECT SUMMARY
2022-04-02 11:47:28.886 | INFO     | modules.Project:MakePDF:340 - ============>> LOCATION HIGHLIGHT
2022-04-02 11:47:28.952 | INFO     | modules.Project:MakePDF:347 - ============>> District Pricing (Rental)
2022-04-02 11:47:29.163 | INFO     | modules.Project:MakePDF:406 - ============>>Guide to Financial Wellness
2022-04-02 11:47:29.192 | INFO     | modules.Project:MakePDF:551 - ============>>PROGRESSIVE PAYMENT
2022-04-02 11:47:29.224 | INFO     | modules.Project:MakePDF:586 - ============>>10 page
2022-04-02 11:47:29.238 | INFO     | modules.Project:MakePDF:630 - ============>>transactionDate
2022-04-02 11:47:29.272 | INFO     | modules.Project:MakePDF:644 - ============>>Core Central Region (CCR)
2022-04-02 11:47:29.294 | INFO     | modules.Project:MakePDF:655 - ============>>Core Central Region (RCR)
2022-04-02 11:47:29.314 | INFO     | modules.Project:MakePDF:667 - ============>>Core Central Region (OCR)
2022-04-02 11:47:29.349 | INFO     | modules.Project:MakePDF:702 - ============>>add 17 page
2022-04-02 11:47:29.454 | INFO     | modules.Project:GetPndPdfPro:75 - PDF创建成功=======>E:\新联国际\地产项目-C端\python\mixgo_py_pro\02f84b66f27e4f899eb40e3abbfb007d\c1b7ee87189c45c983c53449231c5942.pdf
2022-04-02 11:48:01.088 | INFO     | modules.Project:GetPndPdfPro:66 - 创建PDF,227b5a5863fa4631875adcfb07b38cae
2022-04-02 11:48:01.561 | INFO     | modules.Project:MakePDF:138 - 项目信息查询成功--->>>projectId:227b5a5863fa4631875adcfb07b38cae,agentId:02f84b66f27e4f899eb40e3abbfb007d,projectInfo:{'sold': 0, 'available': 696, 'currencySymbol': '$', 'unitsNum': '696', 'url': None, 'brokeName': 'CDL', 'mainImage': '/upload/broke/2029c11d79004b5e915809fbd6e19f7b/227b5a5863fa4631875adcfb07b38cae/imgs/280898b9a6324cafb927c7317ba81e44.jpeg', 'projectArea': 'RCR', 'district': 'D06', 'snapshotLogo': '/upload/broke/2029c11d79004b5e915809fbd6e19f7b/imgs/06f64c6dc1834b53954fc84670899d57.png', 'completionDate': '2025-12-31 00:00:00', 'projectName': 'Canninghill Piers 康宁河湾', 'tenure': '99 Years', 'released': 0},unitInfo:[{'bedrooms': None, 'number': 4, 'price': 12800000.0}, {'bedrooms': 1, 'number': 11, 'price': 1485000.0}, {'bedrooms': 2, 'number': 23, 'price': 2226000.0}, {'bedrooms': 3, 'number': 19, 'price': 3136000.0}, {'bedrooms': 4, 'number': 24, 'price': 5309000.0}, {'bedrooms': 5, 'number': 14, 'price': 8326000.0}],agentInfo:{'agentId': '02f84b66f27e4f899eb40e3abbfb007d', 'regNum': 'ecoprop', 'mobile': '+65 96352958', 'logo': '/upload/broke/d379d488126c4abf9505367876588b57/mailPhoto/02f84b66f27e4f899eb40e3abbfb007d.png', 'agentName': 'Ken Chen', 'email': 'ken.chenh@audax.com.sg'}
2022-04-02 11:48:02.018 | INFO     | modules.Project:MakePDF:169 - 项目区域销售图查询成功--->>>[]
2022-04-02 11:48:02.256 | INFO     | modules.Project:MakePDF:178 - PDF文件页面图片查询成功--->>>[]
2022-04-02 11:48:02.932 | INFO     | modules.Project:MakePDF:186 - RCR查询成功--->>>{'region': 'RCR', 'signature': 'e9e46fafc05ac3c52b49f064ab38613c'}
2022-04-02 11:48:03.491 | INFO     | modules.Project:MakePDF:192 - CCR查询成功--->>>[{'sold': 66, 'projectArea': 'CCR', 'available': 321, 'projectName': '10 Evelyn', 'projectId': 'b4323957827046808662cfed12d9b211'}, {'sold': 0, 'projectArea': 'CCR', 'available': 0, 'projectName': '111 Emerald Hill 翡翠山', 'projectId': '0deb2829de6b4cb19977afdc7a8aed58'}, {'sold': 33, 'projectArea': 'CCR', 'available': 39, 'projectName': '120 Grange', 'projectId': '1dfacf929ad04a0ba9df03ac1d5ce3cc'}, {'sold': 95, 'projectArea': 'CCR', 'available': 97, 'projectName': '15 Holland Hill', 'projectId': 'f16ea0d153ec4a28ae85812cb1e81c17'}, {'sold': 12, 'projectArea': 'CCR', 'available': 112, 'projectName': '19 Nassim', 'projectId': '9aad9396786644839a97c36653a23285'}, {'sold': 126, 'projectArea': 'CCR', 'available': 133, 'projectName': '26 Newton', 'projectId': '3a4782498bdd46bfaf5a31d2a6c02776'}, {'sold': 125, 'projectArea': 'CCR', 'available': 140, 'projectName': '3 Cuscaden', 'projectId': '0d458a24bc644ed78b33755c1cb52823'}, {'sold': 291, 'projectArea': 'CCR', 'available': 484, 'projectName': '3 Orchard By-The-Park 乌节三翠林', 'projectId': '5bf7a4b2cb7a49959afc1422c13894c9'}, {'sold': 124, 'projectArea': 'CCR', 'available': 169, 'projectName': '35 Gilstead', 'projectId': 'ce4122dbf4bc4537bdde038f5164d542'}, {'sold': 0, 'projectArea': 'CCR', 'available': 0, 'projectName': '38 Jervois', 'projectId': '12da202e89ba46bf8fd77d16d8d04807'}]
2022-04-02 11:48:04.186 | INFO     | modules.Project:MakePDF:198 - OCR查询成功--->>>[{'sold': 66, 'projectArea': 'OCR', 'available': 107, 'projectName': '77 @ East Coast', 'projectId': 'cbcf3b56a26649d9ad2a0835eed7f880'}, {'sold': 2272, 'projectArea': 'OCR', 'available': 2429, 'projectName': 'Affinity at Serangoon', 'projectId': 'a77f72903ab244dc9d8f0daa6988efad'}, {'sold': 85, 'projectArea': 'OCR', 'available': 119, 'projectName': 'Belgravia Ace', 'projectId': '6527d3d2d1724fdc965f655766848e9e'}, {'sold': 2, 'projectArea': 'OCR', 'available': 2, 'projectName': 'Belgravia Green', 'projectId': '28aabcfe559e4df8a7260c58601a61dc'}, {'sold': 0, 'projectArea': 'OCR', 'available': 0, 'projectName': 'BluWaters 2', 'projectId': '4cc1f56d01094d22b50bf36cdab70703'}, {'sold': 0, 'projectArea': 'OCR', 'available': 0, 'projectName': 'Bukit 828', 'projectId': 'a06cad84ba784de1aaf77f7b29e88027'}, {'sold': 4, 'projectArea': 'OCR', 'available': 5, 'projectName': 'Burghley Drive', 'projectId': 'bae103696d324d8aaf621e6992ddd5f2'}, {'sold': 165, 'projectArea': 'OCR', 'available': 199, 'projectName': 'Casa Al Mare', 'projectId': 'ea0834f8f9894212897fee6bed3c98d9'}, {'sold': 8, 'projectArea': 'OCR', 'available': 13, 'projectName': 'Citrine Foodland', 'projectId': '57c40296d6474c88806a1fef94655fa4'}, {'sold': 3198, 'projectArea': 'OCR', 'available': 5908, 'projectName': 'Clavon 悦文荟', 'projectId': 'f405d432d7744e7faed81f0040f3c268'}]
2022-04-02 11:48:04.702 | INFO     | modules.Project:MakePDF:218 - ---------->>>文档创建
2022-04-02 11:48:05.302 | INFO     | modules.Project:MakePDF:245 - ============>> 1 page
2022-04-02 11:48:05.304 | INFO     | modules.Project:MakePDF:250 - ============>> 2 page
2022-04-02 11:48:05.985 | INFO     | modules.Project:MakePDF:326 - ============>> PROJECT SUMMARY
2022-04-02 11:48:06.364 | INFO     | modules.Project:MakePDF:340 - ============>> LOCATION HIGHLIGHT
2022-04-02 11:48:07.218 | INFO     | modules.Project:MakePDF:406 - ============>>Guide to Financial Wellness
2022-04-02 11:48:07.785 | INFO     | modules.Project:MakePDF:551 - ============>>PROGRESSIVE PAYMENT
2022-04-02 11:48:09.180 | INFO     | modules.Project:MakePDF:586 - ============>>10 page
2022-04-02 11:48:09.186 | INFO     | modules.Project:MakePDF:630 - ============>>transactionDate
2022-04-02 11:48:09.215 | INFO     | modules.Project:MakePDF:644 - ============>>Core Central Region (CCR)
2022-04-02 11:48:09.252 | INFO     | modules.Project:MakePDF:655 - ============>>Core Central Region (RCR)
2022-04-02 11:48:09.301 | INFO     | modules.Project:MakePDF:667 - ============>>Core Central Region (OCR)
2022-04-02 11:48:10.016 | INFO     | modules.Project:MakePDF:702 - ============>>add 17 page
2022-04-02 11:48:10.098 | INFO     | modules.Project:GetPndPdfPro:75 - PDF创建成功=======>E:\新联国际\地产项目-C端\python\mixgo_py_pro\02f84b66f27e4f899eb40e3abbfb007d\227b5a5863fa4631875adcfb07b38cae.pdf
2022-04-02 11:53:08.292 | INFO     | modules.Project:GetPndPdfPro:66 - 创建PDF,227b5a5863fa4631875adcfb07b38cae
2022-04-02 11:53:08.591 | INFO     | modules.Project:MakePDF:138 - 项目信息查询成功--->>>projectId:227b5a5863fa4631875adcfb07b38cae,agentId:02f84b66f27e4f899eb40e3abbfb007d,projectInfo:{'sold': 0, 'available': 696, 'currencySymbol': '$', 'unitsNum': '696', 'url': None, 'brokeName': 'CDL', 'mainImage': '/upload/broke/2029c11d79004b5e915809fbd6e19f7b/227b5a5863fa4631875adcfb07b38cae/imgs/280898b9a6324cafb927c7317ba81e44.jpeg', 'projectArea': 'RCR', 'district': 'D06', 'snapshotLogo': '/upload/broke/2029c11d79004b5e915809fbd6e19f7b/imgs/06f64c6dc1834b53954fc84670899d57.png', 'completionDate': '2025-12-31 00:00:00', 'projectName': 'Canninghill Piers 康宁河湾', 'tenure': '99 Years', 'released': 0},unitInfo:[{'bedrooms': None, 'number': 4, 'price': 12800000.0}, {'bedrooms': 1, 'number': 11, 'price': 1485000.0}, {'bedrooms': 2, 'number': 23, 'price': 2226000.0}, {'bedrooms': 3, 'number': 19, 'price': 3136000.0}, {'bedrooms': 4, 'number': 24, 'price': 5309000.0}, {'bedrooms': 5, 'number': 14, 'price': 8326000.0}],agentInfo:{'agentId': '02f84b66f27e4f899eb40e3abbfb007d', 'regNum': 'ecoprop', 'mobile': '+65 96352958', 'logo': '/upload/broke/d379d488126c4abf9505367876588b57/mailPhoto/02f84b66f27e4f899eb40e3abbfb007d.png', 'agentName': 'Ken Chen', 'email': 'ken.chenh@audax.com.sg'}
2022-04-02 11:53:09.062 | INFO     | modules.Project:MakePDF:169 - 项目区域销售图查询成功--->>>[]
2022-04-02 11:53:09.322 | INFO     | modules.Project:MakePDF:178 - PDF文件页面图片查询成功--->>>[]
2022-04-02 11:53:10.022 | INFO     | modules.Project:MakePDF:186 - RCR查询成功--->>>{'region': 'RCR', 'signature': 'e9e46fafc05ac3c52b49f064ab38613c'}
2022-04-02 11:53:10.521 | INFO     | modules.Project:MakePDF:192 - CCR查询成功--->>>[{'sold': 66, 'projectArea': 'CCR', 'available': 321, 'projectName': '10 Evelyn', 'projectId': 'b4323957827046808662cfed12d9b211'}, {'sold': 0, 'projectArea': 'CCR', 'available': 0, 'projectName': '111 Emerald Hill 翡翠山', 'projectId': '0deb2829de6b4cb19977afdc7a8aed58'}, {'sold': 33, 'projectArea': 'CCR', 'available': 39, 'projectName': '120 Grange', 'projectId': '1dfacf929ad04a0ba9df03ac1d5ce3cc'}, {'sold': 95, 'projectArea': 'CCR', 'available': 97, 'projectName': '15 Holland Hill', 'projectId': 'f16ea0d153ec4a28ae85812cb1e81c17'}, {'sold': 12, 'projectArea': 'CCR', 'available': 112, 'projectName': '19 Nassim', 'projectId': '9aad9396786644839a97c36653a23285'}, {'sold': 126, 'projectArea': 'CCR', 'available': 133, 'projectName': '26 Newton', 'projectId': '3a4782498bdd46bfaf5a31d2a6c02776'}, {'sold': 125, 'projectArea': 'CCR', 'available': 140, 'projectName': '3 Cuscaden', 'projectId': '0d458a24bc644ed78b33755c1cb52823'}, {'sold': 291, 'projectArea': 'CCR', 'available': 484, 'projectName': '3 Orchard By-The-Park 乌节三翠林', 'projectId': '5bf7a4b2cb7a49959afc1422c13894c9'}, {'sold': 124, 'projectArea': 'CCR', 'available': 169, 'projectName': '35 Gilstead', 'projectId': 'ce4122dbf4bc4537bdde038f5164d542'}, {'sold': 0, 'projectArea': 'CCR', 'available': 0, 'projectName': '38 Jervois', 'projectId': '12da202e89ba46bf8fd77d16d8d04807'}]
2022-04-02 11:53:11.159 | INFO     | modules.Project:MakePDF:198 - OCR查询成功--->>>[{'sold': 66, 'projectArea': 'OCR', 'available': 107, 'projectName': '77 @ East Coast', 'projectId': 'cbcf3b56a26649d9ad2a0835eed7f880'}, {'sold': 2272, 'projectArea': 'OCR', 'available': 2429, 'projectName': 'Affinity at Serangoon', 'projectId': 'a77f72903ab244dc9d8f0daa6988efad'}, {'sold': 85, 'projectArea': 'OCR', 'available': 119, 'projectName': 'Belgravia Ace', 'projectId': '6527d3d2d1724fdc965f655766848e9e'}, {'sold': 2, 'projectArea': 'OCR', 'available': 2, 'projectName': 'Belgravia Green', 'projectId': '28aabcfe559e4df8a7260c58601a61dc'}, {'sold': 0, 'projectArea': 'OCR', 'available': 0, 'projectName': 'BluWaters 2', 'projectId': '4cc1f56d01094d22b50bf36cdab70703'}, {'sold': 0, 'projectArea': 'OCR', 'available': 0, 'projectName': 'Bukit 828', 'projectId': 'a06cad84ba784de1aaf77f7b29e88027'}, {'sold': 4, 'projectArea': 'OCR', 'available': 5, 'projectName': 'Burghley Drive', 'projectId': 'bae103696d324d8aaf621e6992ddd5f2'}, {'sold': 165, 'projectArea': 'OCR', 'available': 199, 'projectName': 'Casa Al Mare', 'projectId': 'ea0834f8f9894212897fee6bed3c98d9'}, {'sold': 8, 'projectArea': 'OCR', 'available': 13, 'projectName': 'Citrine Foodland', 'projectId': '57c40296d6474c88806a1fef94655fa4'}, {'sold': 3198, 'projectArea': 'OCR', 'available': 5908, 'projectName': 'Clavon 悦文荟', 'projectId': 'f405d432d7744e7faed81f0040f3c268'}]
2022-04-02 11:53:11.718 | INFO     | modules.Project:MakePDF:218 - ---------->>>文档创建
2022-04-02 11:53:12.204 | INFO     | modules.Project:MakePDF:245 - ============>> 1 page
2022-04-02 11:53:12.207 | INFO     | modules.Project:MakePDF:250 - ============>> 2 page
2022-04-02 11:53:12.885 | INFO     | modules.Project:MakePDF:326 - ============>> PROJECT SUMMARY
2022-04-02 11:53:13.298 | INFO     | modules.Project:MakePDF:340 - ============>> LOCATION HIGHLIGHT
2022-04-02 11:53:13.939 | INFO     | modules.Project:MakePDF:406 - ============>>Guide to Financial Wellness
2022-04-02 11:53:14.445 | INFO     | modules.Project:MakePDF:551 - ============>>PROGRESSIVE PAYMENT
2022-04-02 11:53:15.033 | INFO     | modules.Project:MakePDF:586 - ============>>10 page
2022-04-02 11:53:15.038 | INFO     | modules.Project:MakePDF:630 - ============>>transactionDate
2022-04-02 11:53:15.064 | INFO     | modules.Project:MakePDF:644 - ============>>Core Central Region (CCR)
2022-04-02 11:53:15.092 | INFO     | modules.Project:MakePDF:655 - ============>>Core Central Region (RCR)
2022-04-02 11:53:15.120 | INFO     | modules.Project:MakePDF:667 - ============>>Core Central Region (OCR)
2022-04-02 11:53:15.614 | INFO     | modules.Project:MakePDF:702 - ============>>add 17 page
2022-04-02 11:53:15.693 | INFO     | modules.Project:GetPndPdfPro:75 - PDF创建成功=======>E:\新联国际\地产项目-C端\python\mixgo_py_pro\02f84b66f27e4f899eb40e3abbfb007d\227b5a5863fa4631875adcfb07b38cae.pdf
2022-04-02 11:55:01.990 | INFO     | modules.Project:GetPndPdfPro:66 - 创建PDF,227b5a5863fa4631875adcfb07b38cae
2022-04-02 11:55:02.389 | INFO     | modules.Project:MakePDF:138 - 项目信息查询成功--->>>projectId:227b5a5863fa4631875adcfb07b38cae,agentId:02f84b66f27e4f899eb40e3abbfb007d,projectInfo:{'sold': 0, 'available': 696, 'currencySymbol': '$', 'unitsNum': '696', 'url': None, 'brokeName': 'CDL', 'mainImage': '/upload/broke/2029c11d79004b5e915809fbd6e19f7b/227b5a5863fa4631875adcfb07b38cae/imgs/280898b9a6324cafb927c7317ba81e44.jpeg', 'projectArea': 'RCR', 'district': 'D06', 'snapshotLogo': '/upload/broke/2029c11d79004b5e915809fbd6e19f7b/imgs/06f64c6dc1834b53954fc84670899d57.png', 'completionDate': '2025-12-31 00:00:00', 'projectName': 'Canninghill Piers 康宁河湾', 'tenure': '99 Years', 'released': 0},unitInfo:[{'bedrooms': None, 'number': 4, 'price': 12800000.0}, {'bedrooms': 1, 'number': 11, 'price': 1485000.0}, {'bedrooms': 2, 'number': 23, 'price': 2226000.0}, {'bedrooms': 3, 'number': 19, 'price': 3136000.0}, {'bedrooms': 4, 'number': 24, 'price': 5309000.0}, {'bedrooms': 5, 'number': 14, 'price': 8326000.0}],agentInfo:{'agentId': '02f84b66f27e4f899eb40e3abbfb007d', 'regNum': 'ecoprop', 'mobile': '+65 96352958', 'logo': '/upload/broke/d379d488126c4abf9505367876588b57/mailPhoto/02f84b66f27e4f899eb40e3abbfb007d.png', 'agentName': 'Ken Chen', 'email': 'ken.chenh@audax.com.sg'}
2022-04-02 11:55:02.866 | INFO     | modules.Project:MakePDF:169 - 项目区域销售图查询成功--->>>[]
2022-04-02 11:55:03.070 | INFO     | modules.Project:MakePDF:178 - PDF文件页面图片查询成功--->>>[]
2022-04-02 11:55:03.946 | INFO     | modules.Project:MakePDF:186 - RCR查询成功--->>>{'region': 'RCR', 'signature': 'e9e46fafc05ac3c52b49f064ab38613c'}
2022-04-02 11:55:04.458 | INFO     | modules.Project:MakePDF:192 - CCR查询成功--->>>[{'sold': 66, 'projectArea': 'CCR', 'available': 321, 'projectName': '10 Evelyn', 'projectId': 'b4323957827046808662cfed12d9b211'}, {'sold': 0, 'projectArea': 'CCR', 'available': 0, 'projectName': '111 Emerald Hill 翡翠山', 'projectId': '0deb2829de6b4cb19977afdc7a8aed58'}, {'sold': 33, 'projectArea': 'CCR', 'available': 39, 'projectName': '120 Grange', 'projectId': '1dfacf929ad04a0ba9df03ac1d5ce3cc'}, {'sold': 95, 'projectArea': 'CCR', 'available': 97, 'projectName': '15 Holland Hill', 'projectId': 'f16ea0d153ec4a28ae85812cb1e81c17'}, {'sold': 12, 'projectArea': 'CCR', 'available': 112, 'projectName': '19 Nassim', 'projectId': '9aad9396786644839a97c36653a23285'}, {'sold': 126, 'projectArea': 'CCR', 'available': 133, 'projectName': '26 Newton', 'projectId': '3a4782498bdd46bfaf5a31d2a6c02776'}, {'sold': 125, 'projectArea': 'CCR', 'available': 140, 'projectName': '3 Cuscaden', 'projectId': '0d458a24bc644ed78b33755c1cb52823'}, {'sold': 291, 'projectArea': 'CCR', 'available': 484, 'projectName': '3 Orchard By-The-Park 乌节三翠林', 'projectId': '5bf7a4b2cb7a49959afc1422c13894c9'}, {'sold': 124, 'projectArea': 'CCR', 'available': 169, 'projectName': '35 Gilstead', 'projectId': 'ce4122dbf4bc4537bdde038f5164d542'}, {'sold': 0, 'projectArea': 'CCR', 'available': 0, 'projectName': '38 Jervois', 'projectId': '12da202e89ba46bf8fd77d16d8d04807'}]
2022-04-02 11:55:05.137 | INFO     | modules.Project:MakePDF:198 - OCR查询成功--->>>[{'sold': 66, 'projectArea': 'OCR', 'available': 107, 'projectName': '77 @ East Coast', 'projectId': 'cbcf3b56a26649d9ad2a0835eed7f880'}, {'sold': 2272, 'projectArea': 'OCR', 'available': 2429, 'projectName': 'Affinity at Serangoon', 'projectId': 'a77f72903ab244dc9d8f0daa6988efad'}, {'sold': 85, 'projectArea': 'OCR', 'available': 119, 'projectName': 'Belgravia Ace', 'projectId': '6527d3d2d1724fdc965f655766848e9e'}, {'sold': 2, 'projectArea': 'OCR', 'available': 2, 'projectName': 'Belgravia Green', 'projectId': '28aabcfe559e4df8a7260c58601a61dc'}, {'sold': 0, 'projectArea': 'OCR', 'available': 0, 'projectName': 'BluWaters 2', 'projectId': '4cc1f56d01094d22b50bf36cdab70703'}, {'sold': 0, 'projectArea': 'OCR', 'available': 0, 'projectName': 'Bukit 828', 'projectId': 'a06cad84ba784de1aaf77f7b29e88027'}, {'sold': 4, 'projectArea': 'OCR', 'available': 5, 'projectName': 'Burghley Drive', 'projectId': 'bae103696d324d8aaf621e6992ddd5f2'}, {'sold': 165, 'projectArea': 'OCR', 'available': 199, 'projectName': 'Casa Al Mare', 'projectId': 'ea0834f8f9894212897fee6bed3c98d9'}, {'sold': 8, 'projectArea': 'OCR', 'available': 13, 'projectName': 'Citrine Foodland', 'projectId': '57c40296d6474c88806a1fef94655fa4'}, {'sold': 3198, 'projectArea': 'OCR', 'available': 5908, 'projectName': 'Clavon 悦文荟', 'projectId': 'f405d432d7744e7faed81f0040f3c268'}]
2022-04-02 11:55:05.636 | INFO     | modules.Project:MakePDF:218 - ---------->>>文档创建
2022-04-02 11:55:06.502 | INFO     | modules.Project:MakePDF:245 - ============>> 1 page
2022-04-02 11:55:06.505 | INFO     | modules.Project:MakePDF:250 - ============>> 2 page
2022-04-02 11:55:07.250 | INFO     | modules.Project:MakePDF:326 - ============>> PROJECT SUMMARY
2022-04-02 11:55:07.674 | INFO     | modules.Project:MakePDF:340 - ============>> LOCATION HIGHLIGHT
2022-04-02 11:55:08.345 | INFO     | modules.Project:MakePDF:406 - ============>>Guide to Financial Wellness
2022-04-02 11:55:09.207 | INFO     | modules.Project:MakePDF:551 - ============>>PROGRESSIVE PAYMENT
2022-04-02 11:55:09.669 | INFO     | modules.Project:MakePDF:586 - ============>>10 page
2022-04-02 11:55:09.675 | INFO     | modules.Project:MakePDF:630 - ============>>transactionDate
2022-04-02 11:55:09.702 | INFO     | modules.Project:MakePDF:644 - ============>>Core Central Region (CCR)
2022-04-02 11:55:09.748 | INFO     | modules.Project:MakePDF:655 - ============>>Core Central Region (RCR)
2022-04-02 11:55:09.838 | INFO     | modules.Project:MakePDF:667 - ============>>Core Central Region (OCR)
2022-04-02 11:55:11.060 | INFO     | modules.Project:MakePDF:702 - ============>>add 17 page
2022-04-02 11:55:11.125 | INFO     | modules.Project:GetPndPdfPro:75 - PDF创建成功=======>E:\新联国际\地产项目-C端\python\mixgo_py_pro\02f84b66f27e4f899eb40e3abbfb007d\227b5a5863fa4631875adcfb07b38cae.pdf
2022-04-02 11:58:11.462 | INFO     | modules.Project:GetPndPdfPro:66 - 创建PDF,227b5a5863fa4631875adcfb07b38cae
2022-04-02 11:58:11.781 | INFO     | modules.Project:MakePDF:138 - 项目信息查询成功--->>>projectId:227b5a5863fa4631875adcfb07b38cae,agentId:02f84b66f27e4f899eb40e3abbfb007d,projectInfo:{'sold': 0, 'available': 696, 'currencySymbol': '$', 'unitsNum': '696', 'url': None, 'brokeName': 'CDL', 'mainImage': '/upload/broke/2029c11d79004b5e915809fbd6e19f7b/227b5a5863fa4631875adcfb07b38cae/imgs/280898b9a6324cafb927c7317ba81e44.jpeg', 'projectArea': 'RCR', 'district': 'D06', 'snapshotLogo': '/upload/broke/2029c11d79004b5e915809fbd6e19f7b/imgs/06f64c6dc1834b53954fc84670899d57.png', 'completionDate': '2025-12-31 00:00:00', 'projectName': 'Canninghill Piers 康宁河湾', 'tenure': '99 Years', 'released': 0},unitInfo:[{'bedrooms': None, 'number': 4, 'price': 12800000.0}, {'bedrooms': 1, 'number': 11, 'price': 1485000.0}, {'bedrooms': 2, 'number': 23, 'price': 2226000.0}, {'bedrooms': 3, 'number': 19, 'price': 3136000.0}, {'bedrooms': 4, 'number': 24, 'price': 5309000.0}, {'bedrooms': 5, 'number': 14, 'price': 8326000.0}],agentInfo:{'agentId': '02f84b66f27e4f899eb40e3abbfb007d', 'regNum': 'ecoprop', 'mobile': '+65 96352958', 'logo': '/upload/broke/d379d488126c4abf9505367876588b57/mailPhoto/02f84b66f27e4f899eb40e3abbfb007d.png', 'agentName': 'Ken Chen', 'email': 'ken.chenh@audax.com.sg'}
2022-04-02 11:58:12.483 | INFO     | modules.Project:MakePDF:169 - 项目区域销售图查询成功--->>>[]
2022-04-02 11:58:12.880 | INFO     | modules.Project:MakePDF:178 - PDF文件页面图片查询成功--->>>[]
2022-04-02 11:58:13.549 | INFO     | modules.Project:MakePDF:186 - RCR查询成功--->>>{'region': 'RCR', 'signature': 'e9e46fafc05ac3c52b49f064ab38613c'}
2022-04-02 11:58:14.159 | INFO     | modules.Project:MakePDF:192 - CCR查询成功--->>>[{'sold': 66, 'projectArea': 'CCR', 'available': 321, 'projectName': '10 Evelyn', 'projectId': 'b4323957827046808662cfed12d9b211'}, {'sold': 0, 'projectArea': 'CCR', 'available': 0, 'projectName': '111 Emerald Hill 翡翠山', 'projectId': '0deb2829de6b4cb19977afdc7a8aed58'}, {'sold': 33, 'projectArea': 'CCR', 'available': 39, 'projectName': '120 Grange', 'projectId': '1dfacf929ad04a0ba9df03ac1d5ce3cc'}, {'sold': 95, 'projectArea': 'CCR', 'available': 97, 'projectName': '15 Holland Hill', 'projectId': 'f16ea0d153ec4a28ae85812cb1e81c17'}, {'sold': 12, 'projectArea': 'CCR', 'available': 112, 'projectName': '19 Nassim', 'projectId': '9aad9396786644839a97c36653a23285'}, {'sold': 126, 'projectArea': 'CCR', 'available': 133, 'projectName': '26 Newton', 'projectId': '3a4782498bdd46bfaf5a31d2a6c02776'}, {'sold': 125, 'projectArea': 'CCR', 'available': 140, 'projectName': '3 Cuscaden', 'projectId': '0d458a24bc644ed78b33755c1cb52823'}, {'sold': 291, 'projectArea': 'CCR', 'available': 484, 'projectName': '3 Orchard By-The-Park 乌节三翠林', 'projectId': '5bf7a4b2cb7a49959afc1422c13894c9'}, {'sold': 124, 'projectArea': 'CCR', 'available': 169, 'projectName': '35 Gilstead', 'projectId': 'ce4122dbf4bc4537bdde038f5164d542'}, {'sold': 0, 'projectArea': 'CCR', 'available': 0, 'projectName': '38 Jervois', 'projectId': '12da202e89ba46bf8fd77d16d8d04807'}]
2022-04-02 11:58:14.806 | INFO     | modules.Project:MakePDF:198 - OCR查询成功--->>>[{'sold': 66, 'projectArea': 'OCR', 'available': 107, 'projectName': '77 @ East Coast', 'projectId': 'cbcf3b56a26649d9ad2a0835eed7f880'}, {'sold': 2272, 'projectArea': 'OCR', 'available': 2429, 'projectName': 'Affinity at Serangoon', 'projectId': 'a77f72903ab244dc9d8f0daa6988efad'}, {'sold': 85, 'projectArea': 'OCR', 'available': 119, 'projectName': 'Belgravia Ace', 'projectId': '6527d3d2d1724fdc965f655766848e9e'}, {'sold': 2, 'projectArea': 'OCR', 'available': 2, 'projectName': 'Belgravia Green', 'projectId': '28aabcfe559e4df8a7260c58601a61dc'}, {'sold': 0, 'projectArea': 'OCR', 'available': 0, 'projectName': 'BluWaters 2', 'projectId': '4cc1f56d01094d22b50bf36cdab70703'}, {'sold': 0, 'projectArea': 'OCR', 'available': 0, 'projectName': 'Bukit 828', 'projectId': 'a06cad84ba784de1aaf77f7b29e88027'}, {'sold': 4, 'projectArea': 'OCR', 'available': 5, 'projectName': 'Burghley Drive', 'projectId': 'bae103696d324d8aaf621e6992ddd5f2'}, {'sold': 165, 'projectArea': 'OCR', 'available': 199, 'projectName': 'Casa Al Mare', 'projectId': 'ea0834f8f9894212897fee6bed3c98d9'}, {'sold': 8, 'projectArea': 'OCR', 'available': 13, 'projectName': 'Citrine Foodland', 'projectId': '57c40296d6474c88806a1fef94655fa4'}, {'sold': 3198, 'projectArea': 'OCR', 'available': 5908, 'projectName': 'Clavon 悦文荟', 'projectId': 'f405d432d7744e7faed81f0040f3c268'}]
2022-04-02 11:58:15.321 | INFO     | modules.Project:MakePDF:218 - ---------->>>文档创建
2022-04-02 11:58:15.885 | INFO     | modules.Project:MakePDF:245 - ============>> 1 page
2022-04-02 11:58:15.889 | INFO     | modules.Project:MakePDF:250 - ============>> 2 page
2022-04-02 11:58:16.601 | INFO     | modules.Project:MakePDF:326 - ============>> PROJECT SUMMARY
2022-04-02 11:58:17.035 | INFO     | modules.Project:MakePDF:340 - ============>> LOCATION HIGHLIGHT
2022-04-02 11:58:17.643 | INFO     | modules.Project:MakePDF:406 - ============>>Guide to Financial Wellness
2022-04-02 11:58:18.966 | INFO     | modules.Project:MakePDF:551 - ============>>PROGRESSIVE PAYMENT
2022-04-02 11:58:19.510 | INFO     | modules.Project:MakePDF:586 - ============>>10 page
2022-04-02 11:58:19.516 | INFO     | modules.Project:MakePDF:630 - ============>>transactionDate
2022-04-02 11:58:19.542 | INFO     | modules.Project:MakePDF:644 - ============>>Core Central Region (CCR)
2022-04-02 11:58:19.566 | INFO     | modules.Project:MakePDF:655 - ============>>Core Central Region (RCR)
2022-04-02 11:58:19.590 | INFO     | modules.Project:MakePDF:667 - ============>>Core Central Region (OCR)
2022-04-02 11:58:20.099 | INFO     | modules.Project:MakePDF:702 - ============>>add 17 page
2022-04-02 11:58:20.164 | INFO     | modules.Project:GetPndPdfPro:75 - PDF创建成功=======>E:\新联国际\地产项目-C端\python\mixgo_py_pro\02f84b66f27e4f899eb40e3abbfb007d\227b5a5863fa4631875adcfb07b38cae.pdf
2022-04-02 11:59:25.036 | INFO     | modules.Project:GetPndPdfPro:66 - 创建PDF,227b5a5863fa4631875adcfb07b38cae
2022-04-02 11:59:25.342 | INFO     | modules.Project:MakePDF:138 - 项目信息查询成功--->>>projectId:227b5a5863fa4631875adcfb07b38cae,agentId:02f84b66f27e4f899eb40e3abbfb007d,projectInfo:{'sold': 0, 'available': 696, 'currencySymbol': '$', 'unitsNum': '696', 'url': None, 'brokeName': 'CDL', 'mainImage': '/upload/broke/2029c11d79004b5e915809fbd6e19f7b/227b5a5863fa4631875adcfb07b38cae/imgs/280898b9a6324cafb927c7317ba81e44.jpeg', 'projectArea': 'RCR', 'district': 'D06', 'snapshotLogo': '/upload/broke/2029c11d79004b5e915809fbd6e19f7b/imgs/06f64c6dc1834b53954fc84670899d57.png', 'completionDate': '2025-12-31 00:00:00', 'projectName': 'Canninghill Piers 康宁河湾', 'tenure': '99 Years', 'released': 0},unitInfo:[{'bedrooms': None, 'number': 4, 'price': 12800000.0}, {'bedrooms': 1, 'number': 11, 'price': 1485000.0}, {'bedrooms': 2, 'number': 23, 'price': 2226000.0}, {'bedrooms': 3, 'number': 19, 'price': 3136000.0}, {'bedrooms': 4, 'number': 24, 'price': 5309000.0}, {'bedrooms': 5, 'number': 14, 'price': 8326000.0}],agentInfo:{'agentId': '02f84b66f27e4f899eb40e3abbfb007d', 'regNum': 'ecoprop', 'mobile': '+65 96352958', 'logo': '/upload/broke/d379d488126c4abf9505367876588b57/mailPhoto/02f84b66f27e4f899eb40e3abbfb007d.png', 'agentName': 'Ken Chen', 'email': 'ken.chenh@audax.com.sg'}
2022-04-02 11:59:25.872 | INFO     | modules.Project:MakePDF:169 - 项目区域销售图查询成功--->>>[]
2022-04-02 11:59:26.125 | INFO     | modules.Project:MakePDF:178 - PDF文件页面图片查询成功--->>>[]
2022-04-02 11:59:26.857 | INFO     | modules.Project:MakePDF:186 - RCR查询成功--->>>{'region': 'RCR', 'signature': 'e9e46fafc05ac3c52b49f064ab38613c'}
2022-04-02 11:59:27.469 | INFO     | modules.Project:MakePDF:192 - CCR查询成功--->>>[{'sold': 66, 'projectArea': 'CCR', 'available': 321, 'projectName': '10 Evelyn', 'projectId': 'b4323957827046808662cfed12d9b211'}, {'sold': 0, 'projectArea': 'CCR', 'available': 0, 'projectName': '111 Emerald Hill 翡翠山', 'projectId': '0deb2829de6b4cb19977afdc7a8aed58'}, {'sold': 33, 'projectArea': 'CCR', 'available': 39, 'projectName': '120 Grange', 'projectId': '1dfacf929ad04a0ba9df03ac1d5ce3cc'}, {'sold': 95, 'projectArea': 'CCR', 'available': 97, 'projectName': '15 Holland Hill', 'projectId': 'f16ea0d153ec4a28ae85812cb1e81c17'}, {'sold': 12, 'projectArea': 'CCR', 'available': 112, 'projectName': '19 Nassim', 'projectId': '9aad9396786644839a97c36653a23285'}, {'sold': 126, 'projectArea': 'CCR', 'available': 133, 'projectName': '26 Newton', 'projectId': '3a4782498bdd46bfaf5a31d2a6c02776'}, {'sold': 125, 'projectArea': 'CCR', 'available': 140, 'projectName': '3 Cuscaden', 'projectId': '0d458a24bc644ed78b33755c1cb52823'}, {'sold': 291, 'projectArea': 'CCR', 'available': 484, 'projectName': '3 Orchard By-The-Park 乌节三翠林', 'projectId': '5bf7a4b2cb7a49959afc1422c13894c9'}, {'sold': 124, 'projectArea': 'CCR', 'available': 169, 'projectName': '35 Gilstead', 'projectId': 'ce4122dbf4bc4537bdde038f5164d542'}, {'sold': 0, 'projectArea': 'CCR', 'available': 0, 'projectName': '38 Jervois', 'projectId': '12da202e89ba46bf8fd77d16d8d04807'}]
2022-04-02 11:59:28.220 | INFO     | modules.Project:MakePDF:198 - OCR查询成功--->>>[{'sold': 66, 'projectArea': 'OCR', 'available': 107, 'projectName': '77 @ East Coast', 'projectId': 'cbcf3b56a26649d9ad2a0835eed7f880'}, {'sold': 2272, 'projectArea': 'OCR', 'available': 2429, 'projectName': 'Affinity at Serangoon', 'projectId': 'a77f72903ab244dc9d8f0daa6988efad'}, {'sold': 85, 'projectArea': 'OCR', 'available': 119, 'projectName': 'Belgravia Ace', 'projectId': '6527d3d2d1724fdc965f655766848e9e'}, {'sold': 2, 'projectArea': 'OCR', 'available': 2, 'projectName': 'Belgravia Green', 'projectId': '28aabcfe559e4df8a7260c58601a61dc'}, {'sold': 0, 'projectArea': 'OCR', 'available': 0, 'projectName': 'BluWaters 2', 'projectId': '4cc1f56d01094d22b50bf36cdab70703'}, {'sold': 0, 'projectArea': 'OCR', 'available': 0, 'projectName': 'Bukit 828', 'projectId': 'a06cad84ba784de1aaf77f7b29e88027'}, {'sold': 4, 'projectArea': 'OCR', 'available': 5, 'projectName': 'Burghley Drive', 'projectId': 'bae103696d324d8aaf621e6992ddd5f2'}, {'sold': 165, 'projectArea': 'OCR', 'available': 199, 'projectName': 'Casa Al Mare', 'projectId': 'ea0834f8f9894212897fee6bed3c98d9'}, {'sold': 8, 'projectArea': 'OCR', 'available': 13, 'projectName': 'Citrine Foodland', 'projectId': '57c40296d6474c88806a1fef94655fa4'}, {'sold': 3198, 'projectArea': 'OCR', 'available': 5908, 'projectName': 'Clavon 悦文荟', 'projectId': 'f405d432d7744e7faed81f0040f3c268'}]
2022-04-02 11:59:29.095 | INFO     | modules.Project:MakePDF:218 - ---------->>>文档创建
2022-04-02 11:59:29.873 | INFO     | modules.Project:MakePDF:245 - ============>> 1 page
2022-04-02 11:59:29.877 | INFO     | modules.Project:MakePDF:250 - ============>> 2 page
2022-04-02 11:59:30.572 | INFO     | modules.Project:MakePDF:326 - ============>> PROJECT SUMMARY
2022-04-02 11:59:30.947 | INFO     | modules.Project:MakePDF:340 - ============>> LOCATION HIGHLIGHT
2022-04-02 11:59:32.294 | INFO     | modules.Project:MakePDF:406 - ============>>Guide to Financial Wellness
2022-04-02 11:59:32.702 | INFO     | modules.Project:MakePDF:551 - ============>>PROGRESSIVE PAYMENT
2022-04-02 11:59:33.266 | INFO     | modules.Project:MakePDF:586 - ============>>10 page
2022-04-02 11:59:33.271 | INFO     | modules.Project:MakePDF:630 - ============>>transactionDate
2022-04-02 11:59:33.298 | INFO     | modules.Project:MakePDF:644 - ============>>Core Central Region (CCR)
2022-04-02 11:59:33.323 | INFO     | modules.Project:MakePDF:655 - ============>>Core Central Region (RCR)
2022-04-02 11:59:33.346 | INFO     | modules.Project:MakePDF:667 - ============>>Core Central Region (OCR)
2022-04-02 11:59:33.788 | INFO     | modules.Project:MakePDF:702 - ============>>add 17 page
2022-04-02 11:59:33.873 | INFO     | modules.Project:GetPndPdfPro:75 - PDF创建成功=======>E:\新联国际\地产项目-C端\python\mixgo_py_pro\02f84b66f27e4f899eb40e3abbfb007d\227b5a5863fa4631875adcfb07b38cae.pdf
