2022-04-02 12:01:15.739 | INFO     | modules.Project:GetPndPdfPro:66 - 创建PDF,227b5a5863fa4631875adcfb07b38cae
2022-04-02 12:01:16.055 | INFO     | modules.Project:MakePDF:138 - 项目信息查询成功--->>>projectId:227b5a5863fa4631875adcfb07b38cae,agentId:02f84b66f27e4f899eb40e3abbfb007d,projectInfo:{'sold': 0, 'available': 696, 'currencySymbol': '$', 'unitsNum': '696', 'url': None, 'brokeName': 'CDL', 'mainImage': '/upload/broke/2029c11d79004b5e915809fbd6e19f7b/227b5a5863fa4631875adcfb07b38cae/imgs/280898b9a6324cafb927c7317ba81e44.jpeg', 'projectArea': 'RCR', 'district': 'D06', 'snapshotLogo': '/upload/broke/2029c11d79004b5e915809fbd6e19f7b/imgs/06f64c6dc1834b53954fc84670899d57.png', 'completionDate': '2025-12-31 00:00:00', 'projectName': 'Canninghill Piers 康宁河湾', 'tenure': '99 Years', 'released': 0},unitInfo:[{'bedrooms': None, 'number': 4, 'price': 12800000.0}, {'bedrooms': 1, 'number': 11, 'price': 1485000.0}, {'bedrooms': 2, 'number': 23, 'price': 2226000.0}, {'bedrooms': 3, 'number': 19, 'price': 3136000.0}, {'bedrooms': 4, 'number': 24, 'price': 5309000.0}, {'bedrooms': 5, 'number': 14, 'price': 8326000.0}],agentInfo:{'agentId': '02f84b66f27e4f899eb40e3abbfb007d', 'regNum': 'ecoprop', 'mobile': '+65 96352958', 'logo': '/upload/broke/d379d488126c4abf9505367876588b57/mailPhoto/02f84b66f27e4f899eb40e3abbfb007d.png', 'agentName': 'Ken Chen', 'email': 'ken.chenh@audax.com.sg'}
2022-04-02 12:01:16.542 | INFO     | modules.Project:MakePDF:169 - 项目区域销售图查询成功--->>>[]
2022-04-02 12:01:16.784 | INFO     | modules.Project:MakePDF:178 - PDF文件页面图片查询成功--->>>[]
2022-04-02 12:01:17.482 | INFO     | modules.Project:MakePDF:186 - RCR查询成功--->>>{'region': 'RCR', 'signature': 'e9e46fafc05ac3c52b49f064ab38613c'}
2022-04-02 12:01:18.035 | INFO     | modules.Project:MakePDF:192 - CCR查询成功--->>>[{'sold': 66, 'projectArea': 'CCR', 'available': 321, 'projectName': '10 Evelyn', 'projectId': 'b4323957827046808662cfed12d9b211'}, {'sold': 0, 'projectArea': 'CCR', 'available': 0, 'projectName': '111 Emerald Hill 翡翠山', 'projectId': '0deb2829de6b4cb19977afdc7a8aed58'}, {'sold': 33, 'projectArea': 'CCR', 'available': 39, 'projectName': '120 Grange', 'projectId': '1dfacf929ad04a0ba9df03ac1d5ce3cc'}, {'sold': 95, 'projectArea': 'CCR', 'available': 97, 'projectName': '15 Holland Hill', 'projectId': 'f16ea0d153ec4a28ae85812cb1e81c17'}, {'sold': 12, 'projectArea': 'CCR', 'available': 112, 'projectName': '19 Nassim', 'projectId': '9aad9396786644839a97c36653a23285'}, {'sold': 126, 'projectArea': 'CCR', 'available': 133, 'projectName': '26 Newton', 'projectId': '3a4782498bdd46bfaf5a31d2a6c02776'}, {'sold': 125, 'projectArea': 'CCR', 'available': 140, 'projectName': '3 Cuscaden', 'projectId': '0d458a24bc644ed78b33755c1cb52823'}, {'sold': 291, 'projectArea': 'CCR', 'available': 484, 'projectName': '3 Orchard By-The-Park 乌节三翠林', 'projectId': '5bf7a4b2cb7a49959afc1422c13894c9'}, {'sold': 124, 'projectArea': 'CCR', 'available': 169, 'projectName': '35 Gilstead', 'projectId': 'ce4122dbf4bc4537bdde038f5164d542'}, {'sold': 0, 'projectArea': 'CCR', 'available': 0, 'projectName': '38 Jervois', 'projectId': '12da202e89ba46bf8fd77d16d8d04807'}]
2022-04-02 12:01:18.720 | INFO     | modules.Project:MakePDF:198 - OCR查询成功--->>>[{'sold': 66, 'projectArea': 'OCR', 'available': 107, 'projectName': '77 @ East Coast', 'projectId': 'cbcf3b56a26649d9ad2a0835eed7f880'}, {'sold': 2272, 'projectArea': 'OCR', 'available': 2429, 'projectName': 'Affinity at Serangoon', 'projectId': 'a77f72903ab244dc9d8f0daa6988efad'}, {'sold': 85, 'projectArea': 'OCR', 'available': 119, 'projectName': 'Belgravia Ace', 'projectId': '6527d3d2d1724fdc965f655766848e9e'}, {'sold': 2, 'projectArea': 'OCR', 'available': 2, 'projectName': 'Belgravia Green', 'projectId': '28aabcfe559e4df8a7260c58601a61dc'}, {'sold': 0, 'projectArea': 'OCR', 'available': 0, 'projectName': 'BluWaters 2', 'projectId': '4cc1f56d01094d22b50bf36cdab70703'}, {'sold': 0, 'projectArea': 'OCR', 'available': 0, 'projectName': 'Bukit 828', 'projectId': 'a06cad84ba784de1aaf77f7b29e88027'}, {'sold': 4, 'projectArea': 'OCR', 'available': 5, 'projectName': 'Burghley Drive', 'projectId': 'bae103696d324d8aaf621e6992ddd5f2'}, {'sold': 165, 'projectArea': 'OCR', 'available': 199, 'projectName': 'Casa Al Mare', 'projectId': 'ea0834f8f9894212897fee6bed3c98d9'}, {'sold': 8, 'projectArea': 'OCR', 'available': 13, 'projectName': 'Citrine Foodland', 'projectId': '57c40296d6474c88806a1fef94655fa4'}, {'sold': 3198, 'projectArea': 'OCR', 'available': 5908, 'projectName': 'Clavon 悦文荟', 'projectId': 'f405d432d7744e7faed81f0040f3c268'}]
2022-04-02 12:01:19.705 | INFO     | modules.Project:MakePDF:218 - ---------->>>文档创建
2022-04-02 12:01:20.386 | INFO     | modules.Project:MakePDF:245 - ============>> 1 page
2022-04-02 12:01:20.389 | INFO     | modules.Project:MakePDF:250 - ============>> 2 page
2022-04-02 12:01:21.124 | INFO     | modules.Project:MakePDF:326 - ============>> PROJECT SUMMARY
2022-04-02 12:01:21.652 | INFO     | modules.Project:MakePDF:340 - ============>> LOCATION HIGHLIGHT
2022-04-02 12:01:22.336 | INFO     | modules.Project:MakePDF:406 - ============>>Guide to Financial Wellness
2022-04-02 12:01:22.873 | INFO     | modules.Project:MakePDF:551 - ============>>PROGRESSIVE PAYMENT
2022-04-02 12:01:23.373 | INFO     | modules.Project:MakePDF:586 - ============>>10 page
2022-04-02 12:01:23.379 | INFO     | modules.Project:MakePDF:630 - ============>>transactionDate
2022-04-02 12:01:23.408 | INFO     | modules.Project:MakePDF:644 - ============>>Core Central Region (CCR)
2022-04-02 12:01:23.435 | INFO     | modules.Project:MakePDF:655 - ============>>Core Central Region (RCR)
2022-04-02 12:01:23.465 | INFO     | modules.Project:MakePDF:667 - ============>>Core Central Region (OCR)
2022-04-02 12:01:23.967 | INFO     | modules.Project:MakePDF:702 - ============>>add 17 page
2022-04-02 12:01:24.039 | INFO     | modules.Project:GetPndPdfPro:75 - PDF创建成功=======>E:\新联国际\地产项目-C端\python\mixgo_py_pro\02f84b66f27e4f899eb40e3abbfb007d\227b5a5863fa4631875adcfb07b38cae.pdf
2022-04-02 12:02:31.206 | INFO     | modules.Project:GetPndPdfPro:66 - 创建PDF,227b5a5863fa4631875adcfb07b38cae
2022-04-02 12:02:31.528 | INFO     | modules.Project:MakePDF:138 - 项目信息查询成功--->>>projectId:227b5a5863fa4631875adcfb07b38cae,agentId:02f84b66f27e4f899eb40e3abbfb007d,projectInfo:{'sold': 0, 'available': 696, 'currencySymbol': '$', 'unitsNum': '696', 'url': None, 'brokeName': 'CDL', 'mainImage': '/upload/broke/2029c11d79004b5e915809fbd6e19f7b/227b5a5863fa4631875adcfb07b38cae/imgs/280898b9a6324cafb927c7317ba81e44.jpeg', 'projectArea': 'RCR', 'district': 'D06', 'snapshotLogo': '/upload/broke/2029c11d79004b5e915809fbd6e19f7b/imgs/06f64c6dc1834b53954fc84670899d57.png', 'completionDate': '2025-12-31 00:00:00', 'projectName': 'Canninghill Piers 康宁河湾', 'tenure': '99 Years', 'released': 0},unitInfo:[{'bedrooms': None, 'number': 4, 'price': 12800000.0}, {'bedrooms': 1, 'number': 11, 'price': 1485000.0}, {'bedrooms': 2, 'number': 23, 'price': 2226000.0}, {'bedrooms': 3, 'number': 19, 'price': 3136000.0}, {'bedrooms': 4, 'number': 24, 'price': 5309000.0}, {'bedrooms': 5, 'number': 14, 'price': 8326000.0}],agentInfo:{'agentId': '02f84b66f27e4f899eb40e3abbfb007d', 'regNum': 'ecoprop', 'mobile': '+65 96352958', 'logo': '/upload/broke/d379d488126c4abf9505367876588b57/mailPhoto/02f84b66f27e4f899eb40e3abbfb007d.png', 'agentName': 'Ken Chen', 'email': 'ken.chenh@audax.com.sg'}
2022-04-02 12:02:32.035 | INFO     | modules.Project:MakePDF:169 - 项目区域销售图查询成功--->>>[]
2022-04-02 12:02:32.296 | INFO     | modules.Project:MakePDF:178 - PDF文件页面图片查询成功--->>>[]
2022-04-02 12:02:32.999 | INFO     | modules.Project:MakePDF:186 - RCR查询成功--->>>{'region': 'RCR', 'signature': 'e9e46fafc05ac3c52b49f064ab38613c'}
2022-04-02 12:02:33.528 | INFO     | modules.Project:MakePDF:192 - CCR查询成功--->>>[{'sold': 66, 'projectArea': 'CCR', 'available': 321, 'projectName': '10 Evelyn', 'projectId': 'b4323957827046808662cfed12d9b211'}, {'sold': 0, 'projectArea': 'CCR', 'available': 0, 'projectName': '111 Emerald Hill 翡翠山', 'projectId': '0deb2829de6b4cb19977afdc7a8aed58'}, {'sold': 33, 'projectArea': 'CCR', 'available': 39, 'projectName': '120 Grange', 'projectId': '1dfacf929ad04a0ba9df03ac1d5ce3cc'}, {'sold': 95, 'projectArea': 'CCR', 'available': 97, 'projectName': '15 Holland Hill', 'projectId': 'f16ea0d153ec4a28ae85812cb1e81c17'}, {'sold': 12, 'projectArea': 'CCR', 'available': 112, 'projectName': '19 Nassim', 'projectId': '9aad9396786644839a97c36653a23285'}, {'sold': 126, 'projectArea': 'CCR', 'available': 133, 'projectName': '26 Newton', 'projectId': '3a4782498bdd46bfaf5a31d2a6c02776'}, {'sold': 125, 'projectArea': 'CCR', 'available': 140, 'projectName': '3 Cuscaden', 'projectId': '0d458a24bc644ed78b33755c1cb52823'}, {'sold': 291, 'projectArea': 'CCR', 'available': 484, 'projectName': '3 Orchard By-The-Park 乌节三翠林', 'projectId': '5bf7a4b2cb7a49959afc1422c13894c9'}, {'sold': 124, 'projectArea': 'CCR', 'available': 169, 'projectName': '35 Gilstead', 'projectId': 'ce4122dbf4bc4537bdde038f5164d542'}, {'sold': 0, 'projectArea': 'CCR', 'available': 0, 'projectName': '38 Jervois', 'projectId': '12da202e89ba46bf8fd77d16d8d04807'}]
2022-04-02 12:02:34.182 | INFO     | modules.Project:MakePDF:198 - OCR查询成功--->>>[{'sold': 66, 'projectArea': 'OCR', 'available': 107, 'projectName': '77 @ East Coast', 'projectId': 'cbcf3b56a26649d9ad2a0835eed7f880'}, {'sold': 2272, 'projectArea': 'OCR', 'available': 2429, 'projectName': 'Affinity at Serangoon', 'projectId': 'a77f72903ab244dc9d8f0daa6988efad'}, {'sold': 85, 'projectArea': 'OCR', 'available': 119, 'projectName': 'Belgravia Ace', 'projectId': '6527d3d2d1724fdc965f655766848e9e'}, {'sold': 2, 'projectArea': 'OCR', 'available': 2, 'projectName': 'Belgravia Green', 'projectId': '28aabcfe559e4df8a7260c58601a61dc'}, {'sold': 0, 'projectArea': 'OCR', 'available': 0, 'projectName': 'BluWaters 2', 'projectId': '4cc1f56d01094d22b50bf36cdab70703'}, {'sold': 0, 'projectArea': 'OCR', 'available': 0, 'projectName': 'Bukit 828', 'projectId': 'a06cad84ba784de1aaf77f7b29e88027'}, {'sold': 4, 'projectArea': 'OCR', 'available': 5, 'projectName': 'Burghley Drive', 'projectId': 'bae103696d324d8aaf621e6992ddd5f2'}, {'sold': 165, 'projectArea': 'OCR', 'available': 199, 'projectName': 'Casa Al Mare', 'projectId': 'ea0834f8f9894212897fee6bed3c98d9'}, {'sold': 8, 'projectArea': 'OCR', 'available': 13, 'projectName': 'Citrine Foodland', 'projectId': '57c40296d6474c88806a1fef94655fa4'}, {'sold': 3198, 'projectArea': 'OCR', 'available': 5908, 'projectName': 'Clavon 悦文荟', 'projectId': 'f405d432d7744e7faed81f0040f3c268'}]
2022-04-02 12:02:34.948 | INFO     | modules.Project:MakePDF:218 - ---------->>>文档创建
2022-04-02 12:02:35.504 | INFO     | modules.Project:MakePDF:245 - ============>> 1 page
2022-04-02 12:02:35.507 | INFO     | modules.Project:MakePDF:250 - ============>> 2 page
2022-04-02 12:02:36.176 | INFO     | modules.Project:MakePDF:326 - ============>> PROJECT SUMMARY
2022-04-02 12:02:36.580 | INFO     | modules.Project:MakePDF:340 - ============>> LOCATION HIGHLIGHT
2022-04-02 12:02:37.270 | INFO     | modules.Project:MakePDF:406 - ============>>Guide to Financial Wellness
2022-04-02 12:02:37.771 | INFO     | modules.Project:MakePDF:551 - ============>>PROGRESSIVE PAYMENT
2022-04-02 12:02:38.280 | INFO     | modules.Project:MakePDF:586 - ============>>10 page
2022-04-02 12:02:38.286 | INFO     | modules.Project:MakePDF:630 - ============>>transactionDate
2022-04-02 12:02:38.315 | INFO     | modules.Project:MakePDF:644 - ============>>Core Central Region (CCR)
2022-04-02 12:02:38.339 | INFO     | modules.Project:MakePDF:655 - ============>>Core Central Region (RCR)
2022-04-02 12:02:38.364 | INFO     | modules.Project:MakePDF:667 - ============>>Core Central Region (OCR)
2022-04-02 12:02:39.001 | INFO     | modules.Project:MakePDF:702 - ============>>add 17 page
2022-04-02 12:02:39.080 | INFO     | modules.Project:GetPndPdfPro:75 - PDF创建成功=======>E:\新联国际\地产项目-C端\python\mixgo_py_pro\02f84b66f27e4f899eb40e3abbfb007d\227b5a5863fa4631875adcfb07b38cae.pdf
