2022-11-25 10:13:02.604 | INFO     | modules.Project:EcopropSheraProPdf:167 - ----->>>创建 ecoprop_shera_pro_pdf
2022-11-25 10:13:33.365 | INFO     | modules.Project:EcopropSheraProPdf:167 - ----->>>创建 ecoprop_shera_pro_pdf
2022-11-25 10:13:38.079 | INFO     | modules.Project:EcopropSheraProPdf:167 - ----->>>创建 ecoprop_shera_pro_pdf
2022-11-25 10:14:02.027 | INFO     | modules.Project:EcopropSheraProPdf:167 - ----->>>创建 ecoprop_shera_pro_pdf
2022-11-25 10:14:32.509 | INFO     | modules.Project:EcopropSheraProPdf:167 - ----->>>创建 ecoprop_shera_pro_pdf
2022-11-25 10:14:45.655 | INFO     | modules.Project:EcopropSheraProPdf:167 - ----->>>创建 ecoprop_shera_pro_pdf
2022-11-25 10:14:59.179 | INFO     | modules.Project:EcopropSheraProPdf:167 - ----->>>创建 ecoprop_shera_pro_pdf
2022-11-25 10:15:35.055 | INFO     | modules.Project:EcopropSheraProPdf:167 - ----->>>创建 ecoprop_shera_pro_pdf
2022-11-25 10:15:55.538 | INFO     | modules.Project:EcopropSheraProPdf:167 - ----->>>创建 ecoprop_shera_pro_pdf
2022-11-25 10:16:06.738 | INFO     | modules.Project:EcopropSheraProPdf:167 - ----->>>创建 ecoprop_shera_pro_pdf
2022-11-25 10:16:58.949 | INFO     | modules.Project:EcopropSheraProPdf:167 - ----->>>创建 ecoprop_shera_pro_pdf
2022-11-25 10:19:26.990 | INFO     | modules.Project:EcopropSheraProPdf:167 - ----->>>创建 ecoprop_shera_pro_pdf
2022-11-25 10:24:52.913 | INFO     | modules.Project:EcopropSheraProPdf:167 - ----->>>创建 ecoprop_shera_pro_pdf
2022-11-25 10:24:54.387 | INFO     | modules.Project:EcopropSheraProPdf:172 - PDF创建成功=======>E:/新联国际/地产项目-C端/python/mixgo_py_pro/broke/test.pdf
2022-11-25 10:29:23.750 | INFO     | modules.Project:EcopropSheraProPdf:167 - ----->>>创建 ecoprop_shera_pro_pdf
2022-11-25 10:30:07.538 | INFO     | modules.Project:EcopropSheraProPdf:167 - ----->>>创建 ecoprop_shera_pro_pdf
2022-11-25 10:30:08.663 | INFO     | modules.Project:EcopropSheraProPdf:172 - PDF创建成功=======>E:/新联国际/地产项目-C端/python/mixgo_py_pro/broke
2022-11-25 10:31:05.430 | INFO     | modules.Project:EcopropSheraProPdf:167 - ----->>>创建 ecoprop_shera_pro_pdf
2022-11-25 10:31:06.522 | INFO     | modules.Project:EcopropSheraProPdf:172 - PDF创建成功=======>E:/新联国际/地产项目-C端/python/mixgo_py_pro/broke
2022-11-25 10:34:44.295 | INFO     | modules.Project:EcopropSheraProPdf:167 - ----->>>创建 ecoprop_shera_pro_pdf
2022-11-25 10:35:36.461 | INFO     | modules.Project:EcopropSheraProPdf:167 - ----->>>创建 ecoprop_shera_pro_pdf
2022-11-25 10:35:52.714 | INFO     | modules.Project:EcopropSheraProPdf:167 - ----->>>创建 ecoprop_shera_pro_pdf
2022-11-25 10:38:39.933 | INFO     | modules.Project:EcopropSheraProPdf:167 - ----->>>创建 ecoprop_shera_pro_pdf
2022-11-25 10:38:55.224 | INFO     | modules.Project:EcopropSheraProPdf:167 - ----->>>创建 ecoprop_shera_pro_pdf
2022-11-25 10:38:56.325 | INFO     | modules.Project:EcopropSheraProPdf:172 - PDF创建成功=======>E:/新联国际/地产项目-C端/python/mixgo_py_pro/broke\test.pdf
2022-11-25 10:39:22.197 | INFO     | modules.Project:EcopropSheraProPdf:167 - ----->>>创建 ecoprop_shera_pro_pdf
2022-11-25 10:39:23.247 | INFO     | modules.Project:EcopropSheraProPdf:172 - PDF创建成功=======>E:/新联国际/地产项目-C端/python/mixgo_py_pro/broke/test.pdf
2022-11-25 10:41:56.726 | INFO     | modules.Project:EcopropSheraProPdf:167 - ----->>>创建 ecoprop_shera_pro_pdf
2022-11-25 10:41:57.742 | INFO     | modules.Project:EcopropSheraProPdf:172 - PDF创建成功=======>E:/新联国际/地产项目-C端/python/mixgo_py_pro/broke/test.pdf
2022-11-25 10:42:05.450 | INFO     | modules.Project:EcopropSheraProPdf:167 - ----->>>创建 ecoprop_shera_pro_pdf
2022-11-25 10:42:06.446 | INFO     | modules.Project:EcopropSheraProPdf:172 - PDF创建成功=======>E:/新联国际/地产项目-C端/python/mixgo_py_pro/broke/test.pdf
2022-11-25 10:42:30.614 | INFO     | modules.Project:EcopropSheraProPdf:167 - ----->>>创建 ecoprop_shera_pro_pdf
2022-11-25 10:42:31.646 | INFO     | modules.Project:EcopropSheraProPdf:172 - PDF创建成功=======>E:/新联国际/地产项目-C端/python/mixgo_py_pro/broke/test.pdf
2022-11-25 10:45:30.728 | INFO     | modules.Project:EcopropSheraProPdf:167 - ----->>>创建 ecoprop_shera_pro_pdf
2022-11-25 10:45:31.799 | INFO     | modules.Project:EcopropSheraProPdf:172 - PDF创建成功=======>E:/新联国际/地产项目-C端/python/mixgo_py_pro/broke/1669344330.7319562.pdf
2022-11-25 10:45:45.177 | INFO     | modules.Project:EcopropSheraProPdf:167 - ----->>>创建 ecoprop_shera_pro_pdf
2022-11-25 10:45:46.205 | INFO     | modules.Project:EcopropSheraProPdf:172 - PDF创建成功=======>E:/新联国际/地产项目-C端/python/mixgo_py_pro/broke/1669344345.pdf
2022-11-25 10:47:19.473 | INFO     | modules.Project:EcopropSheraProPdf:167 - ----->>>创建 ecoprop_shera_pro_pdf
2022-11-25 10:47:20.503 | INFO     | modules.Project:EcopropSheraProPdf:172 - PDF创建成功=======>E:/新联国际/地产项目-C端/python/mixgo_py_pro/broke/1669344439.pdf
2022-11-25 10:47:44.491 | INFO     | modules.Project:EcopropSheraProPdf:167 - ----->>>创建 ecoprop_shera_pro_pdf
2022-11-25 10:47:45.547 | INFO     | modules.Project:EcopropSheraProPdf:172 - PDF创建成功=======>E:/新联国际/地产项目-C端/python/mixgo_py_pro/broke/1669344464.pdf
2022-11-25 10:48:10.379 | INFO     | modules.Project:EcopropSheraProPdf:167 - ----->>>创建 ecoprop_shera_pro_pdf
2022-11-25 10:48:11.423 | INFO     | modules.Project:EcopropSheraProPdf:172 - PDF创建成功=======>E:/新联国际/地产项目-C端/python/mixgo_py_pro/broke/1669344490.pdf
2022-11-25 10:48:20.346 | INFO     | modules.Project:EcopropSheraProPdf:167 - ----->>>创建 ecoprop_shera_pro_pdf
2022-11-25 10:48:21.328 | INFO     | modules.Project:EcopropSheraProPdf:172 - PDF创建成功=======>E:/新联国际/地产项目-C端/python/mixgo_py_pro/broke/1669344500.pdf
2022-11-25 10:50:09.533 | INFO     | modules.Project:EcopropSheraProPdf:167 - ----->>>创建 ecoprop_shera_pro_pdf
2022-11-25 10:50:10.506 | INFO     | modules.Project:EcopropSheraProPdf:172 - PDF创建成功=======>E:/新联国际/地产项目-C端/python/mixgo_py_pro/broke/1669344609.pdf
2022-11-25 10:56:06.084 | INFO     | modules.Project:EcopropSheraProPdf:167 - ----->>>创建 ecoprop_shera_pro_pdf
2022-11-25 10:56:07.143 | INFO     | modules.Project:EcopropSheraProPdf:172 - PDF创建成功=======>E:/新联国际/地产项目-C端/python/mixgo_py_pro/broke/1669344966.pdf
2022-11-25 11:09:58.493 | INFO     | modules.Project:EcopropSheraProPdf:167 - ----->>>创建 ecoprop_shera_pro_pdf
2022-11-25 11:10:16.211 | INFO     | modules.Project:EcopropSheraProPdf:167 - ----->>>创建 ecoprop_shera_pro_pdf
2022-11-25 11:10:42.217 | INFO     | modules.Project:EcopropSheraProPdf:167 - ----->>>创建 ecoprop_shera_pro_pdf
2022-11-25 11:10:55.070 | INFO     | modules.Project:EcopropSheraProPdf:167 - ----->>>创建 ecoprop_shera_pro_pdf
2022-11-25 11:11:21.884 | INFO     | modules.Project:EcopropSheraProPdf:167 - ----->>>创建 ecoprop_shera_pro_pdf
2022-11-25 11:11:38.349 | INFO     | modules.Project:EcopropSheraProPdf:167 - ----->>>创建 ecoprop_shera_pro_pdf
2022-11-25 11:12:02.534 | INFO     | modules.Project:EcopropSheraProPdf:167 - ----->>>创建 ecoprop_shera_pro_pdf
2022-11-25 11:12:41.965 | INFO     | modules.Project:EcopropSheraProPdf:167 - ----->>>创建 ecoprop_shera_pro_pdf
2022-11-25 11:12:43.098 | INFO     | modules.Project:EcopropSheraProPdf:172 - PDF创建成功=======>E:/新联国际/地产项目-C端/python/mixgo_py_pro/broke/25-11-2022.pdf
