2022-04-08 16:35:40.605 | INFO     | modules.Project:GetPndPdfPro:130 - ----->>>创建 era_bedroom_pdf,bac8734f5565424b92039ad18e9daa9f
2022-04-08 16:35:40.831 | INFO     | modules.Project:GetPndPdfPro:139 - PDF创建成功=======>E:\新联国际\地产项目-C端\python\mixgo_py_pro\Comparison\02f84b66f27e4f899eb40e3abbfb007d.pdf
2022-04-08 16:43:51.708 | INFO     | modules.Project:GetPndPdfPro:130 - ----->>>创建 era_bedroom_pdf,bac8734f5565424b92039ad18e9daa9f
2022-04-08 16:43:51.914 | INFO     | modules.Project:GetPndPdfPro:139 - PDF创建成功=======>E:\新联国际\地产项目-C端\python\mixgo_py_pro\Comparison\02f84b66f27e4f899eb40e3abbfb007d.pdf
2022-04-08 16:44:28.893 | INFO     | modules.Project:GetPndPdfPro:130 - ----->>>创建 era_bedroom_pdf,bac8734f5565424b92039ad18e9daa9f
2022-04-08 16:44:42.793 | INFO     | modules.Project:GetPndPdfPro:130 - ----->>>创建 era_bedroom_pdf,bac8734f5565424b92039ad18e9daa9f
2022-04-08 16:45:21.408 | INFO     | modules.Project:GetPndPdfPro:130 - ----->>>创建 era_bedroom_pdf,bac8734f5565424b92039ad18e9daa9f
2022-04-08 16:45:21.610 | INFO     | modules.Project:GetPndPdfPro:139 - PDF创建成功=======>E:\新联国际\地产项目-C端\python\mixgo_py_pro\Comparison\02f84b66f27e4f899eb40e3abbfb007d.pdf
2022-04-08 16:45:34.206 | INFO     | modules.Project:GetPndPdfPro:130 - ----->>>创建 era_bedroom_pdf,bac8734f5565424b92039ad18e9daa9f
2022-04-08 16:45:34.402 | INFO     | modules.Project:GetPndPdfPro:139 - PDF创建成功=======>E:\新联国际\地产项目-C端\python\mixgo_py_pro\Comparison\02f84b66f27e4f899eb40e3abbfb007d.pdf
2022-04-08 16:48:12.950 | INFO     | modules.Project:GetPndPdfPro:130 - ----->>>创建 era_bedroom_pdf,bac8734f5565424b92039ad18e9daa9f
2022-04-08 16:48:13.169 | INFO     | modules.Project:GetPndPdfPro:139 - PDF创建成功=======>E:\新联国际\地产项目-C端\python\mixgo_py_pro\Comparison\02f84b66f27e4f899eb40e3abbfb007d.pdf
2022-04-08 17:13:10.061 | INFO     | modules.Project:GetPndPdfPro:131 - ----->>>创建 era_bedroom_pdf,bac8734f5565424b92039ad18e9daa9f
2022-04-08 17:13:10.269 | INFO     | modules.Project:GetPndPdfPro:140 - PDF创建成功=======>/home/upload/broke/pnd/file/report\Comparison\02f84b66f27e4f899eb40e3abbfb007d.pdf
2022-04-08 17:28:15.196 | INFO     | modules.Project:GetPndPdfPro:131 - ----->>>创建 era_bedroom_pdf,bac8734f5565424b92039ad18e9daa9f
2022-04-08 17:28:15.399 | INFO     | modules.Project:GetPndPdfPro:140 - PDF创建成功=======>/home/upload/broke/pnd/file/report\Comparison\02f84b66f27e4f899eb40e3abbfb007d.pdf
2022-04-08 17:28:42.759 | INFO     | modules.Project:GetPndPdfPro:131 - ----->>>创建 era_bedroom_pdf,bac8734f5565424b92039ad18e9daa9f
2022-04-08 17:28:42.957 | INFO     | modules.Project:GetPndPdfPro:140 - PDF创建成功=======>/home/upload/broke/pnd/file/report\Comparison\02f84b66f27e4f899eb40e3abbfb007d.pdf
2022-04-08 17:29:50.975 | INFO     | modules.Project:GetPndPdfPro:131 - ----->>>创建 era_bedroom_pdf,bac8734f5565424b92039ad18e9daa9f
2022-04-08 17:29:51.158 | INFO     | modules.Project:GetPndPdfPro:140 - PDF创建成功=======>/home/upload/broke/pnd/file/report\Comparison\02f84b66f27e4f899eb40e3abbfb007d.pdf
2022-04-08 17:30:46.547 | INFO     | modules.Project:GetPndPdfPro:131 - ----->>>创建 era_bedroom_pdf,bac8734f5565424b92039ad18e9daa9f
2022-04-08 17:30:46.757 | INFO     | modules.Project:GetPndPdfPro:140 - PDF创建成功=======>/home/upload/broke/pnd/file/report\Comparison\02f84b66f27e4f899eb40e3abbfb007d.pdf
2022-04-08 17:30:58.259 | INFO     | modules.Project:GetPndPdfPro:131 - ----->>>创建 era_bedroom_pdf,bac8734f5565424b92039ad18e9daa9f
2022-04-08 17:30:58.463 | INFO     | modules.Project:GetPndPdfPro:140 - PDF创建成功=======>E:\新联国际\地产项目-C端\python\mixgo_py_pro\Comparison\02f84b66f27e4f899eb40e3abbfb007d.pdf
2022-04-08 17:32:52.045 | INFO     | modules.Project:GetPndPdfPro:131 - ----->>>创建 era_bedroom_pdf,bac8734f5565424b92039ad18e9daa9f
2022-04-08 17:32:52.327 | INFO     | modules.Project:GetPndPdfPro:140 - PDF创建成功=======>/home/upload/broke/02f84b66f27e4f899eb40e3abbfb007d\pdf\20220408\02f84b66f27e4f899eb40e3abbfb007d.pdf
2022-04-08 17:34:19.459 | INFO     | modules.Project:GetPndPdfPro:131 - ----->>>创建 era_bedroom_pdf,bac8734f5565424b92039ad18e9daa9f
2022-04-08 17:34:46.047 | INFO     | modules.Project:GetPndPdfPro:131 - ----->>>创建 era_bedroom_pdf,bac8734f5565424b92039ad18e9daa9f
2022-04-08 17:34:46.249 | INFO     | modules.Project:GetPndPdfPro:140 - PDF创建成功=======>/home/upload/broke/02f84b66f27e4f899eb40e3abbfb007d\pdf\20220408\02f84b66f27e4f899eb40e3abbfb007d1649410486.0492384.pdf
2022-04-08 17:35:08.180 | INFO     | modules.Project:GetPndPdfPro:131 - ----->>>创建 era_bedroom_pdf,bac8734f5565424b92039ad18e9daa9f
2022-04-08 17:35:08.396 | INFO     | modules.Project:GetPndPdfPro:140 - PDF创建成功=======>/home/upload/broke/02f84b66f27e4f899eb40e3abbfb007d\pdf\20220408\02f84b66f27e4f899eb40e3abbfb007d1649410508.pdf
2022-04-08 18:33:05.461 | ERROR    | manger:request_validation_exception_handler:61 - 参数错误POST http://127.0.0.1:7777/project/era_bedroom_pdf
2022-04-08 18:33:35.751 | ERROR    | manger:request_validation_exception_handler:61 - 参数错误POST http://127.0.0.1:7777/project/era_bedroom_pdf
2022-04-08 18:33:51.985 | ERROR    | manger:request_validation_exception_handler:61 - 参数错误POST http://127.0.0.1:7777/project/era_bedroom_pdf
2022-04-08 18:36:14.793 | INFO     | modules.Project:GetPndPdfPro:131 - ----->>>创建 era_bedroom_pdf, 0c5d80359cc5416a9ea953fdebcbfc20, 71dd9f81e0534265afae1b19e9517b32
2022-04-08 18:36:24.439 | ERROR    | manger:request_validation_exception_handler:61 - 参数错误POST http://127.0.0.1:7777/project/era_bedroom_pdf
2022-04-08 18:36:47.561 | ERROR    | manger:request_validation_exception_handler:61 - 参数错误POST http://127.0.0.1:7777/project/era_bedroom_pdf
2022-04-08 18:37:14.709 | ERROR    | manger:request_validation_exception_handler:61 - 参数错误POST http://127.0.0.1:7777/project/era_bedroom_pdf
2022-04-08 18:37:29.737 | INFO     | modules.Project:GetPndPdfPro:132 - ----->>>创建 era_bedroom_pdf, 0c5d80359cc5416a9ea953fdebcbfc20, 71dd9f81e0534265afae1b19e9517b32
2022-04-08 18:37:45.436 | INFO     | modules.Project:GetPndPdfPro:132 - ----->>>创建 era_bedroom_pdf, 0c5d80359cc5416a9ea953fdebcbfc20, 71dd9f81e0534265afae1b19e9517b32
2022-04-08 18:38:31.968 | ERROR    | manger:request_validation_exception_handler:61 - 参数错误POST http://127.0.0.1:7777/project/era_bedroom_pdf
2022-04-08 18:38:41.369 | INFO     | modules.Project:GetPndPdfPro:132 - ----->>>创建 era_bedroom_pdf,0c5d80359cc5416a9ea953fdebcbfc20,71dd9f81e0534265afae1b19e9517b32
2022-04-08 18:39:12.721 | INFO     | modules.Project:GetPndPdfPro:132 - ----->>>创建 era_bedroom_pdf,0c5d80359cc5416a9ea953fdebcbfc20,71dd9f81e0534265afae1b19e9517b32
2022-04-08 18:39:54.771 | INFO     | modules.Project:GetPndPdfPro:132 - ----->>>创建 era_bedroom_pdf,0c5d80359cc5416a9ea953fdebcbfc20,71dd9f81e0534265afae1b19e9517b32
2022-04-08 18:40:30.174 | INFO     | modules.Project:GetPndPdfPro:132 - ----->>>创建 era_bedroom_pdf,0c5d80359cc5416a9ea953fdebcbfc20,71dd9f81e0534265afae1b19e9517b32
2022-04-08 18:41:35.399 | ERROR    | manger:request_validation_exception_handler:61 - 参数错误POST http://127.0.0.1:7777/project/era_bedroom_pdf
2022-04-08 18:42:32.355 | INFO     | modules.Project:GetPndPdfPro:132 - ----->>>创建 era_bedroom_pdf,None,None
2022-04-08 18:44:01.002 | INFO     | modules.Project:GetPndPdfPro:133 - ----->>>创建 era_bedroom_pdf,0c5d80359cc5416a9ea953fdebcbfc20,71dd9f81e0534265afae1b19e9517b32
2022-04-08 18:45:28.597 | INFO     | modules.Project:GetPndPdfPro:133 - ----->>>创建 era_bedroom_pdf,0c5d80359cc5416a9ea953fdebcbfc20,71dd9f81e0534265afae1b19e9517b32
2022-04-08 18:45:36.137 | INFO     | modules.Project:GetPndPdfPro:136 - ----->>>创建 era_bedroom_pdf,0c5d80359cc5416a9ea953fdebcbfc20,71dd9f81e0534265afae1b19e9517b32
2022-04-08 18:48:12.941 | ERROR    | manger:request_validation_exception_handler:61 - 参数错误POST http://127.0.0.1:7777/project/era_bedroom_pdf
2022-04-08 18:48:25.654 | ERROR    | manger:request_validation_exception_handler:61 - 参数错误POST http://127.0.0.1:7777/project/era_bedroom_pdf
2022-04-08 18:48:31.481 | ERROR    | manger:request_validation_exception_handler:61 - 参数错误POST http://127.0.0.1:7777/project/era_bedroom_pdf
2022-04-08 18:48:41.083 | ERROR    | manger:request_validation_exception_handler:61 - 参数错误POST http://127.0.0.1:7777/project/era_bedroom_pdf
2022-04-08 18:48:48.610 | INFO     | modules.Project:GetPndPdfPro:136 - ----->>>创建 era_bedroom_pdf,0c5d80359cc5416a9ea953fdebcbfc20,71dd9f81e0534265afae1b19e9517b32
2022-04-08 18:50:51.181 | INFO     | modules.Project:GetPndPdfPro:136 - ----->>>创建 era_bedroom_pdf,,
2022-04-08 18:52:04.321 | ERROR    | manger:request_validation_exception_handler:61 - 参数错误POST http://127.0.0.1:7777/project/era_bedroom_pdf
2022-04-08 18:52:10.067 | INFO     | modules.Project:GetPndPdfPro:136 - ----->>>创建 era_bedroom_pdf,0c5d80359cc5416a9ea953fdebcbfc20,71dd9f81e0534265afae1b19e9517b32
2022-04-08 18:52:14.757 | INFO     | modules.Project:GetPndPdfPro:136 - ----->>>创建 era_bedroom_pdf,0c5d80359cc5416a9ea953fdebcbfc20,71dd9f81e0534265afae1b19e9517b32
2022-04-08 18:53:05.320 | ERROR    | manger:request_validation_exception_handler:61 - 参数错误POST http://127.0.0.1:7777/project/era_bedroom_pdf
2022-04-08 18:54:33.740 | ERROR    | manger:request_validation_exception_handler:61 - 参数错误POST http://127.0.0.1:7777/project/era_bedroom_pdf
2022-04-08 18:54:41.330 | ERROR    | manger:request_validation_exception_handler:61 - 参数错误POST http://127.0.0.1:7777/project/era_bedroom_pdf
2022-04-08 18:54:57.380 | INFO     | modules.Project:GetPndPdfPro:136 - ----->>>创建 era_bedroom_pdf,0c5d80359cc5416a9ea953fdebcbfc20,71dd9f81e0534265afae1b19e9517b32
2022-04-08 18:56:49.794 | ERROR    | manger:request_validation_exception_handler:61 - 参数错误POST http://127.0.0.1:7777/project/era_bedroom_pdf
2022-04-08 18:56:53.038 | ERROR    | manger:request_validation_exception_handler:61 - 参数错误POST http://127.0.0.1:7777/project/era_bedroom_pdf
2022-04-08 18:56:59.320 | ERROR    | manger:request_validation_exception_handler:61 - 参数错误POST http://127.0.0.1:7777/project/era_bedroom_pdf
2022-04-08 18:57:04.157 | INFO     | modules.Project:GetPndPdfPro:136 - ----->>>创建 era_bedroom_pdf,0c5d80359cc5416a9ea953fdebcbfc20,71dd9f81e0534265afae1b19e9517b32
2022-04-08 18:57:42.632 | INFO     | modules.Project:GetPndPdfPro:136 - ----->>>创建 era_bedroom_pdf,0c5d80359cc5416a9ea953fdebcbfc20,71dd9f81e0534265afae1b19e9517b32
2022-04-08 18:59:45.733 | INFO     | modules.Project:GetPndPdfPro:137 - ----->>>创建 era_bedroom_pdf,0c5d80359cc5416a9ea953fdebcbfc20,71dd9f81e0534265afae1b19e9517b32
2022-04-08 18:59:56.859 | INFO     | modules.Project:GetPndPdfPro:137 - ----->>>创建 era_bedroom_pdf,0c5d80359cc5416a9ea953fdebcbfc20,71dd9f81e0534265afae1b19e9517b32
2022-04-08 19:00:24.102 | INFO     | modules.Project:GetPndPdfPro:137 - ----->>>创建 era_bedroom_pdf,0c5d80359cc5416a9ea953fdebcbfc20,71dd9f81e0534265afae1b19e9517b32
2022-04-08 19:07:10.690 | INFO     | modules.Project:GetPndPdfPro:134 - ----->>>创建 era_bedroom_pdf,0c5d80359cc5416a9ea953fdebcbfc20,71dd9f81e0534265afae1b19e9517b32
2022-04-08 19:07:23.388 | INFO     | modules.Project:GetPndPdfPro:134 - ----->>>创建 era_bedroom_pdf,0c5d80359cc5416a9ea953fdebcbfc20,71dd9f81e0534265afae1b19e9517b32
2022-04-08 19:07:40.142 | INFO     | modules.Project:GetPndPdfPro:134 - ----->>>创建 era_bedroom_pdf,0c5d80359cc5416a9ea953fdebcbfc20,71dd9f81e0534265afae1b19e9517b32
2022-04-08 19:07:59.955 | INFO     | modules.Project:GetPndPdfPro:134 - ----->>>创建 era_bedroom_pdf,0c5d80359cc5416a9ea953fdebcbfc20,71dd9f81e0534265afae1b19e9517b32
2022-04-08 19:08:14.803 | INFO     | modules.Project:GetPndPdfPro:134 - ----->>>创建 era_bedroom_pdf,0c5d80359cc5416a9ea953fdebcbfc20,71dd9f81e0534265afae1b19e9517b32
2022-04-08 19:08:27.003 | INFO     | modules.Project:GetPndPdfPro:134 - ----->>>创建 era_bedroom_pdf,0c5d80359cc5416a9ea953fdebcbfc20,71dd9f81e0534265afae1b19e9517b32
2022-04-08 19:09:01.505 | INFO     | modules.Project:GetPndPdfPro:134 - ----->>>创建 era_bedroom_pdf,0c5d80359cc5416a9ea953fdebcbfc20,71dd9f81e0534265afae1b19e9517b32
2022-04-08 19:09:23.169 | INFO     | modules.Project:GetPndPdfPro:134 - ----->>>创建 era_bedroom_pdf,0c5d80359cc5416a9ea953fdebcbfc20,71dd9f81e0534265afae1b19e9517b32
2022-04-08 19:09:45.382 | INFO     | modules.Project:GetPndPdfPro:134 - ----->>>创建 era_bedroom_pdf,0c5d80359cc5416a9ea953fdebcbfc20,71dd9f81e0534265afae1b19e9517b32
2022-04-08 19:10:05.261 | INFO     | modules.Project:GetPndPdfPro:134 - ----->>>创建 era_bedroom_pdf,0c5d80359cc5416a9ea953fdebcbfc20,71dd9f81e0534265afae1b19e9517b32
2022-04-08 19:10:53.106 | INFO     | modules.Project:GetPndPdfPro:134 - ----->>>创建 era_bedroom_pdf,0c5d80359cc5416a9ea953fdebcbfc20,71dd9f81e0534265afae1b19e9517b32
2022-04-08 19:11:13.901 | INFO     | modules.Project:GetPndPdfPro:134 - ----->>>创建 era_bedroom_pdf,0c5d80359cc5416a9ea953fdebcbfc20,71dd9f81e0534265afae1b19e9517b32
2022-04-08 19:11:54.523 | INFO     | modules.Project:GetPndPdfPro:134 - ----->>>创建 era_bedroom_pdf,0c5d80359cc5416a9ea953fdebcbfc20,71dd9f81e0534265afae1b19e9517b32
2022-04-08 19:12:15.414 | INFO     | modules.Project:GetPndPdfPro:134 - ----->>>创建 era_bedroom_pdf,0c5d80359cc5416a9ea953fdebcbfc20,71dd9f81e0534265afae1b19e9517b32
2022-04-08 19:12:23.103 | INFO     | modules.Project:GetPndPdfPro:134 - ----->>>创建 era_bedroom_pdf,0c5d80359cc5416a9ea953fdebcbfc20,71dd9f81e0534265afae1b19e9517b32
2022-04-08 19:12:59.169 | ERROR    | manger:request_validation_exception_handler:61 - 参数错误POST http://127.0.0.1:7777/project/era_bedroom_pdf
2022-04-08 19:13:03.868 | ERROR    | manger:request_validation_exception_handler:61 - 参数错误POST http://127.0.0.1:7777/project/era_bedroom_pdf
2022-04-08 19:14:12.824 | ERROR    | manger:request_validation_exception_handler:61 - 参数错误POST http://127.0.0.1:7777/project/era_bedroom_pdf
2022-04-08 19:15:25.045 | INFO     | modules.Project:GetPndPdfPro:134 - ----->>>创建 era_bedroom_pdf,0c5d80359cc5416a9ea953fdebcbfc20,71dd9f81e0534265afae1b19e9517b32
2022-04-08 19:15:28.536 | INFO     | modules.Project:GetPndPdfPro:134 - ----->>>创建 era_bedroom_pdf,0c5d80359cc5416a9ea953fdebcbfc20,71dd9f81e0534265afae1b19e9517b32
2022-04-08 19:15:35.067 | INFO     | modules.Project:GetPndPdfPro:134 - ----->>>创建 era_bedroom_pdf,0c5d80359cc5416a9ea953fdebcbfc20,71dd9f81e0534265afae1b19e9517b32
2022-04-08 19:15:37.671 | INFO     | modules.Project:GetPndPdfPro:134 - ----->>>创建 era_bedroom_pdf,0c5d80359cc5416a9ea953fdebcbfc20,71dd9f81e0534265afae1b19e9517b32
2022-04-08 19:16:20.589 | INFO     | modules.Project:GetPndPdfPro:134 - ----->>>创建 era_bedroom_pdf,0c5d80359cc5416a9ea953fdebcbfc20,71dd9f81e0534265afae1b19e9517b32
2022-04-08 19:16:30.655 | INFO     | modules.Project:GetPndPdfPro:134 - ----->>>创建 era_bedroom_pdf,0c5d80359cc5416a9ea953fdebcbfc20,71dd9f81e0534265afae1b19e9517b32
2022-04-08 19:16:41.470 | INFO     | modules.Project:GetPndPdfPro:134 - ----->>>创建 era_bedroom_pdf,0c5d80359cc5416a9ea953fdebcbfc20,71dd9f81e0534265afae1b19e9517b32
2022-04-08 19:16:59.263 | INFO     | modules.Project:GetPndPdfPro:134 - ----->>>创建 era_bedroom_pdf,0c5d80359cc5416a9ea953fdebcbfc20,71dd9f81e0534265afae1b19e9517b32
2022-04-08 19:17:18.369 | INFO     | modules.Project:GetPndPdfPro:134 - ----->>>创建 era_bedroom_pdf,0c5d80359cc5416a9ea953fdebcbfc20,71dd9f81e0534265afae1b19e9517b32
2022-04-08 19:17:29.119 | INFO     | modules.Project:GetPndPdfPro:134 - ----->>>创建 era_bedroom_pdf,0c5d80359cc5416a9ea953fdebcbfc20,71dd9f81e0534265afae1b19e9517b32
2022-04-08 19:17:39.093 | ERROR    | manger:request_validation_exception_handler:61 - 参数错误POST http://127.0.0.1:7777/project/era_bedroom_pdf
2022-04-08 19:18:00.245 | INFO     | modules.Project:GetPndPdfPro:134 - ----->>>创建 era_bedroom_pdf,0c5d80359cc5416a9ea953fdebcbfc20,71dd9f81e0534265afae1b19e9517b32
2022-04-08 19:19:14.822 | INFO     | modules.Project:GetPndPdfPro:134 - ----->>>创建 era_bedroom_pdf,0c5d80359cc5416a9ea953fdebcbfc20,71dd9f81e0534265afae1b19e9517b32
2022-04-08 19:19:29.231 | INFO     | modules.Project:GetPndPdfPro:134 - ----->>>创建 era_bedroom_pdf,0c5d80359cc5416a9ea953fdebcbfc20,71dd9f81e0534265afae1b19e9517b32
2022-04-08 19:20:22.431 | INFO     | modules.Project:GetPndPdfPro:134 - ----->>>创建 era_bedroom_pdf,0c5d80359cc5416a9ea953fdebcbfc20,71dd9f81e0534265afae1b19e9517b32
2022-04-08 19:21:20.787 | INFO     | modules.Project:GetPndPdfPro:134 - ----->>>创建 era_bedroom_pdf,0c5d80359cc5416a9ea953fdebcbfc20,71dd9f81e0534265afae1b19e9517b32
2022-04-08 19:21:40.044 | INFO     | modules.Project:GetPndPdfPro:134 - ----->>>创建 era_bedroom_pdf,0c5d80359cc5416a9ea953fdebcbfc20,71dd9f81e0534265afae1b19e9517b32
2022-04-08 19:25:51.231 | ERROR    | manger:request_validation_exception_handler:61 - 参数错误POST http://127.0.0.1:7777/project/era_bedroom_pdf
2022-04-08 19:25:54.983 | ERROR    | manger:request_validation_exception_handler:61 - 参数错误POST http://127.0.0.1:7777/project/era_bedroom_pdf
2022-04-08 19:27:26.164 | INFO     | modules.Project:GetPndPdfPro:134 - ----->>>创建 era_bedroom_pdf,0c5d80359cc5416a9ea953fdebcbfc20,71dd9f81e0534265afae1b19e9517b32
2022-04-08 19:27:39.626 | INFO     | modules.Project:GetPndPdfPro:134 - ----->>>创建 era_bedroom_pdf,0c5d80359cc5416a9ea953fdebcbfc20,71dd9f81e0534265afae1b19e9517b32
2022-04-08 19:27:46.526 | INFO     | modules.Project:GetPndPdfPro:134 - ----->>>创建 era_bedroom_pdf,0c5d80359cc5416a9ea953fdebcbfc20,71dd9f81e0534265afae1b19e9517b32
2022-04-08 19:28:46.409 | INFO     | modules.Project:GetPndPdfPro:134 - ----->>>创建 era_bedroom_pdf,0c5d80359cc5416a9ea953fdebcbfc20,71dd9f81e0534265afae1b19e9517b32
2022-04-08 19:28:56.251 | ERROR    | manger:request_validation_exception_handler:61 - 参数错误POST http://127.0.0.1:7777/project/era_bedroom_pdf
2022-04-08 19:29:07.197 | INFO     | modules.Project:GetPndPdfPro:134 - ----->>>创建 era_bedroom_pdf,0c5d80359cc5416a9ea953fdebcbfc20,71dd9f81e0534265afae1b19e9517b32
2022-04-08 19:32:05.602 | INFO     | modules.Project:GetPndPdfPro:134 - ----->>>创建 era_bedroom_pdf,0c5d80359cc5416a9ea953fdebcbfc20,71dd9f81e0534265afae1b19e9517b32
2022-04-08 19:32:13.536 | INFO     | modules.Project:GetPndPdfPro:134 - ----->>>创建 era_bedroom_pdf,0c5d80359cc5416a9ea953fdebcbfc20,71dd9f81e0534265afae1b19e9517b32
2022-04-08 19:32:17.856 | INFO     | modules.Project:GetPndPdfPro:134 - ----->>>创建 era_bedroom_pdf,0c5d80359cc5416a9ea953fdebcbfc20,71dd9f81e0534265afae1b19e9517b32
2022-04-08 19:32:31.394 | INFO     | modules.Project:GetPndPdfPro:133 - ----->>>创建 era_bedroom_pdf,0c5d80359cc5416a9ea953fdebcbfc20,71dd9f81e0534265afae1b19e9517b32
2022-04-08 19:32:44.503 | INFO     | modules.Project:GetPndPdfPro:133 - ----->>>创建 era_bedroom_pdf,0c5d80359cc5416a9ea953fdebcbfc20,71dd9f81e0534265afae1b19e9517b32
2022-04-08 19:36:14.828 | INFO     | modules.Project:GetPndPdfPro:134 - ----->>>创建 era_bedroom_pdf,0c5d80359cc5416a9ea953fdebcbfc20,71dd9f81e0534265afae1b19e9517b32
2022-04-08 19:36:55.830 | INFO     | modules.Project:GetPndPdfPro:134 - ----->>>创建 era_bedroom_pdf,0c5d80359cc5416a9ea953fdebcbfc20,71dd9f81e0534265afae1b19e9517b32
2022-04-08 19:37:08.222 | INFO     | modules.Project:GetPndPdfPro:134 - ----->>>创建 era_bedroom_pdf,0c5d80359cc5416a9ea953fdebcbfc20,71dd9f81e0534265afae1b19e9517b32
2022-04-08 19:37:23.950 | INFO     | modules.Project:GetPndPdfPro:134 - ----->>>创建 era_bedroom_pdf,0c5d80359cc5416a9ea953fdebcbfc20,71dd9f81e0534265afae1b19e9517b32
2022-04-08 19:37:41.282 | INFO     | modules.Project:GetPndPdfPro:134 - ----->>>创建 era_bedroom_pdf,0c5d80359cc5416a9ea953fdebcbfc20,71dd9f81e0534265afae1b19e9517b32
2022-04-08 19:38:04.275 | INFO     | modules.Project:GetPndPdfPro:134 - ----->>>创建 era_bedroom_pdf,0c5d80359cc5416a9ea953fdebcbfc20,71dd9f81e0534265afae1b19e9517b32
2022-04-08 19:38:05.731 | INFO     | modules.Project:GetPndPdfPro:134 - ----->>>创建 era_bedroom_pdf,0c5d80359cc5416a9ea953fdebcbfc20,71dd9f81e0534265afae1b19e9517b32
2022-04-08 19:38:11.815 | INFO     | modules.Project:GetPndPdfPro:134 - ----->>>创建 era_bedroom_pdf,0c5d80359cc5416a9ea953fdebcbfc20,71dd9f81e0534265afae1b19e9517b32
2022-04-08 19:38:19.684 | INFO     | modules.Project:GetPndPdfPro:134 - ----->>>创建 era_bedroom_pdf,0c5d80359cc5416a9ea953fdebcbfc20,71dd9f81e0534265afae1b19e9517b32
2022-04-08 19:38:49.734 | INFO     | modules.Project:GetPndPdfPro:134 - ----->>>创建 era_bedroom_pdf,0c5d80359cc5416a9ea953fdebcbfc20,71dd9f81e0534265afae1b19e9517b32
2022-04-08 19:39:03.926 | INFO     | modules.Project:GetPndPdfPro:134 - ----->>>创建 era_bedroom_pdf,0c5d80359cc5416a9ea953fdebcbfc20,71dd9f81e0534265afae1b19e9517b32
2022-04-08 19:39:09.987 | INFO     | modules.Project:GetPndPdfPro:134 - ----->>>创建 era_bedroom_pdf,0c5d80359cc5416a9ea953fdebcbfc20,71dd9f81e0534265afae1b19e9517b32
2022-04-08 19:39:11.864 | INFO     | modules.Project:GetPndPdfPro:134 - ----->>>创建 era_bedroom_pdf,0c5d80359cc5416a9ea953fdebcbfc20,71dd9f81e0534265afae1b19e9517b32
2022-04-08 19:39:16.131 | INFO     | modules.Project:GetPndPdfPro:134 - ----->>>创建 era_bedroom_pdf,0c5d80359cc5416a9ea953fdebcbfc20,71dd9f81e0534265afae1b19e9517b32
2022-04-08 19:39:17.983 | INFO     | modules.Project:GetPndPdfPro:134 - ----->>>创建 era_bedroom_pdf,0c5d80359cc5416a9ea953fdebcbfc20,71dd9f81e0534265afae1b19e9517b32
2022-04-08 19:39:32.110 | INFO     | modules.Project:GetPndPdfPro:134 - ----->>>创建 era_bedroom_pdf,0c5d80359cc5416a9ea953fdebcbfc20,71dd9f81e0534265afae1b19e9517b32
2022-04-08 19:39:53.252 | INFO     | modules.Project:GetPndPdfPro:134 - ----->>>创建 era_bedroom_pdf,0c5d80359cc5416a9ea953fdebcbfc20,71dd9f81e0534265afae1b19e9517b32
2022-04-08 19:40:00.720 | INFO     | modules.Project:GetPndPdfPro:134 - ----->>>创建 era_bedroom_pdf,0c5d80359cc5416a9ea953fdebcbfc20,71dd9f81e0534265afae1b19e9517b32
2022-04-08 19:40:12.282 | INFO     | modules.Project:GetPndPdfPro:134 - ----->>>创建 era_bedroom_pdf,0c5d80359cc5416a9ea953fdebcbfc20,71dd9f81e0534265afae1b19e9517b32
2022-04-08 19:40:29.942 | INFO     | modules.Project:GetPndPdfPro:134 - ----->>>创建 era_bedroom_pdf,0c5d80359cc5416a9ea953fdebcbfc20,71dd9f81e0534265afae1b19e9517b32
2022-04-08 19:41:24.718 | INFO     | modules.Project:GetPndPdfPro:134 - ----->>>创建 era_bedroom_pdf,0c5d80359cc5416a9ea953fdebcbfc20,71dd9f81e0534265afae1b19e9517b32
2022-04-08 19:41:36.359 | INFO     | modules.Project:GetPndPdfPro:134 - ----->>>创建 era_bedroom_pdf,0c5d80359cc5416a9ea953fdebcbfc20,71dd9f81e0534265afae1b19e9517b32
2022-04-08 19:42:14.007 | INFO     | modules.Project:GetPndPdfPro:134 - ----->>>创建 era_bedroom_pdf,0c5d80359cc5416a9ea953fdebcbfc20,71dd9f81e0534265afae1b19e9517b32
2022-04-08 19:42:20.852 | INFO     | modules.Project:GetPndPdfPro:134 - ----->>>创建 era_bedroom_pdf,0c5d80359cc5416a9ea953fdebcbfc20,71dd9f81e0534265afae1b19e9517b32
2022-04-08 19:42:38.190 | INFO     | modules.Project:GetPndPdfPro:134 - ----->>>创建 era_bedroom_pdf,0c5d80359cc5416a9ea953fdebcbfc20,71dd9f81e0534265afae1b19e9517b32
2022-04-08 19:43:06.334 | INFO     | modules.Project:GetPndPdfPro:134 - ----->>>创建 era_bedroom_pdf,0c5d80359cc5416a9ea953fdebcbfc20,71dd9f81e0534265afae1b19e9517b32
2022-04-08 19:45:37.420 | INFO     | modules.Project:GetPndPdfPro:134 - ----->>>创建 era_bedroom_pdf,0c5d80359cc5416a9ea953fdebcbfc20,71dd9f81e0534265afae1b19e9517b32
2022-04-08 19:49:31.626 | INFO     | modules.Project:GetPndPdfPro:134 - ----->>>创建 era_bedroom_pdf,0c5d80359cc5416a9ea953fdebcbfc20,71dd9f81e0534265afae1b19e9517b32
2022-04-08 19:50:31.722 | INFO     | modules.Project:GetPndPdfPro:134 - ----->>>创建 era_bedroom_pdf,0c5d80359cc5416a9ea953fdebcbfc20,71dd9f81e0534265afae1b19e9517b32
2022-04-08 19:50:39.383 | INFO     | modules.Project:GetPndPdfPro:134 - ----->>>创建 era_bedroom_pdf,0c5d80359cc5416a9ea953fdebcbfc20,71dd9f81e0534265afae1b19e9517b32
2022-04-08 19:51:03.783 | INFO     | modules.Project:GetPndPdfPro:134 - ----->>>创建 era_bedroom_pdf,0c5d80359cc5416a9ea953fdebcbfc20,71dd9f81e0534265afae1b19e9517b32
2022-04-08 19:51:22.387 | INFO     | modules.Project:GetPndPdfPro:134 - ----->>>创建 era_bedroom_pdf,0c5d80359cc5416a9ea953fdebcbfc20,71dd9f81e0534265afae1b19e9517b32
2022-04-08 19:53:19.421 | INFO     | modules.Project:GetPndPdfPro:134 - ----->>>创建 era_bedroom_pdf,0c5d80359cc5416a9ea953fdebcbfc20,71dd9f81e0534265afae1b19e9517b32
2022-04-08 19:53:30.064 | INFO     | modules.Project:GetPndPdfPro:134 - ----->>>创建 era_bedroom_pdf,0c5d80359cc5416a9ea953fdebcbfc20,71dd9f81e0534265afae1b19e9517b32
2022-04-08 19:53:32.215 | INFO     | modules.Project:GetPndPdfPro:134 - ----->>>创建 era_bedroom_pdf,0c5d80359cc5416a9ea953fdebcbfc20,71dd9f81e0534265afae1b19e9517b32
2022-04-08 19:53:33.727 | INFO     | modules.Project:GetPndPdfPro:134 - ----->>>创建 era_bedroom_pdf,0c5d80359cc5416a9ea953fdebcbfc20,71dd9f81e0534265afae1b19e9517b32
2022-04-08 19:53:34.552 | INFO     | modules.Project:GetPndPdfPro:134 - ----->>>创建 era_bedroom_pdf,0c5d80359cc5416a9ea953fdebcbfc20,71dd9f81e0534265afae1b19e9517b32
2022-04-08 19:53:35.046 | INFO     | modules.Project:GetPndPdfPro:134 - ----->>>创建 era_bedroom_pdf,0c5d80359cc5416a9ea953fdebcbfc20,71dd9f81e0534265afae1b19e9517b32
2022-04-08 19:55:17.323 | INFO     | modules.Project:GetPndPdfPro:134 - ----->>>创建 era_bedroom_pdf,0c5d80359cc5416a9ea953fdebcbfc20,71dd9f81e0534265afae1b19e9517b32
2022-04-08 19:57:33.917 | INFO     | modules.Project:GetPndPdfPro:134 - ----->>>创建 era_bedroom_pdf,0c5d80359cc5416a9ea953fdebcbfc20,71dd9f81e0534265afae1b19e9517b32
2022-04-08 19:59:05.777 | INFO     | modules.Project:GetPndPdfPro:134 - ----->>>创建 era_bedroom_pdf,0c5d80359cc5416a9ea953fdebcbfc20,71dd9f81e0534265afae1b19e9517b32
2022-04-08 19:59:13.495 | ERROR    | manger:request_validation_exception_handler:61 - 参数错误POST http://127.0.0.1:7777/project/era_bedroom_pdf
2022-04-08 19:59:23.148 | ERROR    | manger:request_validation_exception_handler:61 - 参数错误POST http://127.0.0.1:7777/project/era_bedroom_pdf
2022-04-08 19:59:33.312 | ERROR    | manger:request_validation_exception_handler:61 - 参数错误POST http://127.0.0.1:7777/project/era_bedroom_pdf
2022-04-08 19:59:46.971 | INFO     | modules.Project:GetPndPdfPro:134 - ----->>>创建 era_bedroom_pdf,0c5d80359cc5416a9ea953fdebcbfc20,71dd9f81e0534265afae1b19e9517b32
2022-04-08 20:01:36.552 | INFO     | modules.Project:GetPndPdfPro:134 - ----->>>创建 era_bedroom_pdf,0c5d80359cc5416a9ea953fdebcbfc20,71dd9f81e0534265afae1b19e9517b32
2022-04-08 20:02:12.629 | INFO     | modules.Project:GetPndPdfPro:134 - ----->>>创建 era_bedroom_pdf,0c5d80359cc5416a9ea953fdebcbfc20,71dd9f81e0534265afae1b19e9517b32
2022-04-08 20:02:30.780 | INFO     | modules.Project:GetPndPdfPro:134 - ----->>>创建 era_bedroom_pdf,0c5d80359cc5416a9ea953fdebcbfc20,71dd9f81e0534265afae1b19e9517b32
2022-04-08 20:02:42.466 | INFO     | modules.Project:GetPndPdfPro:134 - ----->>>创建 era_bedroom_pdf,0c5d80359cc5416a9ea953fdebcbfc20,71dd9f81e0534265afae1b19e9517b32
2022-04-08 20:03:19.089 | INFO     | modules.Project:GetPndPdfPro:134 - ----->>>创建 era_bedroom_pdf,0c5d80359cc5416a9ea953fdebcbfc20,71dd9f81e0534265afae1b19e9517b32
2022-04-08 20:03:32.768 | INFO     | modules.Project:GetPndPdfPro:134 - ----->>>创建 era_bedroom_pdf,0c5d80359cc5416a9ea953fdebcbfc20,71dd9f81e0534265afae1b19e9517b32
2022-04-08 20:03:46.327 | INFO     | modules.Project:GetPndPdfPro:133 - ----->>>创建 era_bedroom_pdf,0c5d80359cc5416a9ea953fdebcbfc20,71dd9f81e0534265afae1b19e9517b32
2022-04-08 20:04:10.853 | INFO     | modules.Project:GetPndPdfPro:133 - ----->>>创建 era_bedroom_pdf,0c5d80359cc5416a9ea953fdebcbfc20,71dd9f81e0534265afae1b19e9517b32
2022-04-08 20:04:20.589 | INFO     | modules.Project:GetPndPdfPro:133 - ----->>>创建 era_bedroom_pdf,0c5d80359cc5416a9ea953fdebcbfc20,71dd9f81e0534265afae1b19e9517b32
2022-04-08 20:04:20.735 | INFO     | modules.Project:GetPndPdfPro:138 - PDF创建成功=======>/home/upload/broke/0c5d80359cc5416a9ea953fdebcbfc20\pdf\20220408\71dd9f81e0534265afae1b19e9517b321649419460.pdf
2022-04-08 20:04:57.891 | INFO     | modules.Project:GetPndPdfPro:133 - ----->>>创建 era_bedroom_pdf,0c5d80359cc5416a9ea953fdebcbfc20,71dd9f81e0534265afae1b19e9517b32
2022-04-08 20:04:58.049 | INFO     | modules.Project:GetPndPdfPro:138 - PDF创建成功=======>/home/upload/broke/0c5d80359cc5416a9ea953fdebcbfc20\pdf\20220408\71dd9f81e0534265afae1b19e9517b321649419497.pdf
2022-04-08 20:05:57.985 | INFO     | modules.Project:GetPndPdfPro:133 - ----->>>创建 era_bedroom_pdf,
2022-04-08 20:05:58.128 | INFO     | modules.Project:GetPndPdfPro:138 - PDF创建成功=======>/home/upload/broke/0c5d80359cc5416a9ea953fdebcbfc20\pdf\20220408\71dd9f81e0534265afae1b19e9517b321649419557.pdf
2022-04-08 20:15:14.428 | INFO     | modules.Project:GetPndPdfPro:133 - ----->>>创建 era_bedroom_pdf,
2022-04-08 20:15:34.376 | INFO     | modules.Project:GetPndPdfPro:133 - ----->>>创建 era_bedroom_pdf,
2022-04-08 20:15:47.608 | INFO     | modules.Project:GetPndPdfPro:133 - ----->>>创建 era_bedroom_pdf,
2022-04-08 20:16:04.541 | INFO     | modules.Project:GetPndPdfPro:133 - ----->>>创建 era_bedroom_pdf,
2022-04-08 20:16:51.512 | INFO     | modules.Project:GetPndPdfPro:133 - ----->>>创建 era_bedroom_pdf,
2022-04-08 20:17:07.514 | INFO     | modules.Project:GetPndPdfPro:133 - ----->>>创建 era_bedroom_pdf,
2022-04-08 20:18:07.907 | INFO     | modules.Project:GetPndPdfPro:133 - ----->>>创建 era_bedroom_pdf,
2022-04-08 20:18:24.164 | INFO     | modules.Project:GetPndPdfPro:133 - ----->>>创建 era_bedroom_pdf,
2022-04-08 20:18:31.782 | INFO     | modules.Project:GetPndPdfPro:133 - ----->>>创建 era_bedroom_pdf,
2022-04-08 20:18:39.407 | INFO     | modules.Project:GetPndPdfPro:133 - ----->>>创建 era_bedroom_pdf,
2022-04-08 20:21:07.678 | INFO     | modules.Project:GetPndPdfPro:134 - ----->>>创建 era_bedroom_pdf,
2022-04-08 20:21:31.390 | INFO     | modules.Project:GetPndPdfPro:134 - ----->>>创建 era_bedroom_pdf,
2022-04-08 20:22:49.056 | INFO     | modules.Project:GetPndPdfPro:134 - ----->>>创建 era_bedroom_pdf,
2022-04-08 20:23:07.004 | INFO     | modules.Project:GetPndPdfPro:134 - ----->>>创建 era_bedroom_pdf,
2022-04-08 20:23:21.673 | INFO     | modules.Project:GetPndPdfPro:134 - ----->>>创建 era_bedroom_pdf,
2022-04-08 20:29:17.554 | INFO     | modules.Project:GetPndPdfPro:134 - ----->>>创建 era_bedroom_pdf,
2022-04-08 20:29:44.248 | INFO     | modules.Project:GetPndPdfPro:134 - ----->>>创建 era_bedroom_pdf,
2022-04-08 21:04:34.495 | INFO     | modules.Project:GetPndPdfPro:133 - ----->>>创建 era_bedroom_pdf
2022-04-08 21:05:27.105 | INFO     | modules.Project:GetPndPdfPro:133 - ----->>>创建 era_bedroom_pdf
2022-04-08 21:05:36.592 | INFO     | modules.Project:GetPndPdfPro:133 - ----->>>创建 era_bedroom_pdf
2022-04-08 21:06:05.824 | INFO     | modules.Project:GetPndPdfPro:133 - ----->>>创建 era_bedroom_pdf
2022-04-08 21:06:13.507 | INFO     | modules.Project:GetPndPdfPro:133 - ----->>>创建 era_bedroom_pdf
2022-04-08 21:06:26.534 | INFO     | modules.Project:GetPndPdfPro:133 - ----->>>创建 era_bedroom_pdf
2022-04-08 21:06:37.660 | INFO     | modules.Project:GetPndPdfPro:133 - ----->>>创建 era_bedroom_pdf
2022-04-08 21:07:19.591 | INFO     | modules.Project:GetPndPdfPro:133 - ----->>>创建 era_bedroom_pdf
2022-04-08 21:07:32.015 | INFO     | modules.Project:GetPndPdfPro:133 - ----->>>创建 era_bedroom_pdf
2022-04-08 21:07:57.308 | INFO     | modules.Project:GetPndPdfPro:133 - ----->>>创建 era_bedroom_pdf
2022-04-08 21:08:12.673 | INFO     | modules.Project:GetPndPdfPro:133 - ----->>>创建 era_bedroom_pdf
2022-04-08 21:08:31.938 | INFO     | modules.Project:GetPndPdfPro:133 - ----->>>创建 era_bedroom_pdf
2022-04-08 21:08:55.103 | INFO     | modules.Project:GetPndPdfPro:133 - ----->>>创建 era_bedroom_pdf
2022-04-08 21:09:07.197 | INFO     | modules.Project:GetPndPdfPro:133 - ----->>>创建 era_bedroom_pdf
2022-04-08 21:09:41.728 | INFO     | modules.Project:GetPndPdfPro:133 - ----->>>创建 era_bedroom_pdf
2022-04-08 21:47:59.491 | INFO     | modules.Project:GetPndPdfPro:132 - ----->>>创建 era_bedroom_pdf
2022-04-08 21:48:09.843 | INFO     | modules.Project:GetPndPdfPro:132 - ----->>>创建 era_bedroom_pdf
2022-04-08 21:48:25.409 | INFO     | modules.Project:GetPndPdfPro:132 - ----->>>创建 era_bedroom_pdf
2022-04-08 21:49:33.754 | INFO     | modules.Project:GetPndPdfPro:132 - ----->>>创建 era_bedroom_pdf
2022-04-08 21:49:54.655 | INFO     | modules.Project:GetPndPdfPro:132 - ----->>>创建 era_bedroom_pdf
2022-04-08 21:50:09.303 | INFO     | modules.Project:GetPndPdfPro:132 - ----->>>创建 era_bedroom_pdf
2022-04-08 21:50:12.700 | INFO     | modules.Project:GetPndPdfPro:132 - ----->>>创建 era_bedroom_pdf
2022-04-08 21:50:21.012 | INFO     | modules.Project:GetPndPdfPro:132 - ----->>>创建 era_bedroom_pdf
2022-04-08 21:50:28.561 | INFO     | modules.Project:GetPndPdfPro:132 - ----->>>创建 era_bedroom_pdf
2022-04-08 21:50:47.145 | INFO     | modules.Project:GetPndPdfPro:132 - ----->>>创建 era_bedroom_pdf
2022-04-08 21:50:49.606 | INFO     | modules.Project:GetPndPdfPro:132 - ----->>>创建 era_bedroom_pdf
2022-04-08 21:50:56.666 | INFO     | modules.Project:GetPndPdfPro:132 - ----->>>创建 era_bedroom_pdf
2022-04-08 21:51:26.569 | INFO     | modules.Project:GetPndPdfPro:132 - ----->>>创建 era_bedroom_pdf
2022-04-08 21:51:37.138 | INFO     | modules.Project:GetPndPdfPro:132 - ----->>>创建 era_bedroom_pdf
2022-04-08 21:51:42.249 | INFO     | modules.Project:GetPndPdfPro:132 - ----->>>创建 era_bedroom_pdf
2022-04-08 21:51:57.609 | INFO     | modules.Project:GetPndPdfPro:132 - ----->>>创建 era_bedroom_pdf
2022-04-08 21:52:26.461 | INFO     | modules.Project:GetPndPdfPro:132 - ----->>>创建 era_bedroom_pdf
2022-04-08 21:52:33.789 | INFO     | modules.Project:GetPndPdfPro:132 - ----->>>创建 era_bedroom_pdf
2022-04-08 21:53:54.984 | INFO     | modules.Project:GetPndPdfPro:132 - ----->>>创建 era_bedroom_pdf
2022-04-08 21:54:18.497 | INFO     | modules.Project:GetPndPdfPro:132 - ----->>>创建 era_bedroom_pdf
2022-04-08 21:54:34.074 | INFO     | modules.Project:GetPndPdfPro:132 - ----->>>创建 era_bedroom_pdf
2022-04-08 21:54:42.037 | INFO     | modules.Project:GetPndPdfPro:132 - ----->>>创建 era_bedroom_pdf
2022-04-08 21:54:58.861 | INFO     | modules.Project:GetPndPdfPro:132 - ----->>>创建 era_bedroom_pdf
2022-04-08 21:55:08.983 | INFO     | modules.Project:GetPndPdfPro:132 - ----->>>创建 era_bedroom_pdf
2022-04-08 21:55:26.790 | INFO     | modules.Project:GetPndPdfPro:132 - ----->>>创建 era_bedroom_pdf
2022-04-08 21:55:49.641 | INFO     | modules.Project:GetPndPdfPro:132 - ----->>>创建 era_bedroom_pdf
2022-04-08 21:55:57.313 | INFO     | modules.Project:GetPndPdfPro:132 - ----->>>创建 era_bedroom_pdf
2022-04-08 21:56:14.911 | INFO     | modules.Project:GetPndPdfPro:132 - ----->>>创建 era_bedroom_pdf
2022-04-08 21:56:22.236 | INFO     | modules.Project:GetPndPdfPro:132 - ----->>>创建 era_bedroom_pdf
2022-04-08 21:56:29.738 | INFO     | modules.Project:GetPndPdfPro:132 - ----->>>创建 era_bedroom_pdf
2022-04-08 21:56:44.355 | INFO     | modules.Project:GetPndPdfPro:132 - ----->>>创建 era_bedroom_pdf
2022-04-08 21:56:47.932 | INFO     | modules.Project:GetPndPdfPro:132 - ----->>>创建 era_bedroom_pdf
2022-04-08 21:56:55.564 | INFO     | modules.Project:GetPndPdfPro:132 - ----->>>创建 era_bedroom_pdf
2022-04-08 21:57:33.540 | INFO     | modules.Project:GetPndPdfPro:132 - ----->>>创建 era_bedroom_pdf
2022-04-08 21:57:49.563 | INFO     | modules.Project:GetPndPdfPro:132 - ----->>>创建 era_bedroom_pdf
2022-04-08 21:58:12.865 | INFO     | modules.Project:GetPndPdfPro:132 - ----->>>创建 era_bedroom_pdf
2022-04-08 21:58:24.445 | INFO     | modules.Project:GetPndPdfPro:132 - ----->>>创建 era_bedroom_pdf
2022-04-08 21:58:36.098 | INFO     | modules.Project:GetPndPdfPro:132 - ----->>>创建 era_bedroom_pdf
2022-04-08 21:59:59.767 | INFO     | modules.Project:GetPndPdfPro:132 - ----->>>创建 era_bedroom_pdf
2022-04-08 22:00:15.434 | INFO     | modules.Project:GetPndPdfPro:132 - ----->>>创建 era_bedroom_pdf
2022-04-08 22:01:07.711 | INFO     | modules.Project:GetPndPdfPro:132 - ----->>>创建 era_bedroom_pdf
2022-04-08 22:01:25.530 | INFO     | modules.Project:GetPndPdfPro:132 - ----->>>创建 era_bedroom_pdf
2022-04-08 22:02:54.611 | INFO     | modules.Project:GetPndPdfPro:132 - ----->>>创建 era_bedroom_pdf
2022-04-08 22:03:19.619 | INFO     | modules.Project:GetPndPdfPro:132 - ----->>>创建 era_bedroom_pdf
2022-04-08 22:04:15.217 | INFO     | modules.Project:GetPndPdfPro:132 - ----->>>创建 era_bedroom_pdf
2022-04-08 22:10:15.918 | INFO     | modules.Project:GetPndPdfPro:132 - ----->>>创建 era_bedroom_pdf
2022-04-08 22:10:47.963 | INFO     | modules.Project:GetPndPdfPro:132 - ----->>>创建 era_bedroom_pdf
2022-04-08 22:11:35.543 | INFO     | modules.Project:GetPndPdfPro:132 - ----->>>创建 era_bedroom_pdf
2022-04-08 22:11:36.443 | INFO     | modules.Project:GetPndPdfPro:137 - PDF创建成功=======>/home/upload/broke/0c5d80359cc5416a9ea953fdebcbfc20\pdf\20220408\71dd9f81e0534265afae1b19e9517b321649427095.pdf
2022-04-08 22:14:12.795 | INFO     | modules.Project:GetPndPdfPro:132 - ----->>>创建 era_bedroom_pdf
2022-04-08 22:14:44.736 | INFO     | modules.Project:GetPndPdfPro:132 - ----->>>创建 era_bedroom_pdf
2022-04-08 22:14:45.613 | INFO     | modules.Project:GetPndPdfPro:137 - PDF创建成功=======>/home/upload/broke/0c5d80359cc5416a9ea953fdebcbfc20\pdf\20220408\71dd9f81e0534265afae1b19e9517b321649427284.pdf
2022-04-08 22:16:12.715 | INFO     | modules.Project:GetPndPdfPro:132 - ----->>>创建 era_bedroom_pdf
2022-04-08 22:17:01.287 | INFO     | modules.Project:GetPndPdfPro:132 - ----->>>创建 era_bedroom_pdf
2022-04-08 22:17:18.475 | INFO     | modules.Project:GetPndPdfPro:132 - ----->>>创建 era_bedroom_pdf
2022-04-08 22:17:34.652 | INFO     | modules.Project:GetPndPdfPro:132 - ----->>>创建 era_bedroom_pdf
2022-04-08 22:17:35.474 | INFO     | modules.Project:GetPndPdfPro:137 - PDF创建成功=======>/home/upload/broke/0c5d80359cc5416a9ea953fdebcbfc20\pdf\20220408\71dd9f81e0534265afae1b19e9517b321649427454.pdf
2022-04-08 22:17:45.976 | INFO     | modules.Project:GetPndPdfPro:132 - ----->>>创建 era_bedroom_pdf
2022-04-08 22:18:30.513 | INFO     | modules.Project:GetPndPdfPro:132 - ----->>>创建 era_bedroom_pdf
2022-04-08 22:18:31.399 | INFO     | modules.Project:GetPndPdfPro:137 - PDF创建成功=======>/home/upload/broke/0c5d80359cc5416a9ea953fdebcbfc20\pdf\20220408\71dd9f81e0534265afae1b19e9517b321649427510.pdf
2022-04-08 22:18:57.211 | INFO     | modules.Project:GetPndPdfPro:132 - ----->>>创建 era_bedroom_pdf
2022-04-08 22:18:58.061 | INFO     | modules.Project:GetPndPdfPro:137 - PDF创建成功=======>/home/upload/broke/0c5d80359cc5416a9ea953fdebcbfc20\pdf\20220408\71dd9f81e0534265afae1b19e9517b321649427537.pdf
2022-04-08 22:21:01.775 | INFO     | modules.Project:GetPndPdfPro:132 - ----->>>创建 era_bedroom_pdf
2022-04-08 22:26:21.222 | INFO     | modules.Project:GetPndPdfPro:132 - ----->>>创建 era_bedroom_pdf
2022-04-08 22:26:22.054 | INFO     | modules.Project:GetPndPdfPro:137 - PDF创建成功=======>/home/upload/broke/0c5d80359cc5416a9ea953fdebcbfc20\pdf\20220408\71dd9f81e0534265afae1b19e9517b321649427981.pdf
