2022-03-21 11:23:49.586 | INFO     | modules.Project:GetPndPdfPro:48 - 创建PDF,b4323957827046808662cfed12d9b211
2022-03-21 11:23:52.678 | INFO     | modules.Project:MakePDF:106 - 项目信息查询成功--->>>projectId:b4323957827046808662cfed12d9b211,agentId:e73ca86d287143709c1450012bac9e9a,projectInfo:{'brokeName': 'Amara Holdings', 'mainImage': '/upload/broke/77bca671819a4ee69063f560fa734361/b4323957827046808662cfed12d9b211/imgs/time/c2a62e14f77544378d9c324995064974.jpg', 'projectArea': 'CCR', 'district': 'D11', 'snapshotLogo': '/upload/broke/77bca671819a4ee69063f560fa734361/imgs/863e1f5e27324864b27dff599c62327c.png', 'currencySymbol': '$', 'completionDate': '2022-02-28 00:00:00', 'projectName': '10 Evelyn', 'unitsNum': '56', 'tenure': 'Freehold', 'url': None},unitInfo:[{'bedrooms': 1, 'number': 28, 'price': 0.0}, {'bedrooms': 2, 'number': 24, 'price': 1928360.0}, {'bedrooms': 3, 'number': 4, 'price': 3893580.0}],agentInfo:{'agentId': 'e73ca86d287143709c1450012bac9e9a', 'regNum': 'ecoprop1', 'mobile': '+65 97813175', 'logo': '/upload/broke/0c5d80359cc5416a9ea953fdebcbfc20/mailPhoto/time/e73ca86d287143709c1450012bac9e9a.png', 'agentName': 'yccccc', 'email': 'ycc843092012@gmail.com'}
2022-03-21 11:23:53.313 | INFO     | modules.Project:MakePDF:138 - 项目区域销售图查询成功--->>>[{'districtName': 'D11', 'logo': '/upload/broke/pnd/logo/20220315/76d70ddb8a524022905f58e88c5e9fa9.png', 'pdfType': 1}]
2022-03-21 11:23:53.580 | INFO     | modules.Project:MakePDF:147 - PDF文件页面图片查询成功--->>>[]
2022-03-21 11:23:54.453 | INFO     | modules.Project:MakePDF:155 - RCR查询成功--->>>{'region': 'RCR', 'signature': 'e9e46fafc05ac3c52b49f064ab38613c'}
2022-03-21 11:23:55.161 | INFO     | modules.Project:MakePDF:161 - CCR查询成功--->>>[{'sold': 66, 'projectArea': 'CCR', 'available': 255, 'projectName': '10 Evelyn', 'projectId': 'b4323957827046808662cfed12d9b211'}, {'sold': 0, 'projectArea': 'CCR', 'available': 0, 'projectName': '111 Emerald Hill 翡翠山', 'projectId': '0deb2829de6b4cb19977afdc7a8aed58'}, {'sold': 33, 'projectArea': 'CCR', 'available': 6, 'projectName': '120 Grange', 'projectId': '1dfacf929ad04a0ba9df03ac1d5ce3cc'}, {'sold': 92, 'projectArea': 'CCR', 'available': 2, 'projectName': '15 Holland Hill', 'projectId': 'f16ea0d153ec4a28ae85812cb1e81c17'}, {'sold': 12, 'projectArea': 'CCR', 'available': 100, 'projectName': '19 Nassim', 'projectId': '9aad9396786644839a97c36653a23285'}, {'sold': 126, 'projectArea': 'CCR', 'available': 7, 'projectName': '26 Newton', 'projectId': '3a4782498bdd46bfaf5a31d2a6c02776'}, {'sold': 125, 'projectArea': 'CCR', 'available': 15, 'projectName': '3 Cuscaden', 'projectId': '0d458a24bc644ed78b33755c1cb52823'}, {'sold': 290, 'projectArea': 'CCR', 'available': 193, 'projectName': '3 Orchard By-The-Park 乌节三翠林', 'projectId': '5bf7a4b2cb7a49959afc1422c13894c9'}, {'sold': 112, 'projectArea': 'CCR', 'available': 44, 'projectName': '35 Gilstead', 'projectId': 'ce4122dbf4bc4537bdde038f5164d542'}, {'sold': 0, 'projectArea': 'CCR', 'available': 0, 'projectName': '38 Jervois', 'projectId': '12da202e89ba46bf8fd77d16d8d04807'}]
2022-03-21 11:23:55.890 | INFO     | modules.Project:MakePDF:167 - OCR查询成功--->>>[{'sold': 64, 'projectArea': 'OCR', 'available': 41, 'projectName': '77 @ East Coast', 'projectId': 'cbcf3b56a26649d9ad2a0835eed7f880'}, {'sold': 2271, 'projectArea': 'OCR', 'available': 157, 'projectName': 'Affinity at Serangoon', 'projectId': 'a77f72903ab244dc9d8f0daa6988efad'}, {'sold': 80, 'projectArea': 'OCR', 'available': 30, 'projectName': 'Belgravia Ace', 'projectId': '6527d3d2d1724fdc965f655766848e9e'}, {'sold': 2, 'projectArea': 'OCR', 'available': 0, 'projectName': 'Belgravia Green', 'projectId': '28aabcfe559e4df8a7260c58601a61dc'}, {'sold': 0, 'projectArea': 'OCR', 'available': 0, 'projectName': 'BluWaters 2', 'projectId': '4cc1f56d01094d22b50bf36cdab70703'}, {'sold': 0, 'projectArea': 'OCR', 'available': 0, 'projectName': 'Bukit 828', 'projectId': 'a06cad84ba784de1aaf77f7b29e88027'}, {'sold': 4, 'projectArea': 'OCR', 'available': 1, 'projectName': 'Burghley Drive', 'projectId': 'bae103696d324d8aaf621e6992ddd5f2'}, {'sold': 165, 'projectArea': 'OCR', 'available': 34, 'projectName': 'Casa Al Mare', 'projectId': 'ea0834f8f9894212897fee6bed3c98d9'}, {'sold': 8, 'projectArea': 'OCR', 'available': 5, 'projectName': 'Citrine Foodland', 'projectId': '57c40296d6474c88806a1fef94655fa4'}, {'sold': 3188, 'projectArea': 'OCR', 'available': 2710, 'projectName': 'Clavon 悦文荟', 'projectId': 'f405d432d7744e7faed81f0040f3c268'}]
2022-03-21 11:23:58.543 | INFO     | modules.Project:MakePDF:243 - ============>> 1 page
2022-03-21 11:23:58.983 | INFO     | modules.Project:MakePDF:249 - ============>> 2 page
2022-03-21 11:24:01.987 | INFO     | modules.Project:MakePDF:364 - ============>> PROJECT SUMMARY
2022-03-21 11:24:03.104 | INFO     | modules.Project:MakePDF:388 - ============>> LOCATION HIGHLIGHT
2022-03-21 11:24:03.799 | INFO     | modules.Project:MakePDF:406 - ============>> District Pricing (Rental)
2022-03-21 11:24:06.116 | INFO     | modules.Project:MakePDF:493 - ============>>Guide to Financial Wellness
2022-03-21 11:24:06.998 | INFO     | modules.Project:MakePDF:655 - ============>>PROGRESSIVE PAYMENT
2022-03-21 11:24:07.903 | INFO     | modules.Project:MakePDF:696 - ============>>10 page
2022-03-21 11:24:07.926 | INFO     | modules.Project:MakePDF:741 - ============>>transactionDate
2022-03-21 11:24:07.966 | INFO     | modules.Project:MakePDF:767 - ============>>Core Central Region (CCR)
2022-03-21 11:24:08.014 | INFO     | modules.Project:MakePDF:785 - ============>>Core Central Region (RCR)
2022-03-21 11:24:08.062 | INFO     | modules.Project:MakePDF:807 - ============>>Core Central Region (OCR)
2022-03-21 11:24:10.422 | INFO     | modules.Project:MakePDF:869 - ============>>add 17 page
2022-03-21 11:24:11.976 | INFO     | modules.Project:GetPndPdfPro:57 - PDF创建成功=======>E:\新联国际\地产项目-C端\python\mixgo_py_pro\e73ca86d287143709c1450012bac9e9a\b4323957827046808662cfed12d9b211.pdf
2022-03-21 11:28:26.101 | INFO     | modules.Project:GetPndPdfPro:48 - 创建PDF,b4323957827046808662cfed12d9b211
2022-03-21 11:28:26.922 | INFO     | modules.Project:MakePDF:106 - 项目信息查询成功--->>>projectId:b4323957827046808662cfed12d9b211,agentId:e73ca86d287143709c1450012bac9e9a,projectInfo:{'brokeName': 'Amara Holdings', 'mainImage': '/upload/broke/77bca671819a4ee69063f560fa734361/b4323957827046808662cfed12d9b211/imgs/time/c2a62e14f77544378d9c324995064974.jpg', 'projectArea': 'CCR', 'district': 'D11', 'snapshotLogo': '/upload/broke/77bca671819a4ee69063f560fa734361/imgs/863e1f5e27324864b27dff599c62327c.png', 'currencySymbol': '$', 'completionDate': '2022-02-28 00:00:00', 'projectName': '10 Evelyn', 'unitsNum': '56', 'tenure': 'Freehold', 'url': None},unitInfo:[{'bedrooms': 1, 'number': 28, 'price': 0.0}, {'bedrooms': 2, 'number': 24, 'price': 1928360.0}, {'bedrooms': 3, 'number': 4, 'price': 3893580.0}],agentInfo:{'agentId': 'e73ca86d287143709c1450012bac9e9a', 'regNum': 'ecoprop1', 'mobile': '+65 97813175', 'logo': '/upload/broke/0c5d80359cc5416a9ea953fdebcbfc20/mailPhoto/time/e73ca86d287143709c1450012bac9e9a.png', 'agentName': 'yccccc', 'email': 'ycc843092012@gmail.com'}
2022-03-21 11:28:27.654 | INFO     | modules.Project:MakePDF:138 - 项目区域销售图查询成功--->>>[{'districtName': 'D11', 'logo': '/upload/broke/pnd/logo/20220315/76d70ddb8a524022905f58e88c5e9fa9.png', 'pdfType': 1}]
2022-03-21 11:28:27.885 | INFO     | modules.Project:MakePDF:147 - PDF文件页面图片查询成功--->>>[]
2022-03-21 11:28:28.586 | INFO     | modules.Project:MakePDF:155 - RCR查询成功--->>>{'region': 'RCR', 'signature': 'e9e46fafc05ac3c52b49f064ab38613c'}
2022-03-21 11:28:29.083 | INFO     | modules.Project:MakePDF:161 - CCR查询成功--->>>[{'sold': 66, 'projectArea': 'CCR', 'available': 255, 'projectName': '10 Evelyn', 'projectId': 'b4323957827046808662cfed12d9b211'}, {'sold': 0, 'projectArea': 'CCR', 'available': 0, 'projectName': '111 Emerald Hill 翡翠山', 'projectId': '0deb2829de6b4cb19977afdc7a8aed58'}, {'sold': 33, 'projectArea': 'CCR', 'available': 6, 'projectName': '120 Grange', 'projectId': '1dfacf929ad04a0ba9df03ac1d5ce3cc'}, {'sold': 92, 'projectArea': 'CCR', 'available': 2, 'projectName': '15 Holland Hill', 'projectId': 'f16ea0d153ec4a28ae85812cb1e81c17'}, {'sold': 12, 'projectArea': 'CCR', 'available': 100, 'projectName': '19 Nassim', 'projectId': '9aad9396786644839a97c36653a23285'}, {'sold': 126, 'projectArea': 'CCR', 'available': 7, 'projectName': '26 Newton', 'projectId': '3a4782498bdd46bfaf5a31d2a6c02776'}, {'sold': 125, 'projectArea': 'CCR', 'available': 15, 'projectName': '3 Cuscaden', 'projectId': '0d458a24bc644ed78b33755c1cb52823'}, {'sold': 290, 'projectArea': 'CCR', 'available': 193, 'projectName': '3 Orchard By-The-Park 乌节三翠林', 'projectId': '5bf7a4b2cb7a49959afc1422c13894c9'}, {'sold': 112, 'projectArea': 'CCR', 'available': 44, 'projectName': '35 Gilstead', 'projectId': 'ce4122dbf4bc4537bdde038f5164d542'}, {'sold': 0, 'projectArea': 'CCR', 'available': 0, 'projectName': '38 Jervois', 'projectId': '12da202e89ba46bf8fd77d16d8d04807'}]
2022-03-21 11:28:29.720 | INFO     | modules.Project:MakePDF:167 - OCR查询成功--->>>[{'sold': 64, 'projectArea': 'OCR', 'available': 41, 'projectName': '77 @ East Coast', 'projectId': 'cbcf3b56a26649d9ad2a0835eed7f880'}, {'sold': 2271, 'projectArea': 'OCR', 'available': 157, 'projectName': 'Affinity at Serangoon', 'projectId': 'a77f72903ab244dc9d8f0daa6988efad'}, {'sold': 80, 'projectArea': 'OCR', 'available': 30, 'projectName': 'Belgravia Ace', 'projectId': '6527d3d2d1724fdc965f655766848e9e'}, {'sold': 2, 'projectArea': 'OCR', 'available': 0, 'projectName': 'Belgravia Green', 'projectId': '28aabcfe559e4df8a7260c58601a61dc'}, {'sold': 0, 'projectArea': 'OCR', 'available': 0, 'projectName': 'BluWaters 2', 'projectId': '4cc1f56d01094d22b50bf36cdab70703'}, {'sold': 0, 'projectArea': 'OCR', 'available': 0, 'projectName': 'Bukit 828', 'projectId': 'a06cad84ba784de1aaf77f7b29e88027'}, {'sold': 4, 'projectArea': 'OCR', 'available': 1, 'projectName': 'Burghley Drive', 'projectId': 'bae103696d324d8aaf621e6992ddd5f2'}, {'sold': 165, 'projectArea': 'OCR', 'available': 34, 'projectName': 'Casa Al Mare', 'projectId': 'ea0834f8f9894212897fee6bed3c98d9'}, {'sold': 8, 'projectArea': 'OCR', 'available': 5, 'projectName': 'Citrine Foodland', 'projectId': '57c40296d6474c88806a1fef94655fa4'}, {'sold': 3188, 'projectArea': 'OCR', 'available': 2710, 'projectName': 'Clavon 悦文荟', 'projectId': 'f405d432d7744e7faed81f0040f3c268'}]
2022-03-21 11:28:33.006 | INFO     | modules.Project:MakePDF:215 - ============>> 1 page
2022-03-21 11:28:33.515 | INFO     | modules.Project:MakePDF:221 - ============>> 2 page
2022-03-21 11:28:34.938 | INFO     | modules.Project:MakePDF:336 - ============>> PROJECT SUMMARY
2022-03-21 11:28:35.909 | INFO     | modules.Project:MakePDF:360 - ============>> LOCATION HIGHLIGHT
2022-03-21 11:28:36.493 | INFO     | modules.Project:MakePDF:378 - ============>> District Pricing (Rental)
2022-03-21 11:28:38.704 | INFO     | modules.Project:MakePDF:465 - ============>>Guide to Financial Wellness
2022-03-21 11:28:39.528 | INFO     | modules.Project:MakePDF:627 - ============>>PROGRESSIVE PAYMENT
2022-03-21 11:28:40.532 | INFO     | modules.Project:MakePDF:668 - ============>>10 page
2022-03-21 11:28:40.560 | INFO     | modules.Project:MakePDF:713 - ============>>transactionDate
2022-03-21 11:28:40.583 | INFO     | modules.Project:MakePDF:739 - ============>>Core Central Region (CCR)
2022-03-21 11:28:40.619 | INFO     | modules.Project:MakePDF:757 - ============>>Core Central Region (RCR)
2022-03-21 11:28:40.664 | INFO     | modules.Project:MakePDF:779 - ============>>Core Central Region (OCR)
2022-03-21 11:28:43.050 | INFO     | modules.Project:MakePDF:841 - ============>>add 17 page
2022-03-21 11:28:44.054 | INFO     | modules.Project:GetPndPdfPro:57 - PDF创建成功=======>E:\新联国际\地产项目-C端\python\mixgo_py_pro\e73ca86d287143709c1450012bac9e9a\b4323957827046808662cfed12d9b211.pdf
2022-03-21 11:29:30.141 | INFO     | modules.Project:GetPndPdfPro:48 - 创建PDF,b4323957827046808662cfed12d9b211
2022-03-21 11:29:30.534 | INFO     | modules.Project:MakePDF:106 - 项目信息查询成功--->>>projectId:b4323957827046808662cfed12d9b211,agentId:e73ca86d287143709c1450012bac9e9a,projectInfo:{'brokeName': 'Amara Holdings', 'mainImage': '/upload/broke/77bca671819a4ee69063f560fa734361/b4323957827046808662cfed12d9b211/imgs/time/c2a62e14f77544378d9c324995064974.jpg', 'projectArea': 'CCR', 'district': 'D11', 'snapshotLogo': '/upload/broke/77bca671819a4ee69063f560fa734361/imgs/863e1f5e27324864b27dff599c62327c.png', 'currencySymbol': '$', 'completionDate': '2022-02-28 00:00:00', 'projectName': '10 Evelyn', 'unitsNum': '56', 'tenure': 'Freehold', 'url': None},unitInfo:[{'bedrooms': 1, 'number': 28, 'price': 0.0}, {'bedrooms': 2, 'number': 24, 'price': 1928360.0}, {'bedrooms': 3, 'number': 4, 'price': 3893580.0}],agentInfo:{'agentId': 'e73ca86d287143709c1450012bac9e9a', 'regNum': 'ecoprop1', 'mobile': '+65 97813175', 'logo': '/upload/broke/0c5d80359cc5416a9ea953fdebcbfc20/mailPhoto/time/e73ca86d287143709c1450012bac9e9a.png', 'agentName': 'yccccc', 'email': 'ycc843092012@gmail.com'}
2022-03-21 11:29:31.066 | INFO     | modules.Project:MakePDF:138 - 项目区域销售图查询成功--->>>[{'districtName': 'D11', 'logo': '/upload/broke/pnd/logo/20220315/76d70ddb8a524022905f58e88c5e9fa9.png', 'pdfType': 1}]
2022-03-21 11:29:31.301 | INFO     | modules.Project:MakePDF:147 - PDF文件页面图片查询成功--->>>[]
2022-03-21 11:29:31.970 | INFO     | modules.Project:MakePDF:155 - RCR查询成功--->>>{'region': 'RCR', 'signature': 'e9e46fafc05ac3c52b49f064ab38613c'}
2022-03-21 11:29:32.478 | INFO     | modules.Project:MakePDF:161 - CCR查询成功--->>>[{'sold': 66, 'projectArea': 'CCR', 'available': 255, 'projectName': '10 Evelyn', 'projectId': 'b4323957827046808662cfed12d9b211'}, {'sold': 0, 'projectArea': 'CCR', 'available': 0, 'projectName': '111 Emerald Hill 翡翠山', 'projectId': '0deb2829de6b4cb19977afdc7a8aed58'}, {'sold': 33, 'projectArea': 'CCR', 'available': 6, 'projectName': '120 Grange', 'projectId': '1dfacf929ad04a0ba9df03ac1d5ce3cc'}, {'sold': 92, 'projectArea': 'CCR', 'available': 2, 'projectName': '15 Holland Hill', 'projectId': 'f16ea0d153ec4a28ae85812cb1e81c17'}, {'sold': 12, 'projectArea': 'CCR', 'available': 100, 'projectName': '19 Nassim', 'projectId': '9aad9396786644839a97c36653a23285'}, {'sold': 126, 'projectArea': 'CCR', 'available': 7, 'projectName': '26 Newton', 'projectId': '3a4782498bdd46bfaf5a31d2a6c02776'}, {'sold': 125, 'projectArea': 'CCR', 'available': 15, 'projectName': '3 Cuscaden', 'projectId': '0d458a24bc644ed78b33755c1cb52823'}, {'sold': 290, 'projectArea': 'CCR', 'available': 193, 'projectName': '3 Orchard By-The-Park 乌节三翠林', 'projectId': '5bf7a4b2cb7a49959afc1422c13894c9'}, {'sold': 112, 'projectArea': 'CCR', 'available': 44, 'projectName': '35 Gilstead', 'projectId': 'ce4122dbf4bc4537bdde038f5164d542'}, {'sold': 0, 'projectArea': 'CCR', 'available': 0, 'projectName': '38 Jervois', 'projectId': '12da202e89ba46bf8fd77d16d8d04807'}]
2022-03-21 11:29:33.137 | INFO     | modules.Project:MakePDF:167 - OCR查询成功--->>>[{'sold': 64, 'projectArea': 'OCR', 'available': 41, 'projectName': '77 @ East Coast', 'projectId': 'cbcf3b56a26649d9ad2a0835eed7f880'}, {'sold': 2271, 'projectArea': 'OCR', 'available': 157, 'projectName': 'Affinity at Serangoon', 'projectId': 'a77f72903ab244dc9d8f0daa6988efad'}, {'sold': 80, 'projectArea': 'OCR', 'available': 30, 'projectName': 'Belgravia Ace', 'projectId': '6527d3d2d1724fdc965f655766848e9e'}, {'sold': 2, 'projectArea': 'OCR', 'available': 0, 'projectName': 'Belgravia Green', 'projectId': '28aabcfe559e4df8a7260c58601a61dc'}, {'sold': 0, 'projectArea': 'OCR', 'available': 0, 'projectName': 'BluWaters 2', 'projectId': '4cc1f56d01094d22b50bf36cdab70703'}, {'sold': 0, 'projectArea': 'OCR', 'available': 0, 'projectName': 'Bukit 828', 'projectId': 'a06cad84ba784de1aaf77f7b29e88027'}, {'sold': 4, 'projectArea': 'OCR', 'available': 1, 'projectName': 'Burghley Drive', 'projectId': 'bae103696d324d8aaf621e6992ddd5f2'}, {'sold': 165, 'projectArea': 'OCR', 'available': 34, 'projectName': 'Casa Al Mare', 'projectId': 'ea0834f8f9894212897fee6bed3c98d9'}, {'sold': 8, 'projectArea': 'OCR', 'available': 5, 'projectName': 'Citrine Foodland', 'projectId': '57c40296d6474c88806a1fef94655fa4'}, {'sold': 3189, 'projectArea': 'OCR', 'available': 2710, 'projectName': 'Clavon 悦文荟', 'projectId': 'f405d432d7744e7faed81f0040f3c268'}]
2022-03-21 11:29:34.425 | INFO     | modules.Project:MakePDF:215 - ============>> 1 page
2022-03-21 11:29:34.808 | INFO     | modules.Project:MakePDF:221 - ============>> 2 page
2022-03-21 11:29:36.412 | INFO     | modules.Project:MakePDF:336 - ============>> PROJECT SUMMARY
2022-03-21 11:29:37.343 | INFO     | modules.Project:MakePDF:360 - ============>> LOCATION HIGHLIGHT
2022-03-21 11:29:37.913 | INFO     | modules.Project:MakePDF:378 - ============>> District Pricing (Rental)
2022-03-21 11:29:38.822 | INFO     | modules.Project:MakePDF:465 - ============>>Guide to Financial Wellness
2022-03-21 11:29:40.026 | INFO     | modules.Project:MakePDF:627 - ============>>PROGRESSIVE PAYMENT
2022-03-21 11:29:41.004 | INFO     | modules.Project:MakePDF:668 - ============>>10 page
2022-03-21 11:29:41.010 | INFO     | modules.Project:MakePDF:713 - ============>>transactionDate
2022-03-21 11:29:41.037 | INFO     | modules.Project:MakePDF:739 - ============>>Core Central Region (CCR)
2022-03-21 11:29:41.075 | INFO     | modules.Project:MakePDF:757 - ============>>Core Central Region (RCR)
2022-03-21 11:29:41.120 | INFO     | modules.Project:MakePDF:779 - ============>>Core Central Region (OCR)
2022-03-21 11:29:42.183 | INFO     | modules.Project:MakePDF:841 - ============>>add 17 page
2022-03-21 11:29:43.080 | INFO     | modules.Project:GetPndPdfPro:57 - PDF创建成功=======>E:\新联国际\地产项目-C端\python\mixgo_py_pro\e73ca86d287143709c1450012bac9e9a\b4323957827046808662cfed12d9b211.pdf
