2022-12-06 20:30:17.251 | INFO     | modules.Project:EcopropSheraProPdf:173 - ----->>>创建 ecoprop_shera_pro_pdf
2022-12-06 20:30:17.262 | INFO     | modules.Project:Shera_to_Pdf:1352 - get User Info ====>>>>02f84b66f27e4f899eb40e3abbfb007d
2022-12-06 20:30:18.075 | INFO     | modules.Project:Shera_to_Pdf:1359 - get Pro Info ====>>>>13edda4b0d994b7da93297db18e39da5
2022-12-06 20:30:18.086 | INFO     | modules.Project:Shera_to_Pdf:1362 - description Base64====>>>>13edda4b0d994b7da93297db18e39da5
2022-12-06 20:30:18.095 | INFO     | modules.Project:Shera_to_Pdf:1368 - facilitiesMap  literal_eval====>>>><class 'str'>
2022-12-06 20:30:18.105 | INFO     | modules.Project:Shera_to_Pdf:1376 - get unit_price_list ====>>>>
2022-12-06 20:30:18.397 | INFO     | modules.Project:Shera_to_Pdf:1380 - get site_plan_list ====>>>>
2022-12-06 20:30:18.626 | INFO     | modules.Project:Shera_to_Pdf:1394 - get Pro_media_list ====>>>>
2022-12-06 20:30:18.870 | INFO     | modules.Project:Shera_to_Pdf:1398 - get floor_plan_list ====>>>>
2022-12-06 20:30:19.113 | INFO     | modules.Project:Shera_to_Pdf:1402 - set openlink====>>>>
2022-12-06 20:30:19.117 | INFO     | modules.Project:Shera_to_Pdf:1410 - Set return Path ====>>>>
2022-12-06 20:30:19.121 | INFO     | modules.Project:Shera_to_Pdf:1418 - Get Jinja2 Temp ====>>>>
2022-12-06 20:30:19.197 | INFO     | modules.Project:Shera_to_Pdf:1434 - Add tmp Info ====>>>>
2022-12-06 20:30:19.210 | ERROR    | modules.Project:Shera_to_Pdf:1439 - 'urllib' is undefined
2022-12-06 20:30:19.213 | INFO     | modules.Project:EcopropSheraProPdf:186 - PDF创建异常=======>
2022-12-06 20:30:36.544 | INFO     | modules.Project:EcopropSheraProPdf:173 - ----->>>创建 ecoprop_shera_pro_pdf
2022-12-06 20:30:36.546 | INFO     | modules.Project:Shera_to_Pdf:1352 - get User Info ====>>>>02f84b66f27e4f899eb40e3abbfb007d
2022-12-06 20:30:37.130 | INFO     | modules.Project:Shera_to_Pdf:1359 - get Pro Info ====>>>>13edda4b0d994b7da93297db18e39da5
2022-12-06 20:30:37.139 | INFO     | modules.Project:Shera_to_Pdf:1362 - description Base64====>>>>13edda4b0d994b7da93297db18e39da5
2022-12-06 20:30:37.147 | INFO     | modules.Project:Shera_to_Pdf:1368 - facilitiesMap  literal_eval====>>>><class 'str'>
2022-12-06 20:30:37.155 | INFO     | modules.Project:Shera_to_Pdf:1376 - get unit_price_list ====>>>>
2022-12-06 20:30:37.426 | INFO     | modules.Project:Shera_to_Pdf:1380 - get site_plan_list ====>>>>
2022-12-06 20:30:37.657 | INFO     | modules.Project:Shera_to_Pdf:1394 - get Pro_media_list ====>>>>
2022-12-06 20:30:37.914 | INFO     | modules.Project:Shera_to_Pdf:1398 - get floor_plan_list ====>>>>
2022-12-06 20:30:38.154 | INFO     | modules.Project:Shera_to_Pdf:1402 - set openlink====>>>>
2022-12-06 20:30:38.157 | INFO     | modules.Project:Shera_to_Pdf:1410 - Set return Path ====>>>>
2022-12-06 20:30:38.159 | INFO     | modules.Project:Shera_to_Pdf:1418 - Get Jinja2 Temp ====>>>>
2022-12-06 20:30:38.193 | INFO     | modules.Project:Shera_to_Pdf:1434 - Add tmp Info ====>>>>
2022-12-06 20:30:40.924 | INFO     | modules.Project:Shera_to_Pdf:1441 - PDF ADD Over ====>>>>
2022-12-06 20:30:40.926 | INFO     | modules.Project:EcopropSheraProPdf:178 - PDF创建成功=======>E:/新联国际/地产项目-C端/python/mixgo_py_pro/pdf/pro_share_pdf/The-Gazania-迎昕园-06-12-2022.pdf
2022-12-06 20:31:14.111 | INFO     | modules.Project:EcopropSheraProPdf:173 - ----->>>创建 ecoprop_shera_pro_pdf
2022-12-06 20:31:14.113 | INFO     | modules.Project:Shera_to_Pdf:1352 - get User Info ====>>>>02f84b66f27e4f899eb40e3abbfb007d
2022-12-06 20:31:14.838 | INFO     | modules.Project:Shera_to_Pdf:1359 - get Pro Info ====>>>>13edda4b0d994b7da93297db18e39da5
2022-12-06 20:31:14.840 | INFO     | modules.Project:Shera_to_Pdf:1362 - description Base64====>>>>13edda4b0d994b7da93297db18e39da5
2022-12-06 20:31:14.842 | INFO     | modules.Project:Shera_to_Pdf:1368 - facilitiesMap  literal_eval====>>>><class 'str'>
2022-12-06 20:31:14.843 | INFO     | modules.Project:Shera_to_Pdf:1376 - get unit_price_list ====>>>>
2022-12-06 20:31:15.096 | INFO     | modules.Project:Shera_to_Pdf:1380 - get site_plan_list ====>>>>
2022-12-06 20:31:15.776 | INFO     | modules.Project:Shera_to_Pdf:1394 - get Pro_media_list ====>>>>
2022-12-06 20:31:16.019 | INFO     | modules.Project:Shera_to_Pdf:1398 - get floor_plan_list ====>>>>
2022-12-06 20:31:16.258 | INFO     | modules.Project:Shera_to_Pdf:1402 - set openlink====>>>>
2022-12-06 20:31:16.259 | INFO     | modules.Project:Shera_to_Pdf:1410 - Set return Path ====>>>>
2022-12-06 20:31:16.261 | INFO     | modules.Project:Shera_to_Pdf:1418 - Get Jinja2 Temp ====>>>>
2022-12-06 20:31:16.288 | INFO     | modules.Project:Shera_to_Pdf:1434 - Add tmp Info ====>>>>
2022-12-06 20:31:19.601 | INFO     | modules.Project:Shera_to_Pdf:1441 - PDF ADD Over ====>>>>
2022-12-06 20:31:19.603 | INFO     | modules.Project:EcopropSheraProPdf:178 - PDF创建成功=======>E:/新联国际/地产项目-C端/python/mixgo_py_pro/pdf/pro_share_pdf/The-Gazania-迎昕园-06-12-2022.pdf
2022-12-06 20:39:49.004 | INFO     | modules.Project:EcopropSheraProPdf:173 - ----->>>创建 ecoprop_shera_pro_pdf
2022-12-06 20:39:49.007 | INFO     | modules.Project:Shera_to_Pdf:1352 - get User Info ====>>>>02f84b66f27e4f899eb40e3abbfb007d
2022-12-06 20:39:49.595 | INFO     | modules.Project:Shera_to_Pdf:1359 - get Pro Info ====>>>>13edda4b0d994b7da93297db18e39da5
2022-12-06 20:39:49.598 | INFO     | modules.Project:Shera_to_Pdf:1362 - description Base64====>>>>13edda4b0d994b7da93297db18e39da5
2022-12-06 20:39:49.599 | INFO     | modules.Project:Shera_to_Pdf:1368 - facilitiesMap  literal_eval====>>>><class 'str'>
2022-12-06 20:39:49.600 | INFO     | modules.Project:Shera_to_Pdf:1376 - get unit_price_list ====>>>>
2022-12-06 20:39:49.904 | INFO     | modules.Project:Shera_to_Pdf:1380 - get site_plan_list ====>>>>
2022-12-06 20:39:50.233 | INFO     | modules.Project:Shera_to_Pdf:1394 - get Pro_media_list ====>>>>
2022-12-06 20:39:50.606 | INFO     | modules.Project:Shera_to_Pdf:1398 - get floor_plan_list ====>>>>
2022-12-06 20:39:50.830 | INFO     | modules.Project:Shera_to_Pdf:1402 - set openlink====>>>>
2022-12-06 20:39:50.832 | INFO     | modules.Project:Shera_to_Pdf:1410 - Set return Path ====>>>>
2022-12-06 20:39:50.834 | INFO     | modules.Project:Shera_to_Pdf:1418 - Get Jinja2 Temp ====>>>>
2022-12-06 20:39:50.856 | INFO     | modules.Project:Shera_to_Pdf:1434 - Add tmp Info ====>>>>
2022-12-06 20:39:54.524 | INFO     | modules.Project:Shera_to_Pdf:1441 - PDF ADD Over ====>>>>
2022-12-06 20:39:54.527 | INFO     | modules.Project:EcopropSheraProPdf:178 - PDF创建成功=======>E:/新联国际/地产项目-C端/python/mixgo_py_pro/pdf/pro_share_pdf/The-Gazania-迎昕园-06-12-2022.pdf
