2022-11-28 15:38:41.703 | ERROR    | modules.Project:Shera_to_Pdf:1347 - 'str object' has no attribute 'url'
2022-11-28 15:42:14.684 | ERROR    | modules.Project:Shera_to_Pdf:1347 - 'int object' has no attribute 'url'
2022-11-28 15:42:27.645 | ERROR    | modules.Project:Shera_to_Pdf:1347 - wkhtmltopdf reported an error:
libpng warning: iCCP: known incorrect sRGB profile
Exit with code 1 due to network error: ContentOperationNotPermittedError

2022-11-28 17:28:39.885 | ERROR    | modules.Project:Shera_to_Pdf:1352 - unhashable type: 'slice'
2022-11-28 17:29:35.171 | ERROR    | modules.Project:Shera_to_Pdf:1352 - unhashable type: 'slice'
2022-11-28 17:29:47.800 | ERROR    | modules.Project:Shera_to_Pdf:1352 - unhashable type: 'slice'
2022-11-28 17:29:56.869 | ERROR    | modules.Project:Shera_to_Pdf:1352 - unhashable type: 'slice'
2022-11-28 17:30:40.351 | ERROR    | modules.Project:Shera_to_Pdf:1352 - 'floor_plan_list' is undefined
2022-11-28 17:31:04.613 | ERROR    | modules.Project:Shera_to_Pdf:1352 - 'floor_plan_list' is undefined
2022-11-28 17:39:09.368 | ERROR    | modules.Project:Shera_to_Pdf:1349 - 'facilitiesMap' is undefined
2022-11-28 17:58:18.368 | ERROR    | modules.Project:Shera_to_Pdf:1354 - wkhtmltopdf exited with non-zero code 1. error:
libpng warning: iCCP: known incorrect sRGB profile
QPainter::begin(): Returned false
Exit with code 1, due to unknown error.

2022-11-28 17:58:37.379 | ERROR    | modules.Project:Shera_to_Pdf:1354 - wkhtmltopdf exited with non-zero code 1. error:
libpng warning: iCCP: known incorrect sRGB profile
QPainter::begin(): Returned false
Exit with code 1, due to unknown error.

2022-11-28 17:58:59.300 | ERROR    | modules.Project:Shera_to_Pdf:1355 - wkhtmltopdf exited with non-zero code 1. error:
libpng warning: iCCP: known incorrect sRGB profile
QPainter::begin(): Returned false
Exit with code 1, due to unknown error.

2022-11-28 17:59:15.965 | ERROR    | modules.Project:Shera_to_Pdf:1356 - wkhtmltopdf exited with non-zero code 1. error:
libpng warning: iCCP: known incorrect sRGB profile
QPainter::begin(): Returned false
Exit with code 1, due to unknown error.

2022-11-28 18:12:38.400 | ERROR    | modules.Project:Shera_to_Pdf:1357 - 'int' is undefined
2022-11-28 19:22:02.815 | ERROR    | modules.Project:Shera_to_Pdf:1357 - wkhtmltopdf reported an error:
libpng warning: iCCP: known incorrect sRGB profile
Exit with code 1 due to network error: ContentNotFoundError

