2022-11-28 10:57:57.050 | INFO     | modules.Project:EcopropSheraProPdf:167 - ----->>>创建 ecoprop_shera_pro_pdf
2022-11-28 10:57:57.071 | INFO     | modules.Project:Shera_to_Pdf:1296 - /home/mixgo_py_pro/temp/ecoprop_pro_shera_temp.html/home/mixgo_py_pro/broke/home/mixgo_py_pro/broke/28-11-2022 105757.pdf
2022-11-28 10:57:57.074 | INFO     | modules.Project:Shera_to_Pdf:1297 - 1111111
2022-11-28 10:57:57.076 | INFO     | modules.Project:Shera_to_Pdf:1299 - 2222222
2022-11-28 10:58:19.176 | INFO     | modules.Project:EcopropSheraProPdf:167 - ----->>>创建 ecoprop_shera_pro_pdf
2022-11-28 10:58:19.179 | INFO     | modules.Project:Shera_to_Pdf:1296 - E:/新联国际/地产项目-C端/python/mixgo_py_pro/temp/ecoprop_pro_shera_temp.htmlE:/新联国际/地产项目-C端/python/mixgo_py_pro/brokeE:/新联国际/地产项目-C端/python/mixgo_py_pro/broke/28-11-2022 105819.pdf
2022-11-28 10:58:19.181 | INFO     | modules.Project:Shera_to_Pdf:1297 - 1111111
2022-11-28 10:58:19.185 | INFO     | modules.Project:Shera_to_Pdf:1299 - 2222222
2022-11-28 10:58:47.607 | INFO     | modules.Project:EcopropSheraProPdf:167 - ----->>>创建 ecoprop_shera_pro_pdf
2022-11-28 10:58:47.610 | INFO     | modules.Project:Shera_to_Pdf:1296 - E:/新联国际/地产项目-C端/python/mixgo_py_pro/tempE:/新联国际/地产项目-C端/python/mixgo_py_pro/brokeE:/新联国际/地产项目-C端/python/mixgo_py_pro/broke/28-11-2022 105847.pdf
2022-11-28 10:58:47.611 | INFO     | modules.Project:Shera_to_Pdf:1297 - 1111111
2022-11-28 10:58:47.613 | INFO     | modules.Project:Shera_to_Pdf:1299 - 2222222
2022-11-28 10:59:25.477 | INFO     | modules.Project:EcopropSheraProPdf:167 - ----->>>创建 ecoprop_shera_pro_pdf
2022-11-28 10:59:25.480 | INFO     | modules.Project:Shera_to_Pdf:1296 - E:/新联国际/地产项目-C端/python/mixgo_py_pro/tempE:/新联国际/地产项目-C端/python/mixgo_py_pro/brokeE:/新联国际/地产项目-C端/python/mixgo_py_pro/broke/28-11-2022 105925.pdf
2022-11-28 10:59:25.482 | INFO     | modules.Project:Shera_to_Pdf:1297 - 1111111
2022-11-28 10:59:25.485 | INFO     | modules.Project:Shera_to_Pdf:1299 - 2222222
2022-11-28 11:00:06.611 | INFO     | modules.Project:EcopropSheraProPdf:167 - ----->>>创建 ecoprop_shera_pro_pdf
2022-11-28 11:00:06.613 | INFO     | modules.Project:Shera_to_Pdf:1296 - E:/新联国际/地产项目-C端/python/mixgo_py_pro/temp/ecoprop_pro_shera_temp.htmlE:/新联国际/地产项目-C端/python/mixgo_py_pro/brokeE:/新联国际/地产项目-C端/python/mixgo_py_pro/broke/28-11-2022 110006.pdf
2022-11-28 11:00:06.615 | INFO     | modules.Project:Shera_to_Pdf:1297 - 1111111
2022-11-28 11:00:06.617 | INFO     | modules.Project:Shera_to_Pdf:1299 - 2222222
2022-11-28 11:00:16.280 | INFO     | modules.Project:EcopropSheraProPdf:167 - ----->>>创建 ecoprop_shera_pro_pdf
2022-11-28 11:00:16.283 | INFO     | modules.Project:Shera_to_Pdf:1296 - E:/新联国际/地产项目-C端/python/mixgo_py_pro/temp/ecoprop_pro_shera_temp.htmlE:/新联国际/地产项目-C端/python/mixgo_py_pro/brokeE:/新联国际/地产项目-C端/python/mixgo_py_pro/broke/28-11-2022 110016.pdf
2022-11-28 11:00:16.286 | INFO     | modules.Project:Shera_to_Pdf:1297 - 1111111
2022-11-28 11:00:16.288 | INFO     | modules.Project:Shera_to_Pdf:1299 - 2222222
2022-11-28 11:04:14.232 | INFO     | modules.Project:EcopropSheraProPdf:167 - ----->>>创建 ecoprop_shera_pro_pdf
2022-11-28 11:04:14.235 | INFO     | modules.Project:Shera_to_Pdf:1296 - E:/新联国际/地产项目-C端/python/mixgo_py_pro/temp/ecoprop_pro_shera_temp.htmlE:/新联国际/地产项目-C端/python/mixgo_py_pro/brokeE:/新联国际/地产项目-C端/python/mixgo_py_pro/broke/28-11-2022 110414.pdf
2022-11-28 11:04:14.237 | INFO     | modules.Project:Shera_to_Pdf:1297 - 1111111
2022-11-28 11:04:14.239 | INFO     | modules.Project:Shera_to_Pdf:1299 - 2222222
2022-11-28 11:04:16.104 | INFO     | modules.Project:EcopropSheraProPdf:167 - ----->>>创建 ecoprop_shera_pro_pdf
2022-11-28 11:04:16.106 | INFO     | modules.Project:Shera_to_Pdf:1296 - E:/新联国际/地产项目-C端/python/mixgo_py_pro/temp/ecoprop_pro_shera_temp.htmlE:/新联国际/地产项目-C端/python/mixgo_py_pro/brokeE:/新联国际/地产项目-C端/python/mixgo_py_pro/broke/28-11-2022 110416.pdf
2022-11-28 11:04:16.108 | INFO     | modules.Project:Shera_to_Pdf:1297 - 1111111
2022-11-28 11:04:16.110 | INFO     | modules.Project:Shera_to_Pdf:1299 - 2222222
2022-11-28 11:17:34.661 | INFO     | modules.Project:EcopropSheraProPdf:167 - ----->>>创建 ecoprop_shera_pro_pdf
2022-11-28 11:17:34.664 | INFO     | modules.Project:Shera_to_Pdf:1296 - E:\新联国际\地产项目-C端\python\mixgo_py_pro\temp\ecoprop_pro_shera_temp.htmlE:/新联国际/地产项目-C端/python/mixgo_py_pro/brokeE:/新联国际/地产项目-C端/python/mixgo_py_pro/broke/28-11-2022 111734.pdf
2022-11-28 11:17:34.666 | INFO     | modules.Project:Shera_to_Pdf:1297 - 1111111
2022-11-28 11:17:34.668 | INFO     | modules.Project:Shera_to_Pdf:1299 - 2222222
2022-11-28 11:17:58.012 | INFO     | modules.Project:EcopropSheraProPdf:167 - ----->>>创建 ecoprop_shera_pro_pdf
2022-11-28 11:17:58.015 | INFO     | modules.Project:Shera_to_Pdf:1296 - E:\新联国际\地产项目-C端\python\mixgo_py_pro\temp\ecoprop_pro_shera_temp.htmlE:/新联国际/地产项目-C端/python/mixgo_py_pro/brokeE:/新联国际/地产项目-C端/python/mixgo_py_pro/broke/28-11-2022 111758.pdf
2022-11-28 11:17:58.018 | INFO     | modules.Project:Shera_to_Pdf:1297 - 1111111
2022-11-28 11:17:58.020 | INFO     | modules.Project:Shera_to_Pdf:1299 - 2222222
2022-11-28 11:18:07.825 | INFO     | modules.Project:EcopropSheraProPdf:167 - ----->>>创建 ecoprop_shera_pro_pdf
2022-11-28 11:18:07.827 | INFO     | modules.Project:Shera_to_Pdf:1296 - E:/新联国际/地产项目-C端/python/mixgo_py_pro/temp/ecoprop_pro_shera_temp.htmlE:/新联国际/地产项目-C端/python/mixgo_py_pro/brokeE:/新联国际/地产项目-C端/python/mixgo_py_pro/broke/28-11-2022 111807.pdf
2022-11-28 11:18:07.830 | INFO     | modules.Project:Shera_to_Pdf:1297 - 1111111
2022-11-28 11:18:07.832 | INFO     | modules.Project:Shera_to_Pdf:1299 - 2222222
2022-11-28 11:18:41.849 | INFO     | modules.Project:EcopropSheraProPdf:167 - ----->>>创建 ecoprop_shera_pro_pdf
2022-11-28 11:18:41.851 | INFO     | modules.Project:Shera_to_Pdf:1296 - E:/新联国际/地产项目-C端/python/mixgo_py_pro/temp/ecoprop_pro_shera_temp.htmlE:/新联国际/地产项目-C端/python/mixgo_py_pro/brokeE:/新联国际/地产项目-C端/python/mixgo_py_pro/broke/28-11-2022 111841.pdf
2022-11-28 11:18:41.854 | INFO     | modules.Project:Shera_to_Pdf:1297 - 1111111
2022-11-28 11:18:41.855 | INFO     | modules.Project:Shera_to_Pdf:1299 - 2222222
2022-11-28 11:18:53.547 | INFO     | modules.Project:EcopropSheraProPdf:167 - ----->>>创建 ecoprop_shera_pro_pdf
2022-11-28 11:18:53.549 | INFO     | modules.Project:Shera_to_Pdf:1296 - E:/新联国际/地产项目-C端/python/mixgo_py_pro/temp/ecoprop_pro_shera_temp.htmlE:/新联国际/地产项目-C端/python/mixgo_py_pro/brokeE:/新联国际/地产项目-C端/python/mixgo_py_pro/broke/28-11-2022 111853.pdf
2022-11-28 11:18:53.551 | INFO     | modules.Project:Shera_to_Pdf:1297 - 1111111
2022-11-28 11:18:53.553 | INFO     | modules.Project:Shera_to_Pdf:1299 - 2222222
2022-11-28 11:18:53.575 | INFO     | modules.Project:Shera_to_Pdf:1301 - 33333
2022-11-28 11:18:54.164 | INFO     | modules.Project:EcopropSheraProPdf:172 - PDF创建成功=======>E:/新联国际/地产项目-C端/python/mixgo_py_pro/broke/28-11-2022 111853.pdf
2022-11-28 11:19:17.120 | INFO     | modules.Project:EcopropSheraProPdf:167 - ----->>>创建 ecoprop_shera_pro_pdf
2022-11-28 11:19:17.122 | INFO     | modules.Project:Shera_to_Pdf:1296 - E:/新联国际/地产项目-C端/python/mixgo_py_pro/temp/ecoprop_pro_shera_temp.htmlE:/新联国际/地产项目-C端/python/mixgo_py_pro/brokeE:/新联国际/地产项目-C端/python/mixgo_py_pro/broke/28-11-2022 111917.pdf
2022-11-28 11:19:17.125 | INFO     | modules.Project:Shera_to_Pdf:1297 - 1111111
2022-11-28 11:19:17.128 | INFO     | modules.Project:Shera_to_Pdf:1299 - 2222222
2022-11-28 11:19:17.133 | INFO     | modules.Project:Shera_to_Pdf:1301 - 33333
2022-11-28 11:19:19.197 | INFO     | modules.Project:EcopropSheraProPdf:172 - PDF创建成功=======>E:/新联国际/地产项目-C端/python/mixgo_py_pro/broke/28-11-2022 111917.pdf
2022-11-28 11:19:27.847 | INFO     | modules.Project:EcopropSheraProPdf:167 - ----->>>创建 ecoprop_shera_pro_pdf
2022-11-28 11:19:27.849 | INFO     | modules.Project:Shera_to_Pdf:1296 - E:/新联国际/地产项目-C端/python/mixgo_py_pro/temp/ecoprop_pro_shera_temp.htmlE:/新联国际/地产项目-C端/python/mixgo_py_pro/brokeE:/新联国际/地产项目-C端/python/mixgo_py_pro/broke/28-11-2022 111927.pdf
2022-11-28 11:19:27.852 | INFO     | modules.Project:Shera_to_Pdf:1297 - 1111111
2022-11-28 11:19:27.854 | INFO     | modules.Project:Shera_to_Pdf:1299 - 2222222
2022-11-28 11:19:56.346 | INFO     | modules.Project:EcopropSheraProPdf:167 - ----->>>创建 ecoprop_shera_pro_pdf
2022-11-28 11:19:56.349 | INFO     | modules.Project:Shera_to_Pdf:1296 - E:/新联国际/地产项目-C端/python/mixgo_py_pro/temp/ecoprop_pro_shera_temp.htmlE:/新联国际/地产项目-C端/python/mixgo_py_pro/brokeE:/新联国际/地产项目-C端/python/mixgo_py_pro/broke/28-11-2022 111956.pdf
2022-11-28 11:19:56.351 | INFO     | modules.Project:Shera_to_Pdf:1297 - 1111111
2022-11-28 11:19:56.352 | INFO     | modules.Project:Shera_to_Pdf:1299 - 2222222
2022-11-28 11:21:02.025 | INFO     | modules.Project:EcopropSheraProPdf:167 - ----->>>创建 ecoprop_shera_pro_pdf
2022-11-28 11:21:02.027 | INFO     | modules.Project:Shera_to_Pdf:1296 - E:/新联国际/地产项目-C端/python/mixgo_py_pro/temp/ecoprop_pro_shera_temp.htmlE:/新联国际/地产项目-C端/python/mixgo_py_pro/brokeE:/新联国际/地产项目-C端/python/mixgo_py_pro/broke/28-11-2022 112102.pdf
2022-11-28 11:21:02.029 | INFO     | modules.Project:Shera_to_Pdf:1297 - 1111111
2022-11-28 11:21:02.031 | INFO     | modules.Project:Shera_to_Pdf:1299 - 2222222
2022-11-28 11:21:08.418 | INFO     | modules.Project:EcopropSheraProPdf:167 - ----->>>创建 ecoprop_shera_pro_pdf
2022-11-28 11:21:08.421 | INFO     | modules.Project:Shera_to_Pdf:1296 - E:/新联国际/地产项目-C端/python/mixgo_py_pro/temp/ecoprop_pro_shera_temp.htmlE:/新联国际/地产项目-C端/python/mixgo_py_pro/brokeE:/新联国际/地产项目-C端/python/mixgo_py_pro/broke/28-11-2022 112108.pdf
2022-11-28 11:21:08.423 | INFO     | modules.Project:Shera_to_Pdf:1297 - 1111111
2022-11-28 11:21:08.426 | INFO     | modules.Project:Shera_to_Pdf:1299 - 2222222
2022-11-28 11:21:16.898 | INFO     | modules.Project:EcopropSheraProPdf:167 - ----->>>创建 ecoprop_shera_pro_pdf
2022-11-28 11:21:16.901 | INFO     | modules.Project:Shera_to_Pdf:1296 - E:/新联国际/地产项目-C端/python/mixgo_py_pro/temp/ecoprop_pro_shera_temp.htmlE:/新联国际/地产项目-C端/python/mixgo_py_pro/brokeE:/新联国际/地产项目-C端/python/mixgo_py_pro/broke/28-11-2022 112116.pdf
2022-11-28 11:21:16.903 | INFO     | modules.Project:Shera_to_Pdf:1297 - 1111111
2022-11-28 11:21:16.905 | INFO     | modules.Project:Shera_to_Pdf:1299 - 2222222
2022-11-28 11:21:23.426 | INFO     | modules.Project:EcopropSheraProPdf:167 - ----->>>创建 ecoprop_shera_pro_pdf
2022-11-28 11:21:23.429 | INFO     | modules.Project:Shera_to_Pdf:1296 - E:/新联国际/地产项目-C端/python/mixgo_py_pro/temp/ecoprop_pro_shera_temp.htmlE:/新联国际/地产项目-C端/python/mixgo_py_pro/brokeE:/新联国际/地产项目-C端/python/mixgo_py_pro/broke/28-11-2022 112123.pdf
2022-11-28 11:21:23.431 | INFO     | modules.Project:Shera_to_Pdf:1297 - 1111111
2022-11-28 11:21:23.432 | INFO     | modules.Project:Shera_to_Pdf:1299 - 2222222
2022-11-28 11:21:32.677 | INFO     | modules.Project:EcopropSheraProPdf:167 - ----->>>创建 ecoprop_shera_pro_pdf
2022-11-28 11:21:32.679 | INFO     | modules.Project:Shera_to_Pdf:1296 - E:/新联国际/地产项目-C端/python/mixgo_py_pro/temp/ecoprop_pro_shera_temp.htmlE:/新联国际/地产项目-C端/python/mixgo_py_pro/brokeE:/新联国际/地产项目-C端/python/mixgo_py_pro/broke/28-11-2022 112132.pdf
2022-11-28 11:21:32.682 | INFO     | modules.Project:Shera_to_Pdf:1297 - 1111111
2022-11-28 11:21:32.683 | INFO     | modules.Project:Shera_to_Pdf:1299 - 2222222
2022-11-28 11:21:51.711 | INFO     | modules.Project:EcopropSheraProPdf:167 - ----->>>创建 ecoprop_shera_pro_pdf
2022-11-28 11:21:51.714 | INFO     | modules.Project:Shera_to_Pdf:1296 - E:/新联国际/地产项目-C端/python/mixgo_py_pro/temp/ecoprop_pro_shera_temp.htmlE:/新联国际/地产项目-C端/python/mixgo_py_pro/brokeE:/新联国际/地产项目-C端/python/mixgo_py_pro/broke/28-11-2022 112151.pdf
2022-11-28 11:21:51.716 | INFO     | modules.Project:Shera_to_Pdf:1297 - 1111111
2022-11-28 11:21:51.718 | INFO     | modules.Project:Shera_to_Pdf:1299 - 2222222
2022-11-28 11:23:21.571 | INFO     | modules.Project:EcopropSheraProPdf:167 - ----->>>创建 ecoprop_shera_pro_pdf
2022-11-28 11:23:21.573 | INFO     | modules.Project:Shera_to_Pdf:1296 - E:/新联国际/地产项目-C端/python/mixgo_py_pro/temp/ecoprop_pro_shera_temp.htmlE:/新联国际/地产项目-C端/python/mixgo_py_pro/brokeE:/新联国际/地产项目-C端/python/mixgo_py_pro/broke/28-11-2022 112321.pdf
2022-11-28 11:23:21.574 | INFO     | modules.Project:Shera_to_Pdf:1297 - 1111111
2022-11-28 11:23:21.576 | INFO     | modules.Project:Shera_to_Pdf:1299 - 2222222
2022-11-28 11:23:51.432 | INFO     | modules.Project:EcopropSheraProPdf:167 - ----->>>创建 ecoprop_shera_pro_pdf
2022-11-28 11:23:51.435 | INFO     | modules.Project:Shera_to_Pdf:1296 - E:/新联国际/地产项目-C端/python/mixgo_py_pro/temp/ecoprop_pro_shera_temp.htmlE:/新联国际/地产项目-C端/python/mixgo_py_pro/brokeE:/新联国际/地产项目-C端/python/mixgo_py_pro/broke/28-11-2022 112351.pdf
2022-11-28 11:23:51.437 | INFO     | modules.Project:Shera_to_Pdf:1297 - 1111111
2022-11-28 11:23:51.439 | INFO     | modules.Project:Shera_to_Pdf:1299 - 2222222
2022-11-28 11:25:59.783 | INFO     | modules.Project:EcopropSheraProPdf:167 - ----->>>创建 ecoprop_shera_pro_pdf
2022-11-28 11:25:59.786 | INFO     | modules.Project:Shera_to_Pdf:1296 - E:/新联国际/地产项目-C端/python/mixgo_py_pro/temp/ecoprop_pro_shera_temp.htmlE:/新联国际/地产项目-C端/python/mixgo_py_pro/brokeE:/新联国际/地产项目-C端/python/mixgo_py_pro/broke/28-11-2022 112559.pdf
2022-11-28 11:25:59.788 | INFO     | modules.Project:Shera_to_Pdf:1297 - 1111111
2022-11-28 11:25:59.790 | INFO     | modules.Project:Shera_to_Pdf:1299 - 2222222
2022-11-28 11:25:59.797 | INFO     | modules.Project:Shera_to_Pdf:1301 - 33333
2022-11-28 11:26:01.816 | INFO     | modules.Project:EcopropSheraProPdf:172 - PDF创建成功=======>E:/新联国际/地产项目-C端/python/mixgo_py_pro/broke/28-11-2022 112559.pdf
2022-11-28 11:26:15.886 | INFO     | modules.Project:EcopropSheraProPdf:167 - ----->>>创建 ecoprop_shera_pro_pdf
2022-11-28 11:26:15.889 | INFO     | modules.Project:Shera_to_Pdf:1296 - E:/新联国际/地产项目-C端/python/mixgo_py_pro/temp/ecoprop_pro_shera_temp.htmlE:/新联国际/地产项目-C端/python/mixgo_py_pro/brokeE:/新联国际/地产项目-C端/python/mixgo_py_pro/broke/28-11-2022 112615.pdf
2022-11-28 11:26:15.891 | INFO     | modules.Project:Shera_to_Pdf:1297 - 1111111
2022-11-28 11:26:15.894 | INFO     | modules.Project:Shera_to_Pdf:1299 - 2222222
2022-11-28 11:26:15.901 | INFO     | modules.Project:Shera_to_Pdf:1301 - 33333
2022-11-28 11:26:18.028 | INFO     | modules.Project:EcopropSheraProPdf:172 - PDF创建成功=======>E:/新联国际/地产项目-C端/python/mixgo_py_pro/broke/28-11-2022 112615.pdf
2022-11-28 11:27:47.080 | INFO     | modules.Project:EcopropSheraProPdf:167 - ----->>>创建 ecoprop_shera_pro_pdf
2022-11-28 11:27:47.083 | INFO     | modules.Project:Shera_to_Pdf:1296 - E:/新联国际/地产项目-C端/python/mixgo_py_pro/temp/ecoprop_pro_shera_temp.htmlE:/新联国际/地产项目-C端/python/mixgo_py_pro/brokeE:/新联国际/地产项目-C端/python/mixgo_py_pro/broke/28-11-2022 112747.pdf
2022-11-28 11:27:47.086 | INFO     | modules.Project:Shera_to_Pdf:1297 - 1111111
2022-11-28 11:27:47.088 | INFO     | modules.Project:Shera_to_Pdf:1299 - 2222222
2022-11-28 11:27:47.096 | INFO     | modules.Project:Shera_to_Pdf:1301 - <Template 'E:/新联国际/地产项目-C端/python/mixgo_py_pro/temp/ecoprop_pro_shera_temp.html'>
2022-11-28 11:27:48.960 | INFO     | modules.Project:EcopropSheraProPdf:172 - PDF创建成功=======>E:/新联国际/地产项目-C端/python/mixgo_py_pro/broke/28-11-2022 112747.pdf
2022-11-28 11:28:50.459 | INFO     | modules.Project:EcopropSheraProPdf:167 - ----->>>创建 ecoprop_shera_pro_pdf
2022-11-28 11:28:50.461 | INFO     | modules.Project:Shera_to_Pdf:1296 - E:/新联国际/地产项目-C端/python/mixgo_py_pro/temp/ecoprop_pro_shera_temp.htmlE:/新联国际/地产项目-C端/python/mixgo_py_pro/brokeE:/新联国际/地产项目-C端/python/mixgo_py_pro/broke/28-11-2022 112850.pdf
2022-11-28 11:28:50.463 | INFO     | modules.Project:Shera_to_Pdf:1297 - 1111111
2022-11-28 11:28:50.465 | INFO     | modules.Project:Shera_to_Pdf:1299 - 2222222
2022-11-28 11:29:00.722 | INFO     | modules.Project:EcopropSheraProPdf:167 - ----->>>创建 ecoprop_shera_pro_pdf
2022-11-28 11:29:00.724 | INFO     | modules.Project:Shera_to_Pdf:1296 - E:/新联国际/地产项目-C端/python/mixgo_py_pro/temp/ecoprop_pro_shera_temp.htmlE:/新联国际/地产项目-C端/python/mixgo_py_pro/brokeE:/新联国际/地产项目-C端/python/mixgo_py_pro/broke/28-11-2022 112900.pdf
2022-11-28 11:29:00.726 | INFO     | modules.Project:Shera_to_Pdf:1297 - 1111111
2022-11-28 11:29:00.727 | INFO     | modules.Project:Shera_to_Pdf:1299 - 2222222
2022-11-28 11:29:48.303 | INFO     | modules.Project:EcopropSheraProPdf:167 - ----->>>创建 ecoprop_shera_pro_pdf
2022-11-28 11:29:48.306 | INFO     | modules.Project:Shera_to_Pdf:1296 - E:/新联国际/地产项目-C端/python/mixgo_py_pro/temp/ecoprop_pro_shera_temp.htmlE:/新联国际/地产项目-C端/python/mixgo_py_pro/brokeE:/新联国际/地产项目-C端/python/mixgo_py_pro/broke/28-11-2022 112948.pdf
2022-11-28 11:29:48.308 | INFO     | modules.Project:Shera_to_Pdf:1297 - 1111111
2022-11-28 11:29:48.310 | INFO     | modules.Project:Shera_to_Pdf:1299 - 2222222
2022-11-28 11:34:33.597 | INFO     | modules.Project:EcopropSheraProPdf:167 - ----->>>创建 ecoprop_shera_pro_pdf
2022-11-28 11:34:33.599 | INFO     | modules.Project:Shera_to_Pdf:1296 - E:/新联国际/地产项目-C端/python/mixgo_py_pro/temp/ecoprop_pro_shera_temp.htmlE:/新联国际/地产项目-C端/python/mixgo_py_pro/brokeE:/新联国际/地产项目-C端/python/mixgo_py_pro/broke/28-11-2022 113433.pdf
2022-11-28 11:34:33.602 | INFO     | modules.Project:Shera_to_Pdf:1297 - 1111111
2022-11-28 11:34:33.604 | INFO     | modules.Project:Shera_to_Pdf:1299 - 2222222
2022-11-28 11:34:33.612 | INFO     | modules.Project:Shera_to_Pdf:1301 - <Template 'E:/新联国际/地产项目-C端/python/mixgo_py_pro/temp/ecoprop_pro_shera_temp.html'>
2022-11-28 11:34:35.890 | INFO     | modules.Project:EcopropSheraProPdf:172 - PDF创建成功=======>E:/新联国际/地产项目-C端/python/mixgo_py_pro/broke/28-11-2022 113433.pdf
2022-11-28 11:34:49.456 | INFO     | modules.Project:EcopropSheraProPdf:167 - ----->>>创建 ecoprop_shera_pro_pdf
2022-11-28 11:34:49.458 | INFO     | modules.Project:Shera_to_Pdf:1296 - E:/新联国际/地产项目-C端/python/mixgo_py_pro/temp/ecoprop_pro_shera_temp.htmlE:/新联国际/地产项目-C端/python/mixgo_py_pro/brokeE:/新联国际/地产项目-C端/python/mixgo_py_pro/broke/28-11-2022 113449.pdf
2022-11-28 11:34:49.461 | INFO     | modules.Project:Shera_to_Pdf:1297 - 1111111
2022-11-28 11:34:49.463 | INFO     | modules.Project:Shera_to_Pdf:1299 - 2222222
2022-11-28 11:35:46.782 | INFO     | modules.Project:EcopropSheraProPdf:167 - ----->>>创建 ecoprop_shera_pro_pdf
2022-11-28 11:35:46.785 | INFO     | modules.Project:Shera_to_Pdf:1296 - E:/新联国际/地产项目-C端/python/mixgo_py_pro/tempE:/新联国际/地产项目-C端/python/mixgo_py_pro/brokeE:/新联国际/地产项目-C端/python/mixgo_py_pro/broke/28-11-2022 113546.pdf
2022-11-28 11:35:46.787 | INFO     | modules.Project:Shera_to_Pdf:1297 - 1111111
2022-11-28 11:35:46.790 | INFO     | modules.Project:Shera_to_Pdf:1299 - 2222222
2022-11-28 11:36:24.071 | INFO     | modules.Project:EcopropSheraProPdf:167 - ----->>>创建 ecoprop_shera_pro_pdf
2022-11-28 11:36:24.073 | INFO     | modules.Project:Shera_to_Pdf:1296 - E:/新联国际/地产项目-C端/python/mixgo_py_pro/temp/ecoprop_pro_shera_temp.htmlE:/新联国际/地产项目-C端/python/mixgo_py_pro/brokeE:/新联国际/地产项目-C端/python/mixgo_py_pro/broke/28-11-2022 113624.pdf
2022-11-28 11:36:24.075 | INFO     | modules.Project:Shera_to_Pdf:1297 - 1111111
2022-11-28 11:36:24.078 | INFO     | modules.Project:Shera_to_Pdf:1299 - 2222222
2022-11-28 11:37:17.613 | INFO     | modules.Project:EcopropSheraProPdf:167 - ----->>>创建 ecoprop_shera_pro_pdf
2022-11-28 11:37:17.616 | INFO     | modules.Project:Shera_to_Pdf:1296 - E:/新联国际/地产项目-C端/python/mixgo_py_pro/temp/ecoprop_pro_shera_temp.htmlE:/新联国际/地产项目-C端/python/mixgo_py_pro/brokeE:/新联国际/地产项目-C端/python/mixgo_py_pro/broke/28-11-2022 113717.pdf
2022-11-28 11:37:17.618 | INFO     | modules.Project:Shera_to_Pdf:1297 - 1111111
2022-11-28 11:37:17.621 | INFO     | modules.Project:Shera_to_Pdf:1299 - 2222222
2022-11-28 11:37:17.629 | ERROR    | modules.Project:Shera_to_Pdf:1304 - Unexpected end of template. Jinja was looking for the following tags: 'elif' or 'else' or 'endif'. The innermost block that needs to be closed is 'if'.
2022-11-28 11:37:17.632 | INFO     | modules.Project:Shera_to_Pdf:1318 - local variable 'template' referenced before assignment
2022-11-28 11:37:17.634 | INFO     | modules.Project:EcopropSheraProPdf:172 - PDF创建成功=======>E:/新联国际/地产项目-C端/python/mixgo_py_pro/broke/28-11-2022 113717.pdf
2022-11-28 11:38:12.652 | INFO     | modules.Project:EcopropSheraProPdf:167 - ----->>>创建 ecoprop_shera_pro_pdf
2022-11-28 11:38:12.654 | INFO     | modules.Project:Shera_to_Pdf:1296 - E:/新联国际/地产项目-C端/python/mixgo_py_pro/temp/ecoprop_pro_shera_temp.htmlE:/新联国际/地产项目-C端/python/mixgo_py_pro/brokeE:/新联国际/地产项目-C端/python/mixgo_py_pro/broke/28-11-2022 113812.pdf
2022-11-28 11:38:12.657 | INFO     | modules.Project:Shera_to_Pdf:1297 - 1111111
2022-11-28 11:38:12.658 | INFO     | modules.Project:Shera_to_Pdf:1299 - 2222222
2022-11-28 11:38:12.664 | INFO     | modules.Project:Shera_to_Pdf:1302 - <Template 'E:/新联国际/地产项目-C端/python/mixgo_py_pro/temp/ecoprop_pro_shera_temp.html'>
2022-11-28 11:38:14.961 | INFO     | modules.Project:EcopropSheraProPdf:172 - PDF创建成功=======>E:/新联国际/地产项目-C端/python/mixgo_py_pro/broke/28-11-2022 113812.pdf
2022-11-28 11:39:41.268 | INFO     | modules.Project:EcopropSheraProPdf:167 - ----->>>创建 ecoprop_shera_pro_pdf
2022-11-28 11:39:41.270 | INFO     | modules.Project:Shera_to_Pdf:1296 - E:/新联国际/地产项目-C端/python/mixgo_py_pro/temp/ecoprop_pro_shera_temp.htmlE:/新联国际/地产项目-C端/python/mixgo_py_pro/brokeE:/新联国际/地产项目-C端/python/mixgo_py_pro/broke/28-11-2022 113941.pdf
2022-11-28 11:39:41.272 | INFO     | modules.Project:Shera_to_Pdf:1297 - 1111111
2022-11-28 11:39:41.275 | INFO     | modules.Project:Shera_to_Pdf:1299 - 2222222
2022-11-28 11:39:41.281 | INFO     | modules.Project:Shera_to_Pdf:1302 - <Template 'E:/新联国际/地产项目-C端/python/mixgo_py_pro/temp/ecoprop_pro_shera_temp.html'>
2022-11-28 11:39:43.405 | INFO     | modules.Project:EcopropSheraProPdf:172 - PDF创建成功=======>E:/新联国际/地产项目-C端/python/mixgo_py_pro/broke/28-11-2022 113941.pdf
2022-11-28 11:55:17.011 | INFO     | modules.Project:EcopropSheraProPdf:167 - ----->>>创建 ecoprop_shera_pro_pdf
2022-11-28 11:56:38.140 | INFO     | modules.Project:EcopropSheraProPdf:167 - ----->>>创建 ecoprop_shera_pro_pdf
2022-11-28 11:56:38.143 | INFO     | modules.Project.comm:setmd5:48 - signature=======>1f8f72e9984ac7d455841e6e0835a97e
2022-11-28 11:56:48.538 | INFO     | modules.Project:EcopropSheraProPdf:167 - ----->>>创建 ecoprop_shera_pro_pdf
2022-11-28 11:56:48.540 | INFO     | modules.Project.comm:setmd5:48 - signature=======>22bd40b77698c396aa636475f0107a46
2022-11-28 11:56:49.188 | INFO     | modules.Project:Shera_to_Pdf:1307 - E:/新联国际/地产项目-C端/python/mixgo_py_pro/temp/ecoprop_pro_shera_temp.htmlE:/新联国际/地产项目-C端/python/mixgo_py_pro/brokeE:/新联国际/地产项目-C端/python/mixgo_py_pro/broke/28-11-2022 115649.pdf
2022-11-28 11:56:52.513 | INFO     | modules.Project:EcopropSheraProPdf:172 - PDF创建成功=======>E:/新联国际/地产项目-C端/python/mixgo_py_pro/broke/28-11-2022 115649.pdf
2022-11-28 11:59:08.257 | INFO     | modules.Project:EcopropSheraProPdf:167 - ----->>>创建 ecoprop_shera_pro_pdf
2022-11-28 11:59:17.501 | INFO     | modules.Project:EcopropSheraProPdf:167 - ----->>>创建 ecoprop_shera_pro_pdf
