2023-02-22 11:47:59.554 | INFO     | modules.Project:GetxhoappPdfPro:146 - 创建PDF,5e4a6fcaddb8405981f527e0d77c71c5
2023-02-22 11:48:13.680 | INFO     | modules.Project:GetxhoappPdfPro:146 - 创建PDF,5e4a6fcaddb8405981f527e0d77c71c5
2023-02-22 11:48:13.908 | INFO     | modules.Project.pro_info_page:XHORIZON_APP_PRO_PDF:35 - 查询项目信息--->>>{'projectInfo': {'sold': 40, 'siteArea': None, 'facilitiesMap': None, 'cooperate': 0, 'available': 10, 'currencySymbol': '$', 'unitsNum': '50', 'plotRatio': None, 'brokeId': '9630042326f643958aac4861dff8609b', 'url': None, 'brokeName': 'Tee Land', 'mainImage': '/upload/broke/0c5d80359cc5416a9ea953fdebcbfc20/c1b7ee87189c45c983c53449231c5942/imgs/c1b7ee87189c45c983c53449231c5942.jpg', 'projectArea': 'RCR', 'ivtList': [], 'district': 'D20', 'snapshotLogo': None, 'completionDate': '', 'projectName': '183 Longhaus (D20)', 'tenure': '', 'released': 0}, 'agentInfo': {'agentId': '02f84b66f27e4f899eb40e3abbfb007d', 'regNum': 'huttons01', 'mobile': '87654321', 'logo': '/upload/broke/d379d488126c4abf9505367876588b57/mailPhoto/02f84b66f27e4f899eb40e3abbfb007d.png', 'agentName': 'Ken', 'brokeId': 'd379d488126c4abf9505367876588b57', 'email': 'ken.chenhuttons@audax.com.sg'}, 'unitInfo': [{'number': 10, 'max_price1': None, 'maxArea': 1808.0, 'ivt': None, 'floorPlan': 'Level 1,,Basement 1', 'min_price1': None, 'type': None, 'minArea': 441.0}], 'dealInfo': [{'area': 570.0, 'price': None, 'transactionPrice': None, '183 Longhaus (D20)': '183 Longhaus (D20)', 'floor': '03', 'transactionDate': None}, {'area': 538.0, 'price': None, 'transactionPrice': None, '183 Longhaus (D20)': '183 Longhaus (D20)', 'floor': '02', 'transactionDate': None}, {'area': 947.0, 'price': None, 'transactionPrice': None, '183 Longhaus (D20)': '183 Longhaus (D20)', 'floor': '04', 'transactionDate': None}, {'area': 538.0, 'price': None, 'transactionPrice': None, '183 Longhaus (D20)': '183 Longhaus (D20)', 'floor': '03', 'transactionDate': None}, {'area': 1076.0, 'price': None, 'transactionPrice': None, '183 Longhaus (D20)': '183 Longhaus (D20)', 'floor': '04', 'transactionDate': None}, {'area': 775.0, 'price': None, 'transactionPrice': None, '183 Longhaus (D20)': '183 Longhaus (D20)', 'floor': '03', 'transactionDate': None}, {'area': 538.0, 'price': None, 'transactionPrice': None, '183 Longhaus (D20)': '183 Longhaus (D20)', 'floor': '02', 'transactionDate': None}, {'area': 958.0, 'price': None, 'transactionPrice': None, '183 Longhaus (D20)': '183 Longhaus (D20)', 'floor': '04', 'transactionDate': None}, {'area': 689.0, 'price': None, 'transactionPrice': None, '183 Longhaus (D20)': '183 Longhaus (D20)', 'floor': '03', 'transactionDate': None}, {'area': 775.0, 'price': None, 'transactionPrice': None, '183 Longhaus (D20)': '183 Longhaus (D20)', 'floor': '02', 'transactionDate': None}]}
2023-02-22 11:48:16.386 | INFO     | modules.Project.pro_info_page:XHORIZON_APP_PRO_PDF:135 - ============>> 1 page
2023-02-22 11:48:16.465 | INFO     | modules.Project.pro_info_page:XHORIZON_APP_PRO_PDF:176 - ============>> Pro info OK !
2023-02-22 11:48:16.467 | INFO     | modules.Project.pro_info_page:XHORIZON_APP_PRO_PDF:186 - {'number': 10, 'max_price1': None, 'maxArea': 1808.0, 'ivt': None, 'floorPlan': 'Level 1,,Basement 1', 'min_price1': None, 'type': None, 'minArea': 441.0}
2023-02-22 11:48:16.470 | INFO     | modules.Project.pro_info_page:XHORIZON_APP_PRO_PDF:220 - ============>> Pro unit Info OK !
2023-02-22 11:48:16.474 | INFO     | modules.Project.pro_info_page:XHORIZON_APP_PRO_PDF:225 - ============>> Pro MakePie OK !
2023-02-22 11:48:16.477 | INFO     | modules.Project.pro_info_page:XHORIZON_APP_PRO_PDF:267 - ============>> Pro Bottom OK !
2023-02-22 11:48:16.480 | INFO     | modules.Project.pro_info_page:XHORIZON_APP_PRO_PDF:273 - ============>> PROJECT SUMMARY
2023-02-22 11:48:37.402 | INFO     | modules.Project:GetxhoappPdfPro:146 - 创建PDF,5e4a6fcaddb8405981f527e0d77c71c5
2023-02-22 11:48:37.470 | INFO     | modules.Project.pro_info_page:XHORIZON_APP_PRO_PDF:35 - 查询项目信息--->>>{'projectInfo': {'sold': 40, 'siteArea': None, 'facilitiesMap': None, 'cooperate': 0, 'available': 10, 'currencySymbol': '$', 'unitsNum': '50', 'plotRatio': None, 'brokeId': '9630042326f643958aac4861dff8609b', 'url': None, 'brokeName': 'Tee Land', 'mainImage': '/upload/broke/0c5d80359cc5416a9ea953fdebcbfc20/c1b7ee87189c45c983c53449231c5942/imgs/c1b7ee87189c45c983c53449231c5942.jpg', 'projectArea': 'RCR', 'ivtList': [], 'district': 'D20', 'snapshotLogo': None, 'completionDate': '', 'projectName': '183 Longhaus (D20)', 'tenure': '', 'released': 0}, 'agentInfo': {'agentId': '02f84b66f27e4f899eb40e3abbfb007d', 'regNum': 'huttons01', 'mobile': '87654321', 'logo': '/upload/broke/d379d488126c4abf9505367876588b57/mailPhoto/02f84b66f27e4f899eb40e3abbfb007d.png', 'agentName': 'Ken', 'brokeId': 'd379d488126c4abf9505367876588b57', 'email': 'ken.chenhuttons@audax.com.sg'}, 'unitInfo': [{'number': 10, 'max_price1': None, 'maxArea': 1808.0, 'ivt': None, 'floorPlan': 'Level 1,,Basement 1', 'min_price1': None, 'type': None, 'minArea': 441.0}], 'dealInfo': [{'area': 570.0, 'price': None, 'transactionPrice': None, '183 Longhaus (D20)': '183 Longhaus (D20)', 'floor': '03', 'transactionDate': None}, {'area': 538.0, 'price': None, 'transactionPrice': None, '183 Longhaus (D20)': '183 Longhaus (D20)', 'floor': '02', 'transactionDate': None}, {'area': 947.0, 'price': None, 'transactionPrice': None, '183 Longhaus (D20)': '183 Longhaus (D20)', 'floor': '04', 'transactionDate': None}, {'area': 538.0, 'price': None, 'transactionPrice': None, '183 Longhaus (D20)': '183 Longhaus (D20)', 'floor': '03', 'transactionDate': None}, {'area': 1076.0, 'price': None, 'transactionPrice': None, '183 Longhaus (D20)': '183 Longhaus (D20)', 'floor': '04', 'transactionDate': None}, {'area': 775.0, 'price': None, 'transactionPrice': None, '183 Longhaus (D20)': '183 Longhaus (D20)', 'floor': '03', 'transactionDate': None}, {'area': 538.0, 'price': None, 'transactionPrice': None, '183 Longhaus (D20)': '183 Longhaus (D20)', 'floor': '02', 'transactionDate': None}, {'area': 958.0, 'price': None, 'transactionPrice': None, '183 Longhaus (D20)': '183 Longhaus (D20)', 'floor': '04', 'transactionDate': None}, {'area': 689.0, 'price': None, 'transactionPrice': None, '183 Longhaus (D20)': '183 Longhaus (D20)', 'floor': '03', 'transactionDate': None}, {'area': 775.0, 'price': None, 'transactionPrice': None, '183 Longhaus (D20)': '183 Longhaus (D20)', 'floor': '02', 'transactionDate': None}]}
2023-02-22 11:48:38.869 | INFO     | modules.Project.pro_info_page:XHORIZON_APP_PRO_PDF:135 - ============>> 1 page
2023-02-22 11:48:38.935 | INFO     | modules.Project.pro_info_page:XHORIZON_APP_PRO_PDF:176 - ============>> Pro info OK !
2023-02-22 11:48:38.937 | INFO     | modules.Project.pro_info_page:XHORIZON_APP_PRO_PDF:186 - {'number': 10, 'max_price1': None, 'maxArea': 1808.0, 'ivt': None, 'floorPlan': 'Level 1,,Basement 1', 'min_price1': None, 'type': None, 'minArea': 441.0}
2023-02-22 11:48:38.941 | INFO     | modules.Project.pro_info_page:XHORIZON_APP_PRO_PDF:220 - ============>> Pro unit Info OK !
2023-02-22 11:48:38.945 | INFO     | modules.Project.pro_info_page:XHORIZON_APP_PRO_PDF:225 - ============>> Pro MakePie OK !
2023-02-22 11:48:38.947 | INFO     | modules.Project.pro_info_page:XHORIZON_APP_PRO_PDF:267 - ============>> Pro Bottom OK !
2023-02-22 11:48:38.948 | INFO     | modules.Project.pro_info_page:XHORIZON_APP_PRO_PDF:273 - ============>> PROJECT SUMMARY
2023-02-22 11:48:38.979 | INFO     | modules.Project.pro_info_page:XHORIZON_APP_PRO_PDF:293 - ============>> LOCATION HIGHLIGHT
2023-02-22 11:48:38.985 | INFO     | modules.Project.pro_info_page:XHORIZON_APP_PRO_PDF:357 - ============>>Guide to Financial Wellness
2023-02-22 11:48:38.991 | INFO     | modules.Project.pro_info_page:XHORIZON_APP_PRO_PDF:415 - ============>>Guide to Financial Wellness
2023-02-22 11:48:38.997 | INFO     | modules.Project.pro_info_page:XHORIZON_APP_PRO_PDF:474 - ============>>Guide to Financial Wellness
2023-02-22 11:48:39.043 | INFO     | modules.Project.pro_info_page:XHORIZON_APP_PRO_PDF:588 - ============>>Guide to Financial Wellness
2023-02-22 11:48:39.171 | INFO     | modules.Project.pro_info_page:XHORIZON_APP_PRO_PDF:617 - ============>>PROGRESSIVE PAYMENT
2023-02-22 11:48:39.177 | INFO     | modules.Project.pro_info_page:XHORIZON_APP_PRO_PDF:727 - ============>>Guide to Financial Wellness
2023-02-22 11:48:39.182 | INFO     | modules.Project.pro_info_page:XHORIZON_APP_PRO_PDF:756 - ============>>PROGRESSIVE PAYMENT
2023-02-22 11:48:39.188 | INFO     | modules.Project.pro_info_page:XHORIZON_APP_PRO_PDF:870 - ============>>Guide to Financial Wellness
2023-02-22 11:48:39.194 | INFO     | modules.Project.pro_info_page:XHORIZON_APP_PRO_PDF:899 - ============>>PROGRESSIVE PAYMENT
2023-02-22 11:48:39.402 | INFO     | modules.Project.pro_info_page:XHORIZON_APP_PRO_PDF:955 - ============>>transactionDate
2023-02-22 11:48:39.482 | INFO     | modules.Project.pro_info_page:XHORIZON_APP_PRO_PDF:970 - ============>>Core Central Region (CCR)
2023-02-22 11:48:39.516 | INFO     | modules.Project.pro_info_page:XHORIZON_APP_PRO_PDF:982 - ============>>Core Central Region (RCR)
2023-02-22 11:48:39.547 | INFO     | modules.Project.pro_info_page:XHORIZON_APP_PRO_PDF:995 - ============>>Core Central Region (OCR)
2023-02-22 11:48:40.041 | INFO     | modules.Project:GetxhoappPdfPro:155 - PDF创建成功=======>E:\新联国际\地产项目-C端\python\mixgo_py_pro\02f84b66f27e4f899eb40e3abbfb007d\1677037718.pdf
