2023-02-16 10:22:11.093 | INFO     | modules.Project:GetxhoappPdfPro:146 - 创建PDF,cc49d1e8b1424cf0a1f73280a349f24f
2023-02-16 10:22:11.225 | INFO     | modules.Project.pro_info_page:XHORIZON_APP_PRO_PDF:77 - 项目信息查询成功--->>>projectId:cc49d1e8b1424cf0a1f73280a349f24f,agentId:02f84b66f27e4f899eb40e3abbfb007d,projectInfo:{'sold': 0, 'facilitiesMap': '[{"type":"subway_station","value":[]},{"type":"shopping_mall","value":[]},{"type":"school","value":[]},{"type":"restaurant","value":[]},{"type":"bus_station","value":[]},{"type":"hospital","value":[]}]', 'cooperate': 0, 'available': 84, 'currencySymbol': '$', 'unitsNum': '84', 'brokeId': '0c5d80359cc5416a9ea953fdebcbfc20', 'url': None, 'brokeName': 'ECOPROP', 'mainImage': '/upload/broke/0c5d80359cc5416a9ea953fdebcbfc20/cc49d1e8b1424cf0a1f73280a349f24f/imgs/cc49d1e8b1424cf0a1f73280a349f24f.jpg', 'projectArea': '', 'ivtList': [], 'district': 'D19', 'snapshotLogo': '', 'completionDate': '2022-03-31 00:00:00', 'projectName': 'Inspace', 'tenure': 'Freehold', 'released': 0},unitInfo:[{'bedrooms': 0, 'number': 84, 'price': None, 'ivt': None, 'maxArea': 3057.0, 'floorPlan': 'D1,BC-1,E,B,AC-1,D,DC-2,E1C,DC-1,C,A,E1,BC-3,BC-2,AC-2,EC,D1C-1,D1C-3,D1C-2,DC-3,AC-3', 'minArea': 2131.0}],agentInfo:{'agentId': '02f84b66f27e4f899eb40e3abbfb007d', 'regNum': 'huttons01', 'mobile': '87654321', 'logo': '/upload/broke/d379d488126c4abf9505367876588b57/mailPhoto/02f84b66f27e4f899eb40e3abbfb007d.png', 'agentName': 'Ken', 'brokeId': 'd379d488126c4abf9505367876588b57', 'email': 'ken.chenhuttons@audax.com.sg'}
2023-02-16 10:22:13.288 | INFO     | modules.Project.pro_info_page:XHORIZON_APP_PRO_PDF:177 - ============>> 1 page
2023-02-16 10:39:04.993 | INFO     | modules.Project:GetxhoappPdfPro:146 - 创建PDF,cc49d1e8b1424cf0a1f73280a349f24f
2023-02-16 10:39:57.556 | INFO     | modules.Project:GetxhoappPdfPro:146 - 创建PDF,cc49d1e8b1424cf0a1f73280a349f24f
2023-02-16 10:39:57.641 | INFO     | modules.Project.pro_info_page:XHORIZON_APP_PRO_PDF:52 - 项目信息查询成功--->>>projectId:cc49d1e8b1424cf0a1f73280a349f24f,agentId:02f84b66f27e4f899eb40e3abbfb007d,projectInfo:{'sold': 0, 'facilitiesMap': '[{"type":"subway_station","value":[]},{"type":"shopping_mall","value":[]},{"type":"school","value":[]},{"type":"restaurant","value":[]},{"type":"bus_station","value":[]},{"type":"hospital","value":[]}]', 'cooperate': 0, 'available': 84, 'currencySymbol': '$', 'unitsNum': '84', 'brokeId': '0c5d80359cc5416a9ea953fdebcbfc20', 'url': None, 'brokeName': 'ECOPROP', 'mainImage': '/upload/broke/0c5d80359cc5416a9ea953fdebcbfc20/cc49d1e8b1424cf0a1f73280a349f24f/imgs/cc49d1e8b1424cf0a1f73280a349f24f.jpg', 'projectArea': '', 'ivtList': [], 'district': 'D19', 'snapshotLogo': '', 'completionDate': '2022-03-31 00:00:00', 'projectName': 'Inspace', 'tenure': 'Freehold', 'released': 0},unitInfo:[{'bedrooms': 0, 'number': 84, 'price': None, 'ivt': None, 'maxArea': 3057.0, 'floorPlan': 'A,B,D,E,BC-2,C,AC-3,E1C,DC-3,BC-1,D1,AC-1,DC-2,DC-1,E1,BC-3,AC-2,EC,D1C-3,D1C-1,D1C-2', 'minArea': 2131.0}],agentInfo:{'agentId': '02f84b66f27e4f899eb40e3abbfb007d', 'regNum': 'huttons01', 'mobile': '87654321', 'logo': '/upload/broke/d379d488126c4abf9505367876588b57/mailPhoto/02f84b66f27e4f899eb40e3abbfb007d.png', 'agentName': 'Ken', 'brokeId': 'd379d488126c4abf9505367876588b57', 'email': 'ken.chenhuttons@audax.com.sg'}
2023-02-16 10:44:33.464 | INFO     | modules.Project:GetxhoappPdfPro:146 - 创建PDF,cc49d1e8b1424cf0a1f73280a349f24f
2023-02-16 10:44:33.555 | INFO     | modules.Project.pro_info_page:XHORIZON_APP_PRO_PDF:42 - 项目信息查询成功--->>>projectId:cc49d1e8b1424cf0a1f73280a349f24f,agentId:02f84b66f27e4f899eb40e3abbfb007d,projectInfo:{'sold': 0, 'facilitiesMap': '[{"type":"subway_station","value":[]},{"type":"shopping_mall","value":[]},{"type":"school","value":[]},{"type":"restaurant","value":[]},{"type":"bus_station","value":[]},{"type":"hospital","value":[]}]', 'cooperate': 0, 'available': 84, 'currencySymbol': '$', 'unitsNum': '84', 'brokeId': '0c5d80359cc5416a9ea953fdebcbfc20', 'url': None, 'brokeName': 'ECOPROP', 'mainImage': '/upload/broke/0c5d80359cc5416a9ea953fdebcbfc20/cc49d1e8b1424cf0a1f73280a349f24f/imgs/cc49d1e8b1424cf0a1f73280a349f24f.jpg', 'projectArea': '', 'ivtList': [], 'district': 'D19', 'snapshotLogo': '', 'completionDate': '2022-03-31 00:00:00', 'projectName': 'Inspace', 'tenure': 'Freehold', 'released': 0},unitInfo:[{'bedrooms': 0, 'number': 84, 'price': None, 'ivt': None, 'maxArea': 3057.0, 'floorPlan': 'A,B,D,E,BC-2,C,AC-3,E1C,DC-3,BC-1,D1,AC-1,DC-2,DC-1,E1,BC-3,AC-2,EC,D1C-3,D1C-1,D1C-2', 'minArea': 2131.0}],agentInfo:{'agentId': '02f84b66f27e4f899eb40e3abbfb007d', 'regNum': 'huttons01', 'mobile': '87654321', 'logo': '/upload/broke/d379d488126c4abf9505367876588b57/mailPhoto/02f84b66f27e4f899eb40e3abbfb007d.png', 'agentName': 'Ken', 'brokeId': 'd379d488126c4abf9505367876588b57', 'email': 'ken.chenhuttons@audax.com.sg'}
2023-02-16 10:44:35.229 | INFO     | modules.Project.pro_info_page:XHORIZON_APP_PRO_PDF:142 - ============>> 1 page
2023-02-16 10:44:35.296 | INFO     | modules.Project.pro_info_page:XHORIZON_APP_PRO_PDF:183 - ============>> Pro info OK !
2023-02-16 10:44:35.299 | INFO     | modules.Project.pro_info_page:XHORIZON_APP_PRO_PDF:193 - {'bedrooms': 0, 'number': 84, 'price': None, 'ivt': None, 'maxArea': 3057.0, 'floorPlan': 'A,B,D,E,BC-2,C,AC-3,E1C,DC-3,BC-1,D1,AC-1,DC-2,DC-1,E1,BC-3,AC-2,EC,D1C-3,D1C-1,D1C-2', 'minArea': 2131.0}
2023-02-16 10:44:35.301 | INFO     | modules.Project.pro_info_page:XHORIZON_APP_PRO_PDF:228 - ============>> Pro unit Info OK !
2023-02-16 10:44:35.305 | INFO     | modules.Project.pro_info_page:XHORIZON_APP_PRO_PDF:233 - ============>> Pro MakePie OK !
2023-02-16 10:44:35.308 | INFO     | modules.Project.pro_info_page:XHORIZON_APP_PRO_PDF:275 - ============>> Pro Bottom OK !
2023-02-16 10:44:35.310 | INFO     | modules.Project.pro_info_page:XHORIZON_APP_PRO_PDF:281 - ============>> PROJECT SUMMARY
2023-02-16 10:44:35.312 | INFO     | modules.Project.pro_info_page:XHORIZON_APP_PRO_PDF:301 - ============>> LOCATION HIGHLIGHT
2023-02-16 10:44:35.314 | INFO     | modules.Project.pro_info_page:XHORIZON_APP_PRO_PDF:365 - ============>>Guide to Financial Wellness
2023-02-16 10:44:35.317 | INFO     | modules.Project.pro_info_page:XHORIZON_APP_PRO_PDF:423 - ============>>Guide to Financial Wellness
2023-02-16 10:44:35.320 | INFO     | modules.Project.pro_info_page:XHORIZON_APP_PRO_PDF:482 - ============>>Guide to Financial Wellness
2023-02-16 10:44:35.456 | INFO     | modules.Project.pro_info_page:XHORIZON_APP_PRO_PDF:596 - ============>>Guide to Financial Wellness
2023-02-16 10:44:35.571 | INFO     | modules.Project.pro_info_page:XHORIZON_APP_PRO_PDF:625 - ============>>PROGRESSIVE PAYMENT
2023-02-16 10:44:35.578 | INFO     | modules.Project.pro_info_page:XHORIZON_APP_PRO_PDF:735 - ============>>Guide to Financial Wellness
2023-02-16 10:44:35.583 | INFO     | modules.Project.pro_info_page:XHORIZON_APP_PRO_PDF:764 - ============>>PROGRESSIVE PAYMENT
2023-02-16 10:44:35.589 | INFO     | modules.Project.pro_info_page:XHORIZON_APP_PRO_PDF:878 - ============>>Guide to Financial Wellness
2023-02-16 10:44:35.596 | INFO     | modules.Project.pro_info_page:XHORIZON_APP_PRO_PDF:907 - ============>>PROGRESSIVE PAYMENT
2023-02-16 10:44:35.686 | INFO     | modules.Project.pro_info_page:XHORIZON_APP_PRO_PDF:963 - ============>>transactionDate
2023-02-16 10:44:35.725 | INFO     | modules.Project.pro_info_page:XHORIZON_APP_PRO_PDF:978 - ============>>Core Central Region (CCR)
2023-02-16 10:44:35.753 | INFO     | modules.Project.pro_info_page:XHORIZON_APP_PRO_PDF:990 - ============>>Core Central Region (RCR)
2023-02-16 10:44:35.779 | INFO     | modules.Project.pro_info_page:XHORIZON_APP_PRO_PDF:1003 - ============>>Core Central Region (OCR)
2023-02-16 10:44:36.331 | INFO     | modules.Project:GetxhoappPdfPro:155 - PDF创建成功=======>E:\新联国际\地产项目-C端\python\mixgo_py_pro\02f84b66f27e4f899eb40e3abbfb007d\1676515474.pdf
