2024-11-08 16:42:04.289 | INFO     | modules.Project:Make_Signature_Files:1985 - Make_Signature_Files ====>>>>>docPath='/tmp.docx' data={'signDate': '02/03/2024', 'buyerList': [{'num': '1', 'buyerName': 'xx1'}, {'num': '2', 'buyerName': 'xx2'}, {'num': '3', 'buyerName': 'xx3'}], 'img1': '/upload/broke/0c5d80359cc5416a9ea953fdebcbfc20/26835e67a63f48aeb31750a3e8385a17/PDIFloorPlanImg/6811f0fdc7a049c483ef1a876fdad3c9.jpg', 'img2': '/upload/broke/0c5d80359cc5416a9ea953fdebcbfc20/26835e67a63f48aeb31750a3e8385a17/PDIFloorPlanImg/94faddd9512148b797c09cf30ac44e1.jpg', 'unitName': '#01-01'}
2024-11-08 16:45:00.519 | INFO     | manger:get:105 - audax_admin
2024-11-08 16:45:07.766 | INFO     | manger:request_validation_exception_handler:81 - POST http://192.168.0.114:7777/project/Make_Signature_File
2024-11-08 16:45:07.769 | ERROR    | manger:request_validation_exception_handler:83 - 参数错误POST http://192.168.0.114:7777/project/Make_Signature_File
2024-11-08 16:57:49.206 | INFO     | manger:request_validation_exception_handler:81 - POST http://192.168.0.114:7777/project/Make_Signature_File
2024-11-08 16:57:49.209 | ERROR    | manger:request_validation_exception_handler:83 - 参数错误POST http://192.168.0.114:7777/project/Make_Signature_File
2024-11-08 16:59:05.738 | INFO     | modules.Project:Make_Signature_Files:1985 - Make_Signature_Files ====>>>>>docPath='/tmp.docx' data={'signDate': '02/03/2024', 'buyerList': [{'num': '1', 'buyerName': 'xx1'}, {'num': '2', 'buyerName': 'xx2'}, {'num': '3', 'buyerName': 'xx3'}], 'img1': '/upload/broke/0c5d80359cc5416a9ea953fdebcbfc20/26835e67a63f48aeb31750a3e8385a17/PDIFloorPlanImg/6811f0fdc7a049c483ef1a876fdad3c9.jpg', 'img2': '/upload/broke/0c5d80359cc5416a9ea953fdebcbfc20/26835e67a63f48aeb31750a3e8385a17/PDIFloorPlanImg/94faddd9512148b797c09cf30ac44e1.jpg', 'unitName': '#01-01'}
2024-11-08 16:59:18.640 | INFO     | modules.Project:Make_Signature_Files:1985 - Make_Signature_Files ====>>>>>docPath='/tmp.docx' data={'signDate': '02/03/2024', 'buyerList': [{'num': '1', 'buyerName': 'xx1'}, {'num': '2', 'buyerName': 'xx2'}, {'num': '3', 'buyerName': 'xx3'}], 'img1': '/upload/broke/0c5d80359cc5416a9ea953fdebcbfc20/26835e67a63f48aeb31750a3e8385a17/PDIFloorPlanImg/6811f0fdc7a049c483ef1a876fdad3c9.jpg', 'img2': '/upload/broke/0c5d80359cc5416a9ea953fdebcbfc20/26835e67a63f48aeb31750a3e8385a17/PDIFloorPlanImg/94faddd9512148b797c09cf30ac44e1.jpg', 'unitName': '#01-01'}
2024-11-08 16:59:18.976 | INFO     | modules.Project:text_to_word:1943 - 填充文本 =====>Date:{{signDate}}
2024-11-08 16:59:18.985 | INFO     | modules.Project:text_to_word:1943 - 填充文本 =====>{{buyerList}}
2024-11-08 16:59:18.990 | INFO     | modules.Project:text_to_word:1943 - 填充文本 =====>[ {{unitName}} ] BELGRAVIA DRIVE, BELGRAVIA ACE, Singapore (the “Property”)
2024-11-08 16:59:19.001 | INFO     | modules.Project:text_to_word:1943 - 填充文本 =====>Date : {{signDate}}
2024-11-08 16:59:19.007 | INFO     | modules.Project:text_to_word:1943 - 填充文本 =====>Date :{{signDate}}
2024-11-08 16:59:19.012 | INFO     | modules.Project:text_to_word:1943 - 填充文本 =====> [ {{unitName}} ] BELGRAVIA DRIVE, BELGRAVIA ACE
2024-11-08 16:59:19.021 | INFO     | modules.Project:text_to_word:1943 - 填充文本 =====>[ {{unitName}} ] BELGRAVIA DRIVE, BELGRAVIA ACE
2024-11-08 16:59:19.028 | INFO     | modules.Project:text_to_word:1943 - 填充文本 =====>Date:{{signDate}}
2024-11-08 16:59:19.037 | INFO     | modules.Project:text_to_word:1943 - 填充文本 =====>{{img1}}
2024-11-08 16:59:19.259 | ERROR    | modules.Project:text_to_word:1969 - 图片下载失败:/upload/broke/0c5d80359cc5416a9ea953fdebcbfc20/26835e67a63f48aeb31750a3e8385a17/PDIFloorPlanImg/6811f0fdc7a049c483ef1a876fdad3c9.jpg
2024-11-08 16:59:19.264 | INFO     | modules.Project:text_to_word:1943 - 填充文本 =====>{{img2}}
2024-11-08 16:59:19.271 | ERROR    | modules.Project:text_to_word:1969 - 图片下载失败:/upload/broke/0c5d80359cc5416a9ea953fdebcbfc20/26835e67a63f48aeb31750a3e8385a17/PDIFloorPlanImg/94faddd9512148b797c09cf30ac44e1.jpg
2024-11-08 16:59:19.274 | INFO     | modules.Project:text_to_word:1943 - 填充文本 =====>Date:{{signDate}}
2024-11-08 16:59:19.278 | INFO     | modules.Project:text_to_word:1943 - 填充文本 =====>{{unitName}} BELGRAVIA DRIVE, BELGRAVIA ACE, SINGAPORE (the “Unit”)
2024-11-08 16:59:19.288 | INFO     | modules.Project:text_to_word:1943 - 填充文本 =====> {{unitName}} BELGRAVIA DRIVE, BELGRAVIA ACE, SINGAPORE (the “Unit”)
2024-11-08 16:59:19.294 | INFO     | modules.Project:text_to_word:1943 - 填充文本 =====>Date:	{{signDate}}
2024-11-08 16:59:19.303 | INFO     | modules.Project:text_to_word:1943 - 填充文本 =====>
{{Sign Buyer1}}
2024-11-08 16:59:19.307 | INFO     | modules.Project:text_to_word:1943 - 填充文本 =====>
{{Sign Buyer1}}
2024-11-08 16:59:19.311 | INFO     | modules.Project:text_to_word:1943 - 填充文本 =====>Name: {{buyerName1}}
2024-11-08 16:59:19.317 | INFO     | modules.Project:text_to_word:1943 - 填充文本 =====>Name: {{buyerName2}}
2024-11-08 16:59:19.321 | INFO     | modules.Project:text_to_word:1943 - 填充文本 =====>NRIC/Passport No.: {{nricPassport1}}
2024-11-08 16:59:19.325 | INFO     | modules.Project:text_to_word:1943 - 填充文本 =====>NRIC/Passport No.: {{nricPassport2}}
2024-11-08 16:59:19.329 | INFO     | modules.Project:text_to_word:1943 - 填充文本 =====>Name: {{buyerName1}}
2024-11-08 16:59:19.335 | INFO     | modules.Project:text_to_word:1943 - 填充文本 =====>Name: {{buyerName2}}
2024-11-08 16:59:19.340 | INFO     | modules.Project:text_to_word:1943 - 填充文本 =====>NRIC/Passport No.: {{nricPassport1}}
2024-11-08 16:59:19.343 | INFO     | modules.Project:text_to_word:1943 - 填充文本 =====>NRIC/Passport No.: {{nricPassport2}}
2024-11-08 16:59:19.353 | INFO     | modules.Project:text_to_word:1943 - 填充文本 =====>Name: {{buyerName1}}
2024-11-08 16:59:19.357 | INFO     | modules.Project:text_to_word:1943 - 填充文本 =====>Name: {{buyerName2}}
2024-11-08 16:59:19.360 | INFO     | modules.Project:text_to_word:1943 - 填充文本 =====>NRIC/Passport No.: {{nricPassport1}}
2024-11-08 16:59:19.363 | INFO     | modules.Project:text_to_word:1943 - 填充文本 =====>NRIC/Passport No.: {{nricPassport2}}
2024-11-08 16:59:22.987 | INFO     | manger:request_validation_exception_handler:81 - POST http://192.168.0.114:7777/project/Make_Signature_File
2024-11-08 16:59:22.990 | ERROR    | manger:request_validation_exception_handler:83 - 参数错误POST http://192.168.0.114:7777/project/Make_Signature_File
2024-11-08 16:59:59.600 | INFO     | manger:request_validation_exception_handler:81 - POST http://192.168.0.114:7777/project/Make_Signature_File
2024-11-08 16:59:59.603 | ERROR    | manger:request_validation_exception_handler:83 - 参数错误POST http://192.168.0.114:7777/project/Make_Signature_File
2024-11-08 17:01:21.107 | INFO     | manger:request_validation_exception_handler:82 - POST http://192.168.0.114:7777/project/Make_Signature_File
2024-11-08 17:01:21.110 | ERROR    | manger:request_validation_exception_handler:84 - 参数错误POST http://192.168.0.114:7777/project/Make_Signature_File
2024-11-08 17:02:11.044 | INFO     | manger:request_validation_exception_handler:82 - POST http://192.168.0.114:7777/project/Make_Signature_File
2024-11-08 17:02:11.061 | ERROR    | manger:request_validation_exception_handler:84 - 参数错误POST http://192.168.0.114:7777/project/Make_Signature_File
2024-11-08 17:13:01.384 | INFO     | modules.Project:Make_Signature_Files:1985 - Make_Signature_Files ====>>>>>docPath='/home/upload/broke/0c5d80359cc5416a9ea953fdebcbfc20/a33c9f3eb1c943b499b04372e9ba12a7/document/20241108/0599f6f783274d5687384f9b2bf2872e.docx' data={'buyerList': [{'num': '(1) ', 'buyerName': 'HAJI BASIR NOORZAI (ID No. E1231)'}, {'num': '(2) ', 'buyerName': 'MING WANG (ID No. 52632)'}], 'year': 2024, 'postalCode': '', 'signDate': '08/11/2024', 'type': 'Penthouse', 'companyName1': '', 'building': 'Blk 01', 'companyName2': '', 'projectNameUpper': 'THE-IVERIA_1 (D09)', 'custom9': '', 'company1': ' ', 'company2': ' ', 'buyerStr': '(2) MING WANG (ID No. 52632)', 'custom3': '', 'custom4': '', 'custom1': '', 'businessNumber2': '', 'custom2': '', 'businessNumber1': '', 'custom7': '', 'day': 8, 'custom8': '', 'custom5': '', 'custom6': '', 'area': 451, 'address': 'A, #123 1111, SINGAPORE 234454', 'unitName': '#08-02', 'transactionDate': '31/10/2022', 'custom10': '', 'month': 'November', 'floorPlan': 'P1f', 'nricPassport1': 'E1231', 'buyer1': 'HAJI BASIR NOORZAI E1231', 'buyerName1': 'HAJI BASIR NOORZAI', 'nricPassport2': '52632', 'buyer2': 'MING WANG 52632', 'projectName': 'The-Iveria_1 (D09)', 'buyerName2': 'MING WANG', 'facility': [{'ischeck': '☑', 'values': '要'}], 'img2': '', 'img1': ''}
2024-11-08 17:17:20.125 | INFO     | modules.Project:Make_Signature_Files:1986 - Make_Signature_Files ====>>>>>docPath='/home/upload/broke/0c5d80359cc5416a9ea953fdebcbfc20/a33c9f3eb1c943b499b04372e9ba12a7/document/20241108/0599f6f783274d5687384f9b2bf2872e.docx' data={'buyerList': [{'num': '(1) ', 'buyerName': 'HAJI BASIR NOORZAI (ID No. E1231)'}, {'num': '(2) ', 'buyerName': 'MING WANG (ID No. 52632)'}], 'year': 2024, 'postalCode': '', 'signDate': '08/11/2024', 'type': 'Penthouse', 'companyName1': '', 'building': 'Blk 01', 'companyName2': '', 'projectNameUpper': 'THE-IVERIA_1 (D09)', 'custom9': '', 'company1': ' ', 'company2': ' ', 'buyerStr': '(2) MING WANG (ID No. 52632)', 'custom3': '', 'custom4': '', 'custom1': '', 'businessNumber2': '', 'custom2': '', 'businessNumber1': '', 'custom7': '', 'day': 8, 'custom8': '', 'custom5': '', 'custom6': '', 'area': 451, 'address': 'A, #123 1111, SINGAPORE 234454', 'unitName': '#08-02', 'transactionDate': '31/10/2022', 'custom10': '', 'month': 'November', 'floorPlan': 'P1f', 'nricPassport1': 'E1231', 'buyer1': 'HAJI BASIR NOORZAI E1231', 'buyerName1': 'HAJI BASIR NOORZAI', 'nricPassport2': '52632', 'buyer2': 'MING WANG 52632', 'projectName': 'The-Iveria_1 (D09)', 'buyerName2': 'MING WANG', 'facility': [{'ischeck': '☑', 'values': '要'}], 'img2': '', 'img1': ''}
2024-11-08 17:18:16.721 | INFO     | modules.Project:Make_Signature_Files:1986 - Make_Signature_Files ====>>>>>docPath='/home/upload/broke/0c5d80359cc5416a9ea953fdebcbfc20/a33c9f3eb1c943b499b04372e9ba12a7/document/20241108/0599f6f783274d5687384f9b2bf2872e.docx' data={'buyerList': [{'num': '(1) ', 'buyerName': 'HAJI BASIR NOORZAI (ID No. E1231)'}, {'num': '(2) ', 'buyerName': 'MING WANG (ID No. 52632)'}], 'year': 2024, 'postalCode': '', 'signDate': '08/11/2024', 'type': 'Penthouse', 'companyName1': '', 'building': 'Blk 01', 'companyName2': '', 'projectNameUpper': 'THE-IVERIA_1 (D09)', 'custom9': '', 'company1': ' ', 'company2': ' ', 'buyerStr': '(2) MING WANG (ID No. 52632)', 'custom3': '', 'custom4': '', 'custom1': '', 'businessNumber2': '', 'custom2': '', 'businessNumber1': '', 'custom7': '', 'day': 8, 'custom8': '', 'custom5': '', 'custom6': '', 'area': 451, 'address': 'A, #123 1111, SINGAPORE 234454', 'unitName': '#08-02', 'transactionDate': '31/10/2022', 'custom10': '', 'month': 'November', 'floorPlan': 'P1f', 'nricPassport1': 'E1231', 'buyer1': 'HAJI BASIR NOORZAI E1231', 'buyerName1': 'HAJI BASIR NOORZAI', 'nricPassport2': '52632', 'buyer2': 'MING WANG 52632', 'projectName': 'The-Iveria_1 (D09)', 'buyerName2': 'MING WANG', 'facility': [{'ischeck': '☑', 'values': '要'}], 'img2': '', 'img1': ''}
2024-11-08 17:18:47.409 | INFO     | modules.Project:Make_Signature_Files:1986 - Make_Signature_Files ====>>>>>docPath='/home/upload/broke/0c5d80359cc5416a9ea953fdebcbfc20/a33c9f3eb1c943b499b04372e9ba12a7/document/20241108/0599f6f783274d5687384f9b2bf2872e.docx' data={'buyerList': [{'num': '(1) ', 'buyerName': 'HAJI BASIR NOORZAI (ID No. E1231)'}, {'num': '(2) ', 'buyerName': 'MING WANG (ID No. 52632)'}], 'year': 2024, 'postalCode': '', 'signDate': '08/11/2024', 'type': 'Penthouse', 'companyName1': '', 'building': 'Blk 01', 'companyName2': '', 'projectNameUpper': 'THE-IVERIA_1 (D09)', 'custom9': '', 'company1': ' ', 'company2': ' ', 'buyerStr': '(2) MING WANG (ID No. 52632)', 'custom3': '', 'custom4': '', 'custom1': '', 'businessNumber2': '', 'custom2': '', 'businessNumber1': '', 'custom7': '', 'day': 8, 'custom8': '', 'custom5': '', 'custom6': '', 'area': 451, 'address': 'A, #123 1111, SINGAPORE 234454', 'unitName': '#08-02', 'transactionDate': '31/10/2022', 'custom10': '', 'month': 'November', 'floorPlan': 'P1f', 'nricPassport1': 'E1231', 'buyer1': 'HAJI BASIR NOORZAI E1231', 'buyerName1': 'HAJI BASIR NOORZAI', 'nricPassport2': '52632', 'buyer2': 'MING WANG 52632', 'projectName': 'The-Iveria_1 (D09)', 'buyerName2': 'MING WANG', 'facility': [{'ischeck': '☑', 'values': '要'}], 'img2': '', 'img1': ''}
2024-11-08 17:18:47.726 | INFO     | modules.Project:text_to_word:1943 - 填充文本 =====>Date:{{signDate}}
2024-11-08 17:18:47.730 | INFO     | modules.Project:text_to_word:1978 - 填充文本 =====>Date:{{signDate}}
2024-11-08 17:18:47.736 | INFO     | modules.Project:text_to_word:1943 - 填充文本 =====>{{buyerList}}
2024-11-08 17:18:47.740 | INFO     | modules.Project:text_to_word:1943 - 填充文本 =====>[ {{unitName}} ] BELGRAVIA DRIVE, BELGRAVIA ACE, Singapore (the “Property”)
2024-11-08 17:18:47.742 | INFO     | modules.Project:text_to_word:1978 - 填充文本 =====>[ {{unitName}} ] BELGRAVIA DRIVE, BELGRAVIA ACE, Singapore (the “Property”)
2024-11-08 17:18:47.751 | INFO     | modules.Project:text_to_word:1943 - 填充文本 =====>Date : {{signDate}}
2024-11-08 17:18:47.757 | INFO     | modules.Project:text_to_word:1978 - 填充文本 =====>Date : {{signDate}}
2024-11-08 17:18:47.761 | INFO     | modules.Project:text_to_word:1943 - 填充文本 =====>Date :{{signDate}}
2024-11-08 17:18:47.765 | INFO     | modules.Project:text_to_word:1978 - 填充文本 =====>Date :{{signDate}}
2024-11-08 17:18:47.769 | INFO     | modules.Project:text_to_word:1943 - 填充文本 =====> [ {{unitName}} ] BELGRAVIA DRIVE, BELGRAVIA ACE
2024-11-08 17:18:47.772 | INFO     | modules.Project:text_to_word:1978 - 填充文本 =====> [ {{unitName}} ] BELGRAVIA DRIVE, BELGRAVIA ACE
2024-11-08 17:18:47.779 | INFO     | modules.Project:text_to_word:1943 - 填充文本 =====>[ {{unitName}} ] BELGRAVIA DRIVE, BELGRAVIA ACE
2024-11-08 17:18:47.784 | INFO     | modules.Project:text_to_word:1978 - 填充文本 =====>[ {{unitName}} ] BELGRAVIA DRIVE, BELGRAVIA ACE
2024-11-08 17:18:47.788 | INFO     | modules.Project:text_to_word:1943 - 填充文本 =====>Date:{{signDate}}
2024-11-08 17:18:47.790 | INFO     | modules.Project:text_to_word:1978 - 填充文本 =====>Date:{{signDate}}
2024-11-08 17:18:47.794 | INFO     | modules.Project:text_to_word:1943 - 填充文本 =====>{{img1}}
2024-11-08 17:18:47.799 | INFO     | modules.Project:text_to_word:1943 - 填充文本 =====>{{img2}}
2024-11-08 17:18:47.803 | INFO     | modules.Project:text_to_word:1943 - 填充文本 =====>Date:{{signDate}}
2024-11-08 17:18:47.805 | INFO     | modules.Project:text_to_word:1978 - 填充文本 =====>Date:{{signDate}}
2024-11-08 17:18:47.808 | INFO     | modules.Project:text_to_word:1943 - 填充文本 =====>{{unitName}} BELGRAVIA DRIVE, BELGRAVIA ACE, SINGAPORE (the “Unit”)
2024-11-08 17:18:47.812 | INFO     | modules.Project:text_to_word:1978 - 填充文本 =====>{{unitName}} BELGRAVIA DRIVE, BELGRAVIA ACE, SINGAPORE (the “Unit”)
2024-11-08 17:18:47.820 | INFO     | modules.Project:text_to_word:1943 - 填充文本 =====> {{unitName}} BELGRAVIA DRIVE, BELGRAVIA ACE, SINGAPORE (the “Unit”)
2024-11-08 17:18:47.823 | INFO     | modules.Project:text_to_word:1978 - 填充文本 =====> {{unitName}} BELGRAVIA DRIVE, BELGRAVIA ACE, SINGAPORE (the “Unit”)
2024-11-08 17:18:47.828 | INFO     | modules.Project:text_to_word:1943 - 填充文本 =====>Date:	{{signDate}}
2024-11-08 17:18:47.834 | INFO     | modules.Project:text_to_word:1978 - 填充文本 =====>Date:	{{signDate}}
2024-11-08 17:18:47.839 | INFO     | modules.Project:text_to_word:1943 - 填充文本 =====>
{{Sign Buyer1}}
2024-11-08 17:18:47.843 | INFO     | modules.Project:text_to_word:1943 - 填充文本 =====>
{{Sign Buyer1}}
2024-11-08 17:18:47.847 | INFO     | modules.Project:text_to_word:1943 - 填充文本 =====>Name: {{buyerName1}}
2024-11-08 17:18:47.850 | INFO     | modules.Project:text_to_word:1978 - 填充文本 =====>Name: {{buyerName1}}
2024-11-08 17:18:47.853 | INFO     | modules.Project:text_to_word:1943 - 填充文本 =====>Name: {{buyerName2}}
2024-11-08 17:18:47.855 | INFO     | modules.Project:text_to_word:1978 - 填充文本 =====>Name: {{buyerName2}}
2024-11-08 17:18:47.858 | INFO     | modules.Project:text_to_word:1943 - 填充文本 =====>NRIC/Passport No.: {{nricPassport1}}
2024-11-08 17:18:47.862 | INFO     | modules.Project:text_to_word:1978 - 填充文本 =====>NRIC/Passport No.: {{nricPassport1}}
2024-11-08 17:18:47.867 | INFO     | modules.Project:text_to_word:1943 - 填充文本 =====>NRIC/Passport No.: {{nricPassport2}}
2024-11-08 17:18:47.870 | INFO     | modules.Project:text_to_word:1978 - 填充文本 =====>NRIC/Passport No.: {{nricPassport2}}
2024-11-08 17:18:47.874 | INFO     | modules.Project:text_to_word:1943 - 填充文本 =====>Name: {{buyerName1}}
2024-11-08 17:18:47.876 | INFO     | modules.Project:text_to_word:1978 - 填充文本 =====>Name: {{buyerName1}}
2024-11-08 17:18:47.881 | INFO     | modules.Project:text_to_word:1943 - 填充文本 =====>Name: {{buyerName2}}
2024-11-08 17:18:47.885 | INFO     | modules.Project:text_to_word:1978 - 填充文本 =====>Name: {{buyerName2}}
2024-11-08 17:18:47.888 | INFO     | modules.Project:text_to_word:1943 - 填充文本 =====>NRIC/Passport No.: {{nricPassport1}}
2024-11-08 17:18:47.890 | INFO     | modules.Project:text_to_word:1978 - 填充文本 =====>NRIC/Passport No.: {{nricPassport1}}
2024-11-08 17:18:47.895 | INFO     | modules.Project:text_to_word:1943 - 填充文本 =====>NRIC/Passport No.: {{nricPassport2}}
2024-11-08 17:18:47.899 | INFO     | modules.Project:text_to_word:1978 - 填充文本 =====>NRIC/Passport No.: {{nricPassport2}}
2024-11-08 17:18:47.904 | INFO     | modules.Project:text_to_word:1943 - 填充文本 =====>Name: {{buyerName1}}
2024-11-08 17:18:47.908 | INFO     | modules.Project:text_to_word:1978 - 填充文本 =====>Name: {{buyerName1}}
2024-11-08 17:18:47.912 | INFO     | modules.Project:text_to_word:1943 - 填充文本 =====>Name: {{buyerName2}}
2024-11-08 17:18:47.916 | INFO     | modules.Project:text_to_word:1978 - 填充文本 =====>Name: {{buyerName2}}
2024-11-08 17:18:47.920 | INFO     | modules.Project:text_to_word:1943 - 填充文本 =====>NRIC/Passport No.: {{nricPassport1}}
2024-11-08 17:18:47.923 | INFO     | modules.Project:text_to_word:1978 - 填充文本 =====>NRIC/Passport No.: {{nricPassport1}}
2024-11-08 17:18:47.928 | INFO     | modules.Project:text_to_word:1943 - 填充文本 =====>NRIC/Passport No.: {{nricPassport2}}
2024-11-08 17:18:47.932 | INFO     | modules.Project:text_to_word:1978 - 填充文本 =====>NRIC/Passport No.: {{nricPassport2}}
2024-11-08 18:48:32.930 | INFO     | modules.Project:Make_Signature_Files:1986 - Make_Signature_Files ====>>>>>docPath='/tmp.docx' data={'signDate': '02/03/2024', 'buyerList': [{'num': '1', 'buyerName': 'xx1'}, {'num': '2', 'buyerName': 'xx2'}, {'num': '3', 'buyerName': 'xx3'}], 'img1': '/upload/broke/0c5d80359cc5416a9ea953fdebcbfc20/26835e67a63f48aeb31750a3e8385a17/PDIFloorPlanImg/6811f0fdc7a049c483ef1a876fdad3c9.jpg', 'img2': '/upload/broke/0c5d80359cc5416a9ea953fdebcbfc20/26835e67a63f48aeb31750a3e8385a17/PDIFloorPlanImg/94faddd9512148b797c09cf30ac44e1.jpg', 'unitName': '#01-01'}
2024-11-08 18:48:33.178 | INFO     | modules.Project:text_to_word:1943 - 填充文本 =====>Date:{{signDate}}
2024-11-08 18:48:33.182 | INFO     | modules.Project:text_to_word:1978 - 填充文本 =====>Date:{{signDate}}
2024-11-08 18:48:33.189 | INFO     | modules.Project:text_to_word:1943 - 填充文本 =====>{{buyerList}}
2024-11-08 18:48:33.194 | INFO     | modules.Project:text_to_word:1943 - 填充文本 =====>[ {{unitName}} ] BELGRAVIA DRIVE, BELGRAVIA ACE, Singapore (the “Property”)
2024-11-08 18:48:33.198 | INFO     | modules.Project:text_to_word:1978 - 填充文本 =====>[ {{unitName}} ] BELGRAVIA DRIVE, BELGRAVIA ACE, Singapore (the “Property”)
2024-11-08 18:48:33.207 | INFO     | modules.Project:text_to_word:1943 - 填充文本 =====>Date : {{signDate}}
2024-11-08 18:48:33.210 | INFO     | modules.Project:text_to_word:1978 - 填充文本 =====>Date : {{signDate}}
2024-11-08 18:48:33.214 | INFO     | modules.Project:text_to_word:1943 - 填充文本 =====>Date :{{signDate}}
2024-11-08 18:48:33.216 | INFO     | modules.Project:text_to_word:1978 - 填充文本 =====>Date :{{signDate}}
2024-11-08 18:48:33.220 | INFO     | modules.Project:text_to_word:1943 - 填充文本 =====> [ {{unitName}} ] BELGRAVIA DRIVE, BELGRAVIA ACE
2024-11-08 18:48:33.224 | INFO     | modules.Project:text_to_word:1978 - 填充文本 =====> [ {{unitName}} ] BELGRAVIA DRIVE, BELGRAVIA ACE
2024-11-08 18:48:33.230 | INFO     | modules.Project:text_to_word:1943 - 填充文本 =====>[ {{unitName}} ] BELGRAVIA DRIVE, BELGRAVIA ACE
2024-11-08 18:48:33.234 | INFO     | modules.Project:text_to_word:1978 - 填充文本 =====>[ {{unitName}} ] BELGRAVIA DRIVE, BELGRAVIA ACE
2024-11-08 18:48:33.237 | INFO     | modules.Project:text_to_word:1943 - 填充文本 =====>Date:{{signDate}}
2024-11-08 18:48:33.241 | INFO     | modules.Project:text_to_word:1978 - 填充文本 =====>Date:{{signDate}}
2024-11-08 18:48:33.246 | INFO     | modules.Project:text_to_word:1943 - 填充文本 =====>{{img1}}
2024-11-08 18:48:33.280 | ERROR    | modules.Project:text_to_word:1969 - 图片下载失败:/upload/broke/0c5d80359cc5416a9ea953fdebcbfc20/26835e67a63f48aeb31750a3e8385a17/PDIFloorPlanImg/6811f0fdc7a049c483ef1a876fdad3c9.jpg
2024-11-08 18:48:33.284 | INFO     | modules.Project:text_to_word:1943 - 填充文本 =====>{{img2}}
2024-11-08 18:48:33.291 | ERROR    | modules.Project:text_to_word:1969 - 图片下载失败:/upload/broke/0c5d80359cc5416a9ea953fdebcbfc20/26835e67a63f48aeb31750a3e8385a17/PDIFloorPlanImg/94faddd9512148b797c09cf30ac44e1.jpg
2024-11-08 18:48:33.294 | INFO     | modules.Project:text_to_word:1943 - 填充文本 =====>Date:{{signDate}}
2024-11-08 18:48:33.296 | INFO     | modules.Project:text_to_word:1978 - 填充文本 =====>Date:{{signDate}}
2024-11-08 18:48:33.299 | INFO     | modules.Project:text_to_word:1943 - 填充文本 =====>{{unitName}} BELGRAVIA DRIVE, BELGRAVIA ACE, SINGAPORE (the “Unit”)
2024-11-08 18:48:33.303 | INFO     | modules.Project:text_to_word:1978 - 填充文本 =====>{{unitName}} BELGRAVIA DRIVE, BELGRAVIA ACE, SINGAPORE (the “Unit”)
2024-11-08 18:48:33.311 | INFO     | modules.Project:text_to_word:1943 - 填充文本 =====> {{unitName}} BELGRAVIA DRIVE, BELGRAVIA ACE, SINGAPORE (the “Unit”)
2024-11-08 18:48:33.315 | INFO     | modules.Project:text_to_word:1978 - 填充文本 =====> {{unitName}} BELGRAVIA DRIVE, BELGRAVIA ACE, SINGAPORE (the “Unit”)
2024-11-08 18:48:33.320 | INFO     | modules.Project:text_to_word:1943 - 填充文本 =====>Date:	{{signDate}}
2024-11-08 18:48:33.324 | INFO     | modules.Project:text_to_word:1978 - 填充文本 =====>Date:	{{signDate}}
2024-11-08 18:48:33.329 | INFO     | modules.Project:text_to_word:1943 - 填充文本 =====>
{{Sign Buyer1}}
2024-11-08 18:48:33.332 | INFO     | modules.Project:text_to_word:1943 - 填充文本 =====>
{{Sign Buyer1}}
2024-11-08 18:48:33.335 | INFO     | modules.Project:text_to_word:1943 - 填充文本 =====>Name: {{buyerName1}}
2024-11-08 18:48:33.339 | INFO     | modules.Project:text_to_word:1978 - 填充文本 =====>Name: {{buyerName1}}
2024-11-08 18:48:33.342 | INFO     | modules.Project:text_to_word:1943 - 填充文本 =====>Name: {{buyerName2}}
2024-11-08 18:48:33.344 | INFO     | modules.Project:text_to_word:1978 - 填充文本 =====>Name: {{buyerName2}}
2024-11-08 18:48:33.347 | INFO     | modules.Project:text_to_word:1943 - 填充文本 =====>NRIC/Passport No.: {{nricPassport1}}
2024-11-08 18:48:33.348 | INFO     | modules.Project:text_to_word:1978 - 填充文本 =====>NRIC/Passport No.: {{nricPassport1}}
2024-11-08 18:48:33.353 | INFO     | modules.Project:text_to_word:1943 - 填充文本 =====>NRIC/Passport No.: {{nricPassport2}}
2024-11-08 18:48:33.357 | INFO     | modules.Project:text_to_word:1978 - 填充文本 =====>NRIC/Passport No.: {{nricPassport2}}
2024-11-08 18:48:33.361 | INFO     | modules.Project:text_to_word:1943 - 填充文本 =====>Name: {{buyerName1}}
2024-11-08 18:48:33.363 | INFO     | modules.Project:text_to_word:1978 - 填充文本 =====>Name: {{buyerName1}}
2024-11-08 18:48:33.366 | INFO     | modules.Project:text_to_word:1943 - 填充文本 =====>Name: {{buyerName2}}
2024-11-08 18:48:33.369 | INFO     | modules.Project:text_to_word:1978 - 填充文本 =====>Name: {{buyerName2}}
2024-11-08 18:48:33.374 | INFO     | modules.Project:text_to_word:1943 - 填充文本 =====>NRIC/Passport No.: {{nricPassport1}}
2024-11-08 18:48:33.378 | INFO     | modules.Project:text_to_word:1978 - 填充文本 =====>NRIC/Passport No.: {{nricPassport1}}
2024-11-08 18:48:33.381 | INFO     | modules.Project:text_to_word:1943 - 填充文本 =====>NRIC/Passport No.: {{nricPassport2}}
2024-11-08 18:48:33.384 | INFO     | modules.Project:text_to_word:1978 - 填充文本 =====>NRIC/Passport No.: {{nricPassport2}}
2024-11-08 18:48:33.390 | INFO     | modules.Project:text_to_word:1943 - 填充文本 =====>Name: {{buyerName1}}
2024-11-08 18:48:33.392 | INFO     | modules.Project:text_to_word:1978 - 填充文本 =====>Name: {{buyerName1}}
2024-11-08 18:48:33.395 | INFO     | modules.Project:text_to_word:1943 - 填充文本 =====>Name: {{buyerName2}}
2024-11-08 18:48:33.398 | INFO     | modules.Project:text_to_word:1978 - 填充文本 =====>Name: {{buyerName2}}
2024-11-08 18:48:33.401 | INFO     | modules.Project:text_to_word:1943 - 填充文本 =====>NRIC/Passport No.: {{nricPassport1}}
2024-11-08 18:48:33.404 | INFO     | modules.Project:text_to_word:1978 - 填充文本 =====>NRIC/Passport No.: {{nricPassport1}}
2024-11-08 18:48:33.407 | INFO     | modules.Project:text_to_word:1943 - 填充文本 =====>NRIC/Passport No.: {{nricPassport2}}
2024-11-08 18:48:33.409 | INFO     | modules.Project:text_to_word:1978 - 填充文本 =====>NRIC/Passport No.: {{nricPassport2}}
2024-11-08 18:55:29.218 | INFO     | modules.Project:Make_Signature_Files:1986 - Make_Signature_Files ====>>>>>docPath='/tmp.docx' data={'signDate': '02/03/2024', 'buyerList': [{'num': '1', 'buyerName': 'xx1'}, {'num': '2', 'buyerName': 'xx2'}, {'num': '3', 'buyerName': 'xx3'}], 'img1': '/upload/broke/0c5d80359cc5416a9ea953fdebcbfc20/26835e67a63f48aeb31750a3e8385a17/PDIFloorPlanImg/6811f0fdc7a049c483ef1a876fdad3c9.jpg', 'img2': '/upload/broke/0c5d80359cc5416a9ea953fdebcbfc20/26835e67a63f48aeb31750a3e8385a17/PDIFloorPlanImg/94faddd9512148b797c09cf30ac44e1.jpg', 'unitName': '#01-01'}
2024-11-08 18:55:29.244 | INFO     | modules.Project:text_to_word:1943 - 填充文本 =====>Date:{{signDate}}
2024-11-08 18:55:29.247 | INFO     | modules.Project:text_to_word:1978 - 填充文本 =====>Date:{{signDate}}
2024-11-08 18:55:29.252 | INFO     | modules.Project:text_to_word:1943 - 填充文本 =====>{{buyerList}}
2024-11-08 18:55:29.257 | INFO     | modules.Project:text_to_word:1943 - 填充文本 =====>[ {{unitName}} ] BELGRAVIA DRIVE, BELGRAVIA ACE, Singapore (the “Property”)
2024-11-08 18:55:29.261 | INFO     | modules.Project:text_to_word:1978 - 填充文本 =====>[ {{unitName}} ] BELGRAVIA DRIVE, BELGRAVIA ACE, Singapore (the “Property”)
2024-11-08 18:55:29.268 | INFO     | modules.Project:text_to_word:1943 - 填充文本 =====>Date : {{signDate}}
2024-11-08 18:55:29.272 | INFO     | modules.Project:text_to_word:1978 - 填充文本 =====>Date : {{signDate}}
2024-11-08 18:55:29.278 | INFO     | modules.Project:text_to_word:1943 - 填充文本 =====>Date :{{signDate}}
2024-11-08 18:55:29.281 | INFO     | modules.Project:text_to_word:1978 - 填充文本 =====>Date :{{signDate}}
2024-11-08 18:55:29.285 | INFO     | modules.Project:text_to_word:1943 - 填充文本 =====> [ {{unitName}} ] BELGRAVIA DRIVE, BELGRAVIA ACE
2024-11-08 18:55:29.291 | INFO     | modules.Project:text_to_word:1978 - 填充文本 =====> [ {{unitName}} ] BELGRAVIA DRIVE, BELGRAVIA ACE
2024-11-08 18:55:29.299 | INFO     | modules.Project:text_to_word:1943 - 填充文本 =====>[ {{unitName}} ] BELGRAVIA DRIVE, BELGRAVIA ACE
2024-11-08 18:55:29.304 | INFO     | modules.Project:text_to_word:1978 - 填充文本 =====>[ {{unitName}} ] BELGRAVIA DRIVE, BELGRAVIA ACE
2024-11-08 18:55:29.309 | INFO     | modules.Project:text_to_word:1943 - 填充文本 =====>Date:{{signDate}}
2024-11-08 18:55:29.313 | INFO     | modules.Project:text_to_word:1978 - 填充文本 =====>Date:{{signDate}}
2024-11-08 18:55:29.317 | INFO     | modules.Project:text_to_word:1943 - 填充文本 =====>{{img1}}
2024-11-08 18:55:29.337 | ERROR    | modules.Project:text_to_word:1969 - 图片下载失败:/upload/broke/0c5d80359cc5416a9ea953fdebcbfc20/26835e67a63f48aeb31750a3e8385a17/PDIFloorPlanImg/6811f0fdc7a049c483ef1a876fdad3c9.jpg
2024-11-08 18:55:29.343 | INFO     | modules.Project:text_to_word:1943 - 填充文本 =====>{{img2}}
2024-11-08 18:55:29.350 | ERROR    | modules.Project:text_to_word:1969 - 图片下载失败:/upload/broke/0c5d80359cc5416a9ea953fdebcbfc20/26835e67a63f48aeb31750a3e8385a17/PDIFloorPlanImg/94faddd9512148b797c09cf30ac44e1.jpg
2024-11-08 18:55:29.355 | INFO     | modules.Project:text_to_word:1943 - 填充文本 =====>Date:{{signDate}}
2024-11-08 18:55:29.358 | INFO     | modules.Project:text_to_word:1978 - 填充文本 =====>Date:{{signDate}}
2024-11-08 18:55:29.362 | INFO     | modules.Project:text_to_word:1943 - 填充文本 =====>{{unitName}} BELGRAVIA DRIVE, BELGRAVIA ACE, SINGAPORE (the “Unit”)
2024-11-08 18:55:29.366 | INFO     | modules.Project:text_to_word:1978 - 填充文本 =====>{{unitName}} BELGRAVIA DRIVE, BELGRAVIA ACE, SINGAPORE (the “Unit”)
2024-11-08 18:55:29.375 | INFO     | modules.Project:text_to_word:1943 - 填充文本 =====> {{unitName}} BELGRAVIA DRIVE, BELGRAVIA ACE, SINGAPORE (the “Unit”)
2024-11-08 18:55:29.379 | INFO     | modules.Project:text_to_word:1978 - 填充文本 =====> {{unitName}} BELGRAVIA DRIVE, BELGRAVIA ACE, SINGAPORE (the “Unit”)
2024-11-08 18:55:29.385 | INFO     | modules.Project:text_to_word:1943 - 填充文本 =====>Date:	{{signDate}}
2024-11-08 18:55:29.390 | INFO     | modules.Project:text_to_word:1978 - 填充文本 =====>Date:	{{signDate}}
2024-11-08 18:55:29.395 | INFO     | modules.Project:text_to_word:1943 - 填充文本 =====>
{{Sign Buyer1}}
2024-11-08 18:55:29.398 | INFO     | modules.Project:text_to_word:1943 - 填充文本 =====>
{{Sign Buyer1}}
2024-11-08 18:55:29.400 | INFO     | modules.Project:text_to_word:1943 - 填充文本 =====>Name: {{buyerName1}}
2024-11-08 18:55:29.404 | INFO     | modules.Project:text_to_word:1978 - 填充文本 =====>Name: {{buyerName1}}
2024-11-08 18:55:29.408 | INFO     | modules.Project:text_to_word:1943 - 填充文本 =====>Name: {{buyerName2}}
2024-11-08 18:55:29.411 | INFO     | modules.Project:text_to_word:1978 - 填充文本 =====>Name: {{buyerName2}}
2024-11-08 18:55:29.414 | INFO     | modules.Project:text_to_word:1943 - 填充文本 =====>NRIC/Passport No.: {{nricPassport1}}
2024-11-08 18:55:29.416 | INFO     | modules.Project:text_to_word:1978 - 填充文本 =====>NRIC/Passport No.: {{nricPassport1}}
2024-11-08 18:55:29.421 | INFO     | modules.Project:text_to_word:1943 - 填充文本 =====>NRIC/Passport No.: {{nricPassport2}}
2024-11-08 18:55:29.424 | INFO     | modules.Project:text_to_word:1978 - 填充文本 =====>NRIC/Passport No.: {{nricPassport2}}
2024-11-08 18:55:29.427 | INFO     | modules.Project:text_to_word:1943 - 填充文本 =====>Name: {{buyerName1}}
2024-11-08 18:55:29.430 | INFO     | modules.Project:text_to_word:1978 - 填充文本 =====>Name: {{buyerName1}}
2024-11-08 18:55:29.435 | INFO     | modules.Project:text_to_word:1943 - 填充文本 =====>Name: {{buyerName2}}
2024-11-08 18:55:29.438 | INFO     | modules.Project:text_to_word:1978 - 填充文本 =====>Name: {{buyerName2}}
2024-11-08 18:55:29.441 | INFO     | modules.Project:text_to_word:1943 - 填充文本 =====>NRIC/Passport No.: {{nricPassport1}}
2024-11-08 18:55:29.444 | INFO     | modules.Project:text_to_word:1978 - 填充文本 =====>NRIC/Passport No.: {{nricPassport1}}
2024-11-08 18:55:29.447 | INFO     | modules.Project:text_to_word:1943 - 填充文本 =====>NRIC/Passport No.: {{nricPassport2}}
2024-11-08 18:55:29.450 | INFO     | modules.Project:text_to_word:1978 - 填充文本 =====>NRIC/Passport No.: {{nricPassport2}}
2024-11-08 18:55:29.457 | INFO     | modules.Project:text_to_word:1943 - 填充文本 =====>Name: {{buyerName1}}
2024-11-08 18:55:29.459 | INFO     | modules.Project:text_to_word:1978 - 填充文本 =====>Name: {{buyerName1}}
2024-11-08 18:55:29.462 | INFO     | modules.Project:text_to_word:1943 - 填充文本 =====>Name: {{buyerName2}}
2024-11-08 18:55:29.464 | INFO     | modules.Project:text_to_word:1978 - 填充文本 =====>Name: {{buyerName2}}
2024-11-08 18:55:29.467 | INFO     | modules.Project:text_to_word:1943 - 填充文本 =====>NRIC/Passport No.: {{nricPassport1}}
2024-11-08 18:55:29.470 | INFO     | modules.Project:text_to_word:1978 - 填充文本 =====>NRIC/Passport No.: {{nricPassport1}}
2024-11-08 18:55:29.473 | INFO     | modules.Project:text_to_word:1943 - 填充文本 =====>NRIC/Passport No.: {{nricPassport2}}
2024-11-08 18:55:29.476 | INFO     | modules.Project:text_to_word:1978 - 填充文本 =====>NRIC/Passport No.: {{nricPassport2}}
2024-11-08 18:56:32.946 | INFO     | modules.Project:Make_Signature_Files:1986 - Make_Signature_Files ====>>>>>docPath='/tmp.docx' data={'signDate': '02/03/2024', 'buyerList': [{'num': '1', 'buyerName': 'xx1'}, {'num': '2', 'buyerName': 'xx2'}, {'num': '3', 'buyerName': 'xx3'}], 'img1': '/upload/broke/0c5d80359cc5416a9ea953fdebcbfc20/26835e67a63f48aeb31750a3e8385a17/PDIFloorPlanImg/6811f0fdc7a049c483ef1a876fdad3c9.jpg', 'img2': '/upload/broke/0c5d80359cc5416a9ea953fdebcbfc20/26835e67a63f48aeb31750a3e8385a17/PDIFloorPlanImg/94faddd9512148b797c09cf30ac44e1.jpg', 'unitName': '#01-01'}
2024-11-08 18:57:27.214 | INFO     | modules.Project:Make_Signature_Files:1986 - Make_Signature_Files ====>>>>>docPath='/tmp.docx' data={'signDate': '02/03/2024', 'buyerList': [{'num': '1', 'buyerName': 'xx1'}, {'num': '2', 'buyerName': 'xx2'}, {'num': '3', 'buyerName': 'xx3'}], 'img1': '/upload/broke/0c5d80359cc5416a9ea953fdebcbfc20/26835e67a63f48aeb31750a3e8385a17/PDIFloorPlanImg/6811f0fdc7a049c483ef1a876fdad3c9.jpg', 'img2': '/upload/broke/0c5d80359cc5416a9ea953fdebcbfc20/26835e67a63f48aeb31750a3e8385a17/PDIFloorPlanImg/94faddd9512148b797c09cf30ac44e1.jpg', 'unitName': '#01-01'}
2024-11-08 18:57:27.242 | INFO     | modules.Project:text_to_word:1943 - 填充文本 =====>Date:{{signDate}}
2024-11-08 18:57:27.245 | INFO     | modules.Project:text_to_word:1978 - 填充文本 =====>Date:{{signDate}}
2024-11-08 18:57:27.250 | INFO     | modules.Project:text_to_word:1943 - 填充文本 =====>{{buyerList}}
2024-11-08 18:57:27.256 | INFO     | modules.Project:text_to_word:1943 - 填充文本 =====>[ {{unitName}} ] BELGRAVIA DRIVE, BELGRAVIA ACE, Singapore (the “Property”)
2024-11-08 18:57:27.260 | INFO     | modules.Project:text_to_word:1978 - 填充文本 =====>[ {{unitName}} ] BELGRAVIA DRIVE, BELGRAVIA ACE, Singapore (the “Property”)
2024-11-08 18:57:27.271 | INFO     | modules.Project:text_to_word:1943 - 填充文本 =====>Date : {{signDate}}
2024-11-08 18:57:27.274 | INFO     | modules.Project:text_to_word:1978 - 填充文本 =====>Date : {{signDate}}
2024-11-08 18:57:27.279 | INFO     | modules.Project:text_to_word:1943 - 填充文本 =====>Date :{{signDate}}
2024-11-08 18:57:27.282 | INFO     | modules.Project:text_to_word:1978 - 填充文本 =====>Date :{{signDate}}
2024-11-08 18:57:27.287 | INFO     | modules.Project:text_to_word:1943 - 填充文本 =====> [ {{unitName}} ] BELGRAVIA DRIVE, BELGRAVIA ACE
2024-11-08 18:57:27.290 | INFO     | modules.Project:text_to_word:1978 - 填充文本 =====> [ {{unitName}} ] BELGRAVIA DRIVE, BELGRAVIA ACE
2024-11-08 18:57:27.299 | INFO     | modules.Project:text_to_word:1943 - 填充文本 =====>[ {{unitName}} ] BELGRAVIA DRIVE, BELGRAVIA ACE
2024-11-08 18:57:27.303 | INFO     | modules.Project:text_to_word:1978 - 填充文本 =====>[ {{unitName}} ] BELGRAVIA DRIVE, BELGRAVIA ACE
2024-11-08 18:57:27.309 | INFO     | modules.Project:text_to_word:1943 - 填充文本 =====>Date:{{signDate}}
2024-11-08 18:57:27.312 | INFO     | modules.Project:text_to_word:1978 - 填充文本 =====>Date:{{signDate}}
2024-11-08 18:57:27.318 | INFO     | modules.Project:text_to_word:1943 - 填充文本 =====>{{img1}}
2024-11-08 18:57:27.335 | ERROR    | modules.Project:text_to_word:1969 - 图片下载失败:/upload/broke/0c5d80359cc5416a9ea953fdebcbfc20/26835e67a63f48aeb31750a3e8385a17/PDIFloorPlanImg/6811f0fdc7a049c483ef1a876fdad3c9.jpg
2024-11-08 18:57:27.341 | INFO     | modules.Project:text_to_word:1943 - 填充文本 =====>{{img2}}
2024-11-08 18:57:27.379 | ERROR    | modules.Project:text_to_word:1969 - 图片下载失败:/upload/broke/0c5d80359cc5416a9ea953fdebcbfc20/26835e67a63f48aeb31750a3e8385a17/PDIFloorPlanImg/94faddd9512148b797c09cf30ac44e1.jpg
2024-11-08 18:57:27.384 | INFO     | modules.Project:text_to_word:1943 - 填充文本 =====>Date:{{signDate}}
2024-11-08 18:57:27.388 | INFO     | modules.Project:text_to_word:1978 - 填充文本 =====>Date:{{signDate}}
2024-11-08 18:57:27.392 | INFO     | modules.Project:text_to_word:1943 - 填充文本 =====>{{unitName}} BELGRAVIA DRIVE, BELGRAVIA ACE, SINGAPORE (the “Unit”)
2024-11-08 18:57:27.396 | INFO     | modules.Project:text_to_word:1978 - 填充文本 =====>{{unitName}} BELGRAVIA DRIVE, BELGRAVIA ACE, SINGAPORE (the “Unit”)
2024-11-08 18:57:27.410 | INFO     | modules.Project:text_to_word:1943 - 填充文本 =====> {{unitName}} BELGRAVIA DRIVE, BELGRAVIA ACE, SINGAPORE (the “Unit”)
2024-11-08 18:57:27.413 | INFO     | modules.Project:text_to_word:1978 - 填充文本 =====> {{unitName}} BELGRAVIA DRIVE, BELGRAVIA ACE, SINGAPORE (the “Unit”)
2024-11-08 18:57:27.420 | INFO     | modules.Project:text_to_word:1943 - 填充文本 =====>Date:	{{signDate}}
2024-11-08 18:57:27.424 | INFO     | modules.Project:text_to_word:1978 - 填充文本 =====>Date:	{{signDate}}
2024-11-08 18:57:27.433 | INFO     | modules.Project:text_to_word:1943 - 填充文本 =====>
{{Sign Buyer1}}
2024-11-08 18:57:27.437 | INFO     | modules.Project:text_to_word:1943 - 填充文本 =====>
{{Sign Buyer1}}
2024-11-08 18:57:27.440 | INFO     | modules.Project:text_to_word:1943 - 填充文本 =====>Name: {{buyerName1}}
2024-11-08 18:57:27.443 | INFO     | modules.Project:text_to_word:1978 - 填充文本 =====>Name: {{buyerName1}}
2024-11-08 18:57:27.446 | INFO     | modules.Project:text_to_word:1943 - 填充文本 =====>Name: {{buyerName2}}
2024-11-08 18:57:27.448 | INFO     | modules.Project:text_to_word:1978 - 填充文本 =====>Name: {{buyerName2}}
2024-11-08 18:57:27.452 | INFO     | modules.Project:text_to_word:1943 - 填充文本 =====>NRIC/Passport No.: {{nricPassport1}}
2024-11-08 18:57:27.454 | INFO     | modules.Project:text_to_word:1978 - 填充文本 =====>NRIC/Passport No.: {{nricPassport1}}
2024-11-08 18:57:27.457 | INFO     | modules.Project:text_to_word:1943 - 填充文本 =====>NRIC/Passport No.: {{nricPassport2}}
2024-11-08 18:57:27.459 | INFO     | modules.Project:text_to_word:1978 - 填充文本 =====>NRIC/Passport No.: {{nricPassport2}}
2024-11-08 18:57:27.462 | INFO     | modules.Project:text_to_word:1943 - 填充文本 =====>Name: {{buyerName1}}
2024-11-08 18:57:27.464 | INFO     | modules.Project:text_to_word:1978 - 填充文本 =====>Name: {{buyerName1}}
2024-11-08 18:57:27.468 | INFO     | modules.Project:text_to_word:1943 - 填充文本 =====>Name: {{buyerName2}}
2024-11-08 18:57:27.471 | INFO     | modules.Project:text_to_word:1978 - 填充文本 =====>Name: {{buyerName2}}
2024-11-08 18:57:27.474 | INFO     | modules.Project:text_to_word:1943 - 填充文本 =====>NRIC/Passport No.: {{nricPassport1}}
2024-11-08 18:57:27.476 | INFO     | modules.Project:text_to_word:1978 - 填充文本 =====>NRIC/Passport No.: {{nricPassport1}}
2024-11-08 18:57:27.479 | INFO     | modules.Project:text_to_word:1943 - 填充文本 =====>NRIC/Passport No.: {{nricPassport2}}
2024-11-08 18:57:27.482 | INFO     | modules.Project:text_to_word:1978 - 填充文本 =====>NRIC/Passport No.: {{nricPassport2}}
2024-11-08 18:57:27.488 | INFO     | modules.Project:text_to_word:1943 - 填充文本 =====>Name: {{buyerName1}}
2024-11-08 18:57:27.491 | INFO     | modules.Project:text_to_word:1978 - 填充文本 =====>Name: {{buyerName1}}
2024-11-08 18:57:27.493 | INFO     | modules.Project:text_to_word:1943 - 填充文本 =====>Name: {{buyerName2}}
2024-11-08 18:57:27.495 | INFO     | modules.Project:text_to_word:1978 - 填充文本 =====>Name: {{buyerName2}}
2024-11-08 18:57:27.498 | INFO     | modules.Project:text_to_word:1943 - 填充文本 =====>NRIC/Passport No.: {{nricPassport1}}
2024-11-08 18:57:27.501 | INFO     | modules.Project:text_to_word:1978 - 填充文本 =====>NRIC/Passport No.: {{nricPassport1}}
2024-11-08 18:57:27.504 | INFO     | modules.Project:text_to_word:1943 - 填充文本 =====>NRIC/Passport No.: {{nricPassport2}}
2024-11-08 18:57:27.507 | INFO     | modules.Project:text_to_word:1978 - 填充文本 =====>NRIC/Passport No.: {{nricPassport2}}
2024-11-08 18:58:26.284 | INFO     | modules.Project:Make_Signature_Files:1986 - Make_Signature_Files ====>>>>>docPath='/tmp.docx' data={'signDate': '02/03/2024', 'buyerList': [{'num': '1', 'buyerName': 'xx1'}, {'num': '2', 'buyerName': 'xx2'}, {'num': '3', 'buyerName': 'xx3'}], 'img1': '/upload/broke/0c5d80359cc5416a9ea953fdebcbfc20/26835e67a63f48aeb31750a3e8385a17/PDIFloorPlanImg/6811f0fdc7a049c483ef1a876fdad3c9.jpg', 'img2': '/upload/broke/0c5d80359cc5416a9ea953fdebcbfc20/26835e67a63f48aeb31750a3e8385a17/PDIFloorPlanImg/94faddd9512148b797c09cf30ac44e1.jpg', 'unitName': '#01-01'}
2024-11-08 18:58:26.316 | INFO     | modules.Project:text_to_word:1943 - 填充文本 =====>Date:{{signDate}}
2024-11-08 18:58:26.320 | INFO     | modules.Project:text_to_word:1978 - 填充文本 =====>Date:{{signDate}}
2024-11-08 18:58:26.326 | INFO     | modules.Project:text_to_word:1943 - 填充文本 =====>{{buyerList}}
2024-11-08 18:58:26.331 | INFO     | modules.Project:text_to_word:1943 - 填充文本 =====>[ {{unitName}} ] BELGRAVIA DRIVE, BELGRAVIA ACE, Singapore (the “Property”)
2024-11-08 18:58:26.335 | INFO     | modules.Project:text_to_word:1978 - 填充文本 =====>[ {{unitName}} ] BELGRAVIA DRIVE, BELGRAVIA ACE, Singapore (the “Property”)
2024-11-08 18:58:26.346 | INFO     | modules.Project:text_to_word:1943 - 填充文本 =====>Date : {{signDate}}
2024-11-08 18:58:26.350 | INFO     | modules.Project:text_to_word:1978 - 填充文本 =====>Date : {{signDate}}
2024-11-08 18:58:26.356 | INFO     | modules.Project:text_to_word:1943 - 填充文本 =====>Date :{{signDate}}
2024-11-08 18:58:26.359 | INFO     | modules.Project:text_to_word:1978 - 填充文本 =====>Date :{{signDate}}
2024-11-08 18:58:26.363 | INFO     | modules.Project:text_to_word:1943 - 填充文本 =====> [ {{unitName}} ] BELGRAVIA DRIVE, BELGRAVIA ACE
2024-11-08 18:58:26.368 | INFO     | modules.Project:text_to_word:1978 - 填充文本 =====> [ {{unitName}} ] BELGRAVIA DRIVE, BELGRAVIA ACE
2024-11-08 18:58:26.379 | INFO     | modules.Project:text_to_word:1943 - 填充文本 =====>[ {{unitName}} ] BELGRAVIA DRIVE, BELGRAVIA ACE
2024-11-08 18:58:26.383 | INFO     | modules.Project:text_to_word:1978 - 填充文本 =====>[ {{unitName}} ] BELGRAVIA DRIVE, BELGRAVIA ACE
2024-11-08 18:58:26.391 | INFO     | modules.Project:text_to_word:1943 - 填充文本 =====>Date:{{signDate}}
2024-11-08 18:58:26.422 | INFO     | modules.Project:text_to_word:1978 - 填充文本 =====>Date:{{signDate}}
2024-11-08 18:58:26.430 | INFO     | modules.Project:text_to_word:1943 - 填充文本 =====>{{img1}}
2024-11-08 18:58:26.441 | ERROR    | modules.Project:text_to_word:1969 - 图片下载失败:/upload/broke/0c5d80359cc5416a9ea953fdebcbfc20/26835e67a63f48aeb31750a3e8385a17/PDIFloorPlanImg/6811f0fdc7a049c483ef1a876fdad3c9.jpg
2024-11-08 18:58:26.446 | INFO     | modules.Project:text_to_word:1943 - 填充文本 =====>{{img2}}
2024-11-08 18:58:26.468 | ERROR    | modules.Project:text_to_word:1969 - 图片下载失败:/upload/broke/0c5d80359cc5416a9ea953fdebcbfc20/26835e67a63f48aeb31750a3e8385a17/PDIFloorPlanImg/94faddd9512148b797c09cf30ac44e1.jpg
2024-11-08 18:58:26.473 | INFO     | modules.Project:text_to_word:1943 - 填充文本 =====>Date:{{signDate}}
2024-11-08 18:58:26.476 | INFO     | modules.Project:text_to_word:1978 - 填充文本 =====>Date:{{signDate}}
2024-11-08 18:58:26.481 | INFO     | modules.Project:text_to_word:1943 - 填充文本 =====>{{unitName}} BELGRAVIA DRIVE, BELGRAVIA ACE, SINGAPORE (the “Unit”)
2024-11-08 18:58:26.485 | INFO     | modules.Project:text_to_word:1978 - 填充文本 =====>{{unitName}} BELGRAVIA DRIVE, BELGRAVIA ACE, SINGAPORE (the “Unit”)
2024-11-08 18:58:26.496 | INFO     | modules.Project:text_to_word:1943 - 填充文本 =====> {{unitName}} BELGRAVIA DRIVE, BELGRAVIA ACE, SINGAPORE (the “Unit”)
2024-11-08 18:58:26.500 | INFO     | modules.Project:text_to_word:1978 - 填充文本 =====> {{unitName}} BELGRAVIA DRIVE, BELGRAVIA ACE, SINGAPORE (the “Unit”)
2024-11-08 18:58:26.505 | INFO     | modules.Project:text_to_word:1943 - 填充文本 =====>Date:	{{signDate}}
2024-11-08 18:58:26.508 | INFO     | modules.Project:text_to_word:1978 - 填充文本 =====>Date:	{{signDate}}
2024-11-08 18:58:26.514 | INFO     | modules.Project:text_to_word:1943 - 填充文本 =====>
{{Sign Buyer1}}
2024-11-08 18:58:26.517 | INFO     | modules.Project:text_to_word:1943 - 填充文本 =====>
{{Sign Buyer1}}
2024-11-08 18:58:26.520 | INFO     | modules.Project:text_to_word:1943 - 填充文本 =====>Name: {{buyerName1}}
2024-11-08 18:58:26.522 | INFO     | modules.Project:text_to_word:1978 - 填充文本 =====>Name: {{buyerName1}}
2024-11-08 18:58:26.524 | INFO     | modules.Project:text_to_word:1943 - 填充文本 =====>Name: {{buyerName2}}
2024-11-08 18:58:26.526 | INFO     | modules.Project:text_to_word:1978 - 填充文本 =====>Name: {{buyerName2}}
2024-11-08 18:58:26.530 | INFO     | modules.Project:text_to_word:1943 - 填充文本 =====>NRIC/Passport No.: {{nricPassport1}}
2024-11-08 18:58:26.533 | INFO     | modules.Project:text_to_word:1978 - 填充文本 =====>NRIC/Passport No.: {{nricPassport1}}
2024-11-08 18:58:26.536 | INFO     | modules.Project:text_to_word:1943 - 填充文本 =====>NRIC/Passport No.: {{nricPassport2}}
2024-11-08 18:58:26.539 | INFO     | modules.Project:text_to_word:1978 - 填充文本 =====>NRIC/Passport No.: {{nricPassport2}}
2024-11-08 18:58:26.542 | INFO     | modules.Project:text_to_word:1943 - 填充文本 =====>Name: {{buyerName1}}
2024-11-08 18:58:26.544 | INFO     | modules.Project:text_to_word:1978 - 填充文本 =====>Name: {{buyerName1}}
2024-11-08 18:58:26.547 | INFO     | modules.Project:text_to_word:1943 - 填充文本 =====>Name: {{buyerName2}}
2024-11-08 18:58:26.552 | INFO     | modules.Project:text_to_word:1978 - 填充文本 =====>Name: {{buyerName2}}
2024-11-08 18:58:26.556 | INFO     | modules.Project:text_to_word:1943 - 填充文本 =====>NRIC/Passport No.: {{nricPassport1}}
2024-11-08 18:58:26.558 | INFO     | modules.Project:text_to_word:1978 - 填充文本 =====>NRIC/Passport No.: {{nricPassport1}}
2024-11-08 18:58:26.561 | INFO     | modules.Project:text_to_word:1943 - 填充文本 =====>NRIC/Passport No.: {{nricPassport2}}
2024-11-08 18:58:26.563 | INFO     | modules.Project:text_to_word:1978 - 填充文本 =====>NRIC/Passport No.: {{nricPassport2}}
2024-11-08 18:58:26.569 | INFO     | modules.Project:text_to_word:1943 - 填充文本 =====>Name: {{buyerName1}}
2024-11-08 18:58:26.571 | INFO     | modules.Project:text_to_word:1978 - 填充文本 =====>Name: {{buyerName1}}
2024-11-08 18:58:26.574 | INFO     | modules.Project:text_to_word:1943 - 填充文本 =====>Name: {{buyerName2}}
2024-11-08 18:58:26.576 | INFO     | modules.Project:text_to_word:1978 - 填充文本 =====>Name: {{buyerName2}}
2024-11-08 18:58:26.579 | INFO     | modules.Project:text_to_word:1943 - 填充文本 =====>NRIC/Passport No.: {{nricPassport1}}
2024-11-08 18:58:26.581 | INFO     | modules.Project:text_to_word:1978 - 填充文本 =====>NRIC/Passport No.: {{nricPassport1}}
2024-11-08 18:58:26.585 | INFO     | modules.Project:text_to_word:1943 - 填充文本 =====>NRIC/Passport No.: {{nricPassport2}}
2024-11-08 18:58:26.588 | INFO     | modules.Project:text_to_word:1978 - 填充文本 =====>NRIC/Passport No.: {{nricPassport2}}
2024-11-08 19:20:21.356 | INFO     | modules.Project:Make_Signature_Files:1988 - Make_Signature_Files ====>>>>>docPath='/tmp.docx' filePath='SignatureFlieoutput.docx' data={'signDate': '02/03/2024', 'buyerList': [{'num': '1', 'buyerName': 'xx1'}, {'num': '2', 'buyerName': 'xx2'}, {'num': '3', 'buyerName': 'xx3'}], 'img1': '/upload/broke/0c5d80359cc5416a9ea953fdebcbfc20/26835e67a63f48aeb31750a3e8385a17/PDIFloorPlanImg/6811f0fdc7a049c483ef1a876fdad3c9.jpg', 'img2': '/upload/broke/0c5d80359cc5416a9ea953fdebcbfc20/26835e67a63f48aeb31750a3e8385a17/PDIFloorPlanImg/94faddd9512148b797c09cf30ac44e1.jpg', 'unitName': '#01-01'}
2024-11-08 19:21:02.406 | INFO     | modules.Project:Make_Signature_Files:1988 - Make_Signature_Files ====>>>>>docPath='/tmp.docx' filePath='SignatureFlieoutput.docx' data={'signDate': '02/03/2024', 'buyerList': [{'num': '1', 'buyerName': 'xx1'}, {'num': '2', 'buyerName': 'xx2'}, {'num': '3', 'buyerName': 'xx3'}], 'img1': '/upload/broke/0c5d80359cc5416a9ea953fdebcbfc20/26835e67a63f48aeb31750a3e8385a17/PDIFloorPlanImg/6811f0fdc7a049c483ef1a876fdad3c9.jpg', 'img2': '/upload/broke/0c5d80359cc5416a9ea953fdebcbfc20/26835e67a63f48aeb31750a3e8385a17/PDIFloorPlanImg/94faddd9512148b797c09cf30ac44e1.jpg', 'unitName': '#01-01'}
2024-11-08 19:21:02.767 | INFO     | modules.Project:text_to_word:1945 - 填充文本 =====>Date:{{signDate}}
2024-11-08 19:21:02.771 | INFO     | modules.Project:text_to_word:1980 - 填充文本 =====>Date:{{signDate}}
2024-11-08 19:21:02.776 | INFO     | modules.Project:text_to_word:1945 - 填充文本 =====>{{buyerList}}
2024-11-08 19:21:02.781 | INFO     | modules.Project:text_to_word:1945 - 填充文本 =====>[ {{unitName}} ] BELGRAVIA DRIVE, BELGRAVIA ACE, Singapore (the “Property”)
2024-11-08 19:21:02.785 | INFO     | modules.Project:text_to_word:1980 - 填充文本 =====>[ {{unitName}} ] BELGRAVIA DRIVE, BELGRAVIA ACE, Singapore (the “Property”)
2024-11-08 19:21:02.792 | INFO     | modules.Project:text_to_word:1945 - 填充文本 =====>Date : {{signDate}}
2024-11-08 19:21:02.796 | INFO     | modules.Project:text_to_word:1980 - 填充文本 =====>Date : {{signDate}}
2024-11-08 19:21:02.800 | INFO     | modules.Project:text_to_word:1945 - 填充文本 =====>Date :{{signDate}}
2024-11-08 19:21:02.802 | INFO     | modules.Project:text_to_word:1980 - 填充文本 =====>Date :{{signDate}}
2024-11-08 19:21:02.807 | INFO     | modules.Project:text_to_word:1945 - 填充文本 =====> [ {{unitName}} ] BELGRAVIA DRIVE, BELGRAVIA ACE
2024-11-08 19:21:02.811 | INFO     | modules.Project:text_to_word:1980 - 填充文本 =====> [ {{unitName}} ] BELGRAVIA DRIVE, BELGRAVIA ACE
2024-11-08 19:21:02.817 | INFO     | modules.Project:text_to_word:1945 - 填充文本 =====>[ {{unitName}} ] BELGRAVIA DRIVE, BELGRAVIA ACE
2024-11-08 19:21:02.821 | INFO     | modules.Project:text_to_word:1980 - 填充文本 =====>[ {{unitName}} ] BELGRAVIA DRIVE, BELGRAVIA ACE
2024-11-08 19:21:02.826 | INFO     | modules.Project:text_to_word:1945 - 填充文本 =====>Date:{{signDate}}
2024-11-08 19:21:02.830 | INFO     | modules.Project:text_to_word:1980 - 填充文本 =====>Date:{{signDate}}
2024-11-08 19:21:02.834 | INFO     | modules.Project:text_to_word:1945 - 填充文本 =====>{{img1}}
2024-11-08 19:21:02.878 | ERROR    | modules.Project:text_to_word:1971 - 图片下载失败:/upload/broke/0c5d80359cc5416a9ea953fdebcbfc20/26835e67a63f48aeb31750a3e8385a17/PDIFloorPlanImg/6811f0fdc7a049c483ef1a876fdad3c9.jpg
2024-11-08 19:21:02.884 | INFO     | modules.Project:text_to_word:1945 - 填充文本 =====>{{img2}}
2024-11-08 19:21:02.900 | ERROR    | modules.Project:text_to_word:1971 - 图片下载失败:/upload/broke/0c5d80359cc5416a9ea953fdebcbfc20/26835e67a63f48aeb31750a3e8385a17/PDIFloorPlanImg/94faddd9512148b797c09cf30ac44e1.jpg
2024-11-08 19:21:02.904 | INFO     | modules.Project:text_to_word:1945 - 填充文本 =====>Date:{{signDate}}
2024-11-08 19:21:02.907 | INFO     | modules.Project:text_to_word:1980 - 填充文本 =====>Date:{{signDate}}
2024-11-08 19:21:02.910 | INFO     | modules.Project:text_to_word:1945 - 填充文本 =====>{{unitName}} BELGRAVIA DRIVE, BELGRAVIA ACE, SINGAPORE (the “Unit”)
2024-11-08 19:21:02.912 | INFO     | modules.Project:text_to_word:1980 - 填充文本 =====>{{unitName}} BELGRAVIA DRIVE, BELGRAVIA ACE, SINGAPORE (the “Unit”)
2024-11-08 19:21:02.923 | INFO     | modules.Project:text_to_word:1945 - 填充文本 =====> {{unitName}} BELGRAVIA DRIVE, BELGRAVIA ACE, SINGAPORE (the “Unit”)
2024-11-08 19:21:02.927 | INFO     | modules.Project:text_to_word:1980 - 填充文本 =====> {{unitName}} BELGRAVIA DRIVE, BELGRAVIA ACE, SINGAPORE (the “Unit”)
2024-11-08 19:21:02.933 | INFO     | modules.Project:text_to_word:1945 - 填充文本 =====>Date:	{{signDate}}
2024-11-08 19:21:02.938 | INFO     | modules.Project:text_to_word:1980 - 填充文本 =====>Date:	{{signDate}}
2024-11-08 19:21:02.944 | INFO     | modules.Project:text_to_word:1945 - 填充文本 =====>
{{Sign Buyer1}}
2024-11-08 19:21:02.948 | INFO     | modules.Project:text_to_word:1945 - 填充文本 =====>
{{Sign Buyer1}}
2024-11-08 19:21:02.951 | INFO     | modules.Project:text_to_word:1945 - 填充文本 =====>Name: {{buyerName1}}
2024-11-08 19:21:02.953 | INFO     | modules.Project:text_to_word:1980 - 填充文本 =====>Name: {{buyerName1}}
2024-11-08 19:21:02.958 | INFO     | modules.Project:text_to_word:1945 - 填充文本 =====>Name: {{buyerName2}}
2024-11-08 19:21:02.961 | INFO     | modules.Project:text_to_word:1980 - 填充文本 =====>Name: {{buyerName2}}
2024-11-08 19:21:02.965 | INFO     | modules.Project:text_to_word:1945 - 填充文本 =====>NRIC/Passport No.: {{nricPassport1}}
2024-11-08 19:21:02.968 | INFO     | modules.Project:text_to_word:1980 - 填充文本 =====>NRIC/Passport No.: {{nricPassport1}}
2024-11-08 19:21:02.971 | INFO     | modules.Project:text_to_word:1945 - 填充文本 =====>NRIC/Passport No.: {{nricPassport2}}
2024-11-08 19:21:02.974 | INFO     | modules.Project:text_to_word:1980 - 填充文本 =====>NRIC/Passport No.: {{nricPassport2}}
2024-11-08 19:21:02.979 | INFO     | modules.Project:text_to_word:1945 - 填充文本 =====>Name: {{buyerName1}}
2024-11-08 19:21:02.983 | INFO     | modules.Project:text_to_word:1980 - 填充文本 =====>Name: {{buyerName1}}
2024-11-08 19:21:02.986 | INFO     | modules.Project:text_to_word:1945 - 填充文本 =====>Name: {{buyerName2}}
2024-11-08 19:21:02.989 | INFO     | modules.Project:text_to_word:1980 - 填充文本 =====>Name: {{buyerName2}}
2024-11-08 19:21:02.994 | INFO     | modules.Project:text_to_word:1945 - 填充文本 =====>NRIC/Passport No.: {{nricPassport1}}
2024-11-08 19:21:02.996 | INFO     | modules.Project:text_to_word:1980 - 填充文本 =====>NRIC/Passport No.: {{nricPassport1}}
2024-11-08 19:21:03.000 | INFO     | modules.Project:text_to_word:1945 - 填充文本 =====>NRIC/Passport No.: {{nricPassport2}}
2024-11-08 19:21:03.002 | INFO     | modules.Project:text_to_word:1980 - 填充文本 =====>NRIC/Passport No.: {{nricPassport2}}
2024-11-08 19:21:03.007 | INFO     | modules.Project:text_to_word:1945 - 填充文本 =====>Name: {{buyerName1}}
2024-11-08 19:21:03.010 | INFO     | modules.Project:text_to_word:1980 - 填充文本 =====>Name: {{buyerName1}}
2024-11-08 19:21:03.013 | INFO     | modules.Project:text_to_word:1945 - 填充文本 =====>Name: {{buyerName2}}
2024-11-08 19:21:03.016 | INFO     | modules.Project:text_to_word:1980 - 填充文本 =====>Name: {{buyerName2}}
2024-11-08 19:21:03.020 | INFO     | modules.Project:text_to_word:1945 - 填充文本 =====>NRIC/Passport No.: {{nricPassport1}}
2024-11-08 19:21:03.023 | INFO     | modules.Project:text_to_word:1980 - 填充文本 =====>NRIC/Passport No.: {{nricPassport1}}
2024-11-08 19:21:03.027 | INFO     | modules.Project:text_to_word:1945 - 填充文本 =====>NRIC/Passport No.: {{nricPassport2}}
2024-11-08 19:21:03.030 | INFO     | modules.Project:text_to_word:1980 - 填充文本 =====>NRIC/Passport No.: {{nricPassport2}}
2024-11-08 19:21:04.357 | INFO     | modules.Project:Make_Signature_Files:2005 - WORD 生成完成 ====>>>>>docPath='/tmp.docx' filePath='SignatureFlieoutput.docx' data={'signDate': '02/03/2024', 'buyerList': [{'num': '1', 'buyerName': 'xx1'}, {'num': '2', 'buyerName': 'xx2'}, {'num': '3', 'buyerName': 'xx3'}], 'img1': '/upload/broke/0c5d80359cc5416a9ea953fdebcbfc20/26835e67a63f48aeb31750a3e8385a17/PDIFloorPlanImg/6811f0fdc7a049c483ef1a876fdad3c9.jpg', 'img2': '/upload/broke/0c5d80359cc5416a9ea953fdebcbfc20/26835e67a63f48aeb31750a3e8385a17/PDIFloorPlanImg/94faddd9512148b797c09cf30ac44e1.jpg', 'unitName': '#01-01'}
